#
# A fatal error has been detected by the Java Runtime Environment:
#
#  SIGSEGV (0xb) at pc=0x000000010cee45d1, pid=718, tid=40963
#
# JRE version: OpenJDK Runtime Environment Temurin-21.0.6+7 (21.0.6+7) (build 21.0.6+7-LTS)
# Java VM: OpenJDK 64-Bit Server VM Temurin-21.0.6+7 (21.0.6+7-LTS, mixed mode, sharing, tiered, compressed oops, compressed class ptrs, parallel gc, bsd-amd64)
# Problematic frame:
# V  [libjvm.dylib+0x4285d1]  PhaseIdealLoop::Dominators()+0x6f1
#
# No core dump will be written. Core dumps have been disabled. To enable core dumping, try "ulimit -c unlimited" before starting Java again
#
# If you would like to submit a bug report, please visit:
#   https://github.com/adoptium/adoptium-support/issues
#

---------------  S U M M A R Y ------------

Command Line: --add-modules=ALL-SYSTEM --add-opens=java.base/java.util=ALL-UNNAMED --add-opens=java.base/java.lang=ALL-UNNAMED --add-opens=java.base/sun.nio.fs=ALL-UNNAMED -Declipse.application=org.eclipse.jdt.ls.core.id1 -Dosgi.bundles.defaultStartLevel=4 -Declipse.product=org.eclipse.jdt.ls.core.product -Djava.import.generatesMetadataFilesAtProjectRoot=false -DDetectVMInstallationsJob.disabled=true -Dfile.encoding=utf8 -XX:+UseParallelGC -XX:GCTimeRatio=4 -XX:AdaptiveSizePolicyWeight=90 -Dsun.zip.disableMemoryMapping=true -Xmx1G -Xms100m -Xlog:disable -javaagent:/Users/DORCH/.vscode/extensions/redhat.java-1.41.1-darwin-x64/lombok/lombok-1.18.36.jar -XX:+HeapDumpOnOutOfMemoryError -XX:HeapDumpPath=/Users/DORCH/Library/Application Support/Code/User/workspaceStorage/d66d673c26d7ecf6c09be78263b33477/redhat.java -Daether.dependencyCollector.impl=bf /Users/DORCH/.vscode/extensions/redhat.java-1.41.1-darwin-x64/server/plugins/org.eclipse.equinox.launcher_1.7.0.v20250331-1702.jar -configuration /Users/DORCH/Library/Application Support/Code/User/globalStorage/redhat.java/1.41.1/config_mac -data /Users/DORCH/Library/Application Support/Code/User/workspaceStorage/d66d673c26d7ecf6c09be78263b33477/redhat.java/jdt_ws --pipe=/private/var/folders/75/6dsz66sx1mvcjz4f5gkkvz9r0000gn/T/lsp-a5e26bd204e6d8bf97b1fdf0d91f635e.sock

Host: "MacBookPro12,1" x86_64 2700 MHz, 4 cores, 8G, Darwin 21.6.0, macOS 12.7.3 (21H1015)
Time: Mon May 12 17:57:57 2025 PST elapsed time: 454.960950 seconds (0d 0h 7m 34s)

---------------  T H R E A D  ---------------

Current thread (0x00007fa88f00d000):  JavaThread "C2 CompilerThread0" daemon [_thread_in_native, id=40963, stack(0x000070000cfec000,0x000070000d0ec000) (1024K)]


Current CompileTask:
C2:454961 21430       4       org.jetbrains.java.decompiler.modules.decompiler.sforms.SSAConstructorSparseEx::processExprent (809 bytes)

Stack: [0x000070000cfec000,0x000070000d0ec000],  sp=0x000070000d0e87d0,  free space=1009k
Native frames: (J=compiled Java code, j=interpreted, Vv=VM code, C=native code)
V  [libjvm.dylib+0x4285d1]  PhaseIdealLoop::Dominators()+0x6f1
V  [libjvm.dylib+0x7e3366]  PhaseIdealLoop::build_and_optimize()+0x2e6
V  [libjvm.dylib+0x35a5c6]  PhaseIdealLoop::optimize(PhaseIterGVN&, LoopOptsMode)+0x56
V  [libjvm.dylib+0x3568c2]  Compile::Optimize()+0x9a2
V  [libjvm.dylib+0x354ff5]  Compile::Compile(ciEnv*, ciMethod*, int, Options, DirectiveSet*)+0x1175
V  [libjvm.dylib+0x2a8b40]  C2Compiler::compile_method(ciEnv*, ciMethod*, int, bool, DirectiveSet*)+0x120
V  [libjvm.dylib+0x36676d]  CompileBroker::invoke_compiler_on_method(CompileTask*)+0x57d
V  [libjvm.dylib+0x365f67]  CompileBroker::compiler_thread_loop()+0x3f7
V  [libjvm.dylib+0x58ea89]  JavaThread::thread_main_inner()+0x99
V  [libjvm.dylib+0xb01698]  Thread::call_run()+0xa8
V  [libjvm.dylib+0x8f052e]  thread_native_entry(Thread*)+0x10e
C  [libsystem_pthread.dylib+0x64e1]  _pthread_start+0x7d
C  [libsystem_pthread.dylib+0x1f6b]  thread_start+0xf

siginfo: si_signo: 11 (SIGSEGV), si_code: 1 (SEGV_MAPERR), si_addr: 0x00007fad28a30790

Registers:
RAX=0x00007fa89301f780, RBX=0x00007fa893023e20, RCX=0x00007fa88f2a3f40, RDX=0x00007fa89091f010
RSP=0x000070000d0e87d0, RBP=0x000070000d0e88a0, RSI=0x00000000930222f0, RDI=0x00007fa893035da0
R8 =0x0000000000000001, R9 =0x00007fa893000010, R10=0x000000010d8f9650, R11=0xffffffffffea8580
R12=0x0000000000000050, R13=0x000000000000039a, R14=0x000070000d0e8838, R15=0x000070000d0e8840
RIP=0x000000010cee45d1, EFLAGS=0x0000000000010287, ERR=0x0000000000000006
  TRAPNO=0x000000000000000e


Register to memory mapping:

RAX=0x00007fa89301f780 points into unknown readable memory: 0x00007fa88f2a3f40 | 40 3f 2a 8f a8 7f 00 00
RBX=0x00007fa893023e20 points into unknown readable memory: 0x00007fa89301f7d0 | d0 f7 01 93 a8 7f 00 00
RCX=0x00007fa88f2a3f40 points into unknown readable memory: 0x000000010d8978d0 | d0 78 89 0d 01 00 00 00
RDX=0x00007fa89091f010 points into unknown readable memory: 0x0000000000000000 | 00 00 00 00 00 00 00 00
RSP=0x000070000d0e87d0 is pointing into the stack for thread: 0x00007fa88f00d000
RBP=0x000070000d0e88a0 is pointing into the stack for thread: 0x00007fa88f00d000
RSI=0x00000000930222f0 is an unknown value
RDI=0x00007fa893035da0 points into unknown readable memory: 0x00007fa88faf87c0 | c0 87 af 8f a8 7f 00 00
R8 =0x0000000000000001 is an unknown value
R9 =0x00007fa893000010 points into unknown readable memory: 0x0000000000000000 | 00 00 00 00 00 00 00 00
R10=0x000000010d8f9650: _ZL8tc_mutex+0x18 in /Users/DORCH/.vscode/extensions/redhat.java-1.41.1-darwin-x64/jre/21.0.6-macosx-x86_64/lib/server/libjvm.dylib at 0x000000010cabc000
R11=0xffffffffffea8580 is an unknown value
R12=0x0000000000000050 is an unknown value
R13=0x000000000000039a is an unknown value
R14=0x000070000d0e8838 is pointing into the stack for thread: 0x00007fa88f00d000
R15=0x000070000d0e8840 is pointing into the stack for thread: 0x00007fa88f00d000

Top of Stack: (sp=0x000070000d0e87d0)
0x000070000d0e87d0:   0000000100000100 00007fa88fdcdfa8
0x000070000d0e87e0:   0000700000000100 00007fa88e2129a0
0x000070000d0e87f0:   000070000d0e8800 0000000000000002
0x000070000d0e8800:   0000000000000003 00007fa88e2129a0
0x000070000d0e8810:   00007fa88ff96e00 00007fa88ff9da28
0x000070000d0e8820:   00007fa88ff9ede8 00000000000ad958
0x000070000d0e8830:   0000000000000ac7 00007fa89301f780
0x000070000d0e8840:   00007fa88f2a3f40 00007fa88ff1ee10
0x000070000d0e8850:   00007fa892177160 00000ac700007fd8
0x000070000d0e8860:   00007fa8930000b8 000070000d0e8ba8
0x000070000d0e8870:   00007fa893000010 000070000d0e8ba8
0x000070000d0e8880:   000000000000000a 0000000000000000
0x000070000d0e8890:   0000000000000000 0000000000000000
0x000070000d0e88a0:   000070000d0e8b90 000000010d29f366
0x000070000d0e88b0:   00007fa88f82ba10 00007fa88fef2e00
0x000070000d0e88c0:   00007fa892d98638 0000000000000003
0x000070000d0e88d0:   0000000000000000 0000000000000200
0x000070000d0e88e0:   000070000d0e8950 000000010cef60e4
0x000070000d0e88f0:   000070000d0e8b78 0000000000000001
0x000070000d0e8900:   00007fa88f82ba10 0000000000000403
0x000070000d0e8910:   00007fa892d9f930 030000010d3ac979
0x000070000d0e8920:   0000000000000100 000070000d0e8b58
0x000070000d0e8930:   0000000000000000 0000000000000031
0x000070000d0e8940:   0000000000000124 000070000d0e8988
0x000070000d0e8950:   000070000d0e8a00 000000010cef0ea6
0x000070000d0e8960:   0000000000000000 00000069ed722f87
0x000070000d0e8970:   000070000d0e8901 0000000000000031
0x000070000d0e8980:   000070000d0e8b40 0000000000043cc9
0x000070000d0e8990:   00000069ed76766e 000000010cef4b01
0x000070000d0e89a0:   000070000d0e8b58 000070000d0e8b10
0x000070000d0e89b0:   000070000d0e8b78 0000000000000002
0x000070000d0e89c0:   000000148fde8691 3f32331de4976ec7 

Instructions: (pc=0x000000010cee45d1)
0x000000010cee44d1:   8d 4d 01 41 89 4c 24 18 44 39 e8 0f 87 51 ff ff
0x000000010cee44e1:   ff 4c 89 e7 44 89 ee e8 a3 3e 4a 00 e9 41 ff ff
0x000000010cee44f1:   ff 49 8d 86 e0 00 00 00 48 8b 4d 90 48 8d 0c 89
0x000000010cee4501:   48 c1 e1 04 48 81 c1 60 ff ff ff 31 d2 0f 57 c0
0x000000010cee4511:   eb 1a 66 66 66 66 2e 0f 1f 84 00 00 00 00 00 0f
0x000000010cee4521:   11 04 10 48 83 c2 50 48 39 d1 74 2b 49 8b b4 16
0x000000010cee4531:   d0 00 00 00 41 8b bc 16 a8 00 00 00 48 8d 3c bf
0x000000010cee4541:   48 c1 e7 04 4c 01 f7 48 39 fe 74 d3 48 8b 76 30
0x000000010cee4551:   48 89 74 10 f0 eb c8 49 8b 44 24 10 48 8b 80 e0
0x000000010cee4561:   02 00 00 8b 40 28 48 8b 4d a8 8b 04 81 4c 8d 24
0x000000010cee4571:   80 49 c1 e4 04 4b c7 44 26 30 00 00 00 00 4b c7
0x000000010cee4581:   44 26 10 00 00 00 00 0f 57 c0 43 0f 11 44 26 40
0x000000010cee4591:   8b 45 bc 83 f8 02 0f 8c e1 00 00 00 41 89 c5 48
0x000000010cee45a1:   8b 45 d0 48 8d 58 50 49 ff cd 4c 8d 75 98 4c 8d
0x000000010cee45b1:   7d a0 eb 39 66 66 2e 0f 1f 84 00 00 00 00 00 48
0x000000010cee45c1:   8b 55 c8 48 8b 92 c8 00 00 00 48 8b 33 8b 76 28
0x000000010cee45d1:   48 89 0c f2 48 8b 48 40 48 89 4b 48 48 89 58 40
0x000000010cee45e1:   48 83 c3 50 49 ff cd 0f 84 90 00 00 00 48 8b 43
0x000000010cee45f1:   30 48 89 45 98 48 85 c0 74 55 48 8b 08 48 89 4d
0x000000010cee4601:   a0 48 8b 55 c8 48 8b 52 10 48 3b 8a e0 02 00 00
0x000000010cee4611:   74 ad 8b 51 2c 83 e2 3f 83 fa 20 75 a2 83 79 18
0x000000010cee4621:   02 75 9c 48 8b 45 c8 48 8b 48 38 48 89 df 4c 89
0x000000010cee4631:   f6 4c 89 fa e8 a6 f7 ff ff 48 8b 4d a0 48 8b 45
0x000000010cee4641:   98 e9 79 ff ff ff 66 0f 1f 84 00 00 00 00 00 48
0x000000010cee4651:   8b 4d c8 48 8b 41 10 48 8b 89 c8 00 00 00 48 8b
0x000000010cee4661:   80 e0 02 00 00 8b 40 28 48 c7 04 c1 00 00 00 00
0x000000010cee4671:   48 83 c3 50 49 ff cd 0f 85 70 ff ff ff 4c 8b 7d
0x000000010cee4681:   d0 4d 01 e7 4c 8b 65 c8 49 8b 44 24 10 49 8b 9c
0x000000010cee4691:   24 d0 00 00 00 8b b8 50 02 00 00 ff c7 48 c1 e7
0x000000010cee46a1:   03 45 31 f6 31 f6 e8 a4 ce 54 00 4c 89 38 48 89
0x000000010cee46b1:   c1 48 83 c1 08 48 89 ca 4c 8b bd 70 ff ff ff eb
0x000000010cee46c1:   16 66 66 66 66 66 2e 0f 1f 84 00 00 00 00 00 48 


Stack slot to memory mapping:

stack at sp + 0 slots: 0x0000000100000100 is an unknown value
stack at sp + 1 slots: 0x00007fa88fdcdfa8 points into unknown readable memory: 0xfffffffffffffffd | fd ff ff ff ff ff ff ff
stack at sp + 2 slots: 0x0000700000000100 is an unknown value
stack at sp + 3 slots: 0x00007fa88e2129a0 points into unknown readable memory: 0x0000000000000007 | 07 00 00 00 00 00 00 00
stack at sp + 4 slots: 0x000070000d0e8800 is pointing into the stack for thread: 0x00007fa88f00d000
stack at sp + 5 slots: 0x0000000000000002 is an unknown value
stack at sp + 6 slots: 0x0000000000000003 is an unknown value
stack at sp + 7 slots: 0x00007fa88e2129a0 points into unknown readable memory: 0x0000000000000007 | 07 00 00 00 00 00 00 00


---------------  P R O C E S S  ---------------

Threads class SMR info:
_java_thread_list=0x00007fa8927f54c0, length=33, elements={
0x00007fa88f809000, 0x00007fa88d835400, 0x00007fa88d809e00, 0x00007fa88f80f600,
0x00007fa88f813800, 0x00007fa88f00a200, 0x00007fa88f00d000, 0x00007fa88d833a00,
0x00007fa88e822e00, 0x00007fa88f073200, 0x00007fa88f85cc00, 0x00007fa88f940c00,
0x00007fa88f00b000, 0x00007fa88e81c600, 0x00007fa88da50000, 0x00007fa88daa7000,
0x00007fa88fa66200, 0x00007fa88faed200, 0x00007fa88f1cba00, 0x00007fa88d916200,
0x00007fa88ebef800, 0x00007fa88f177600, 0x00007fa88f85be00, 0x00007fa88f40aa00,
0x00007fa88fcc0600, 0x00007fa88ffe6000, 0x00007fa893bdbc00, 0x00007fa88ec1c600,
0x00007fa88eaeea00, 0x00007fa892e17200, 0x00007fa89446e600, 0x00007fa892f8ee00,
0x00007fa88dcab400
}

Java Threads: ( => current thread )
  0x00007fa88f809000 JavaThread "main"                              [_thread_blocked, id=6147, stack(0x000070000c5cb000,0x000070000c6cb000) (1024K)]
  0x00007fa88d835400 JavaThread "Reference Handler"          daemon [_thread_blocked, id=23299, stack(0x000070000cadd000,0x000070000cbdd000) (1024K)]
  0x00007fa88d809e00 JavaThread "Finalizer"                  daemon [_thread_blocked, id=42499, stack(0x000070000cbe0000,0x000070000cce0000) (1024K)]
  0x00007fa88f80f600 JavaThread "Signal Dispatcher"          daemon [_thread_blocked, id=41987, stack(0x000070000cce3000,0x000070000cde3000) (1024K)]
  0x00007fa88f813800 JavaThread "Service Thread"             daemon [_thread_blocked, id=23555, stack(0x000070000cde6000,0x000070000cee6000) (1024K)]
  0x00007fa88f00a200 JavaThread "Monitor Deflation Thread"   daemon [_thread_blocked, id=41475, stack(0x000070000cee9000,0x000070000cfe9000) (1024K)]
=>0x00007fa88f00d000 JavaThread "C2 CompilerThread0"         daemon [_thread_in_native, id=40963, stack(0x000070000cfec000,0x000070000d0ec000) (1024K)]
  0x00007fa88d833a00 JavaThread "C1 CompilerThread0"         daemon [_thread_blocked, id=24323, stack(0x000070000d0ef000,0x000070000d1ef000) (1024K)]
  0x00007fa88e822e00 JavaThread "Common-Cleaner"             daemon [_thread_blocked, id=24835, stack(0x000070000d1f2000,0x000070000d2f2000) (1024K)]
  0x00007fa88f073200 JavaThread "Notification Thread"        daemon [_thread_blocked, id=25347, stack(0x000070000d2f5000,0x000070000d3f5000) (1024K)]
  0x00007fa88f85cc00 JavaThread "Active Thread: Equinox Container: 12582279-9926-4e61-a0cd-5952d280e1a0"        [_thread_blocked, id=39939, stack(0x000070000d701000,0x000070000d801000) (1024K)]
  0x00007fa88f940c00 JavaThread "Refresh Thread: Equinox Container: 12582279-9926-4e61-a0cd-5952d280e1a0" daemon [_thread_blocked, id=39427, stack(0x000070000d804000,0x000070000d904000) (1024K)]
  0x00007fa88f00b000 JavaThread "Framework Event Dispatcher: Equinox Container: 12582279-9926-4e61-a0cd-5952d280e1a0" daemon [_thread_blocked, id=26627, stack(0x000070000d907000,0x000070000da07000) (1024K)]
  0x00007fa88e81c600 JavaThread "Start Level: Equinox Container: 12582279-9926-4e61-a0cd-5952d280e1a0" daemon [_thread_blocked, id=28931, stack(0x000070000da0a000,0x000070000db0a000) (1024K)]
  0x00007fa88da50000 JavaThread "Bundle File Closer"         daemon [_thread_blocked, id=85003, stack(0x000070000db90000,0x000070000dc90000) (1024K)]
  0x00007fa88daa7000 JavaThread "SCR Component Actor"        daemon [_thread_blocked, id=46083, stack(0x000070000dc93000,0x000070000dd93000) (1024K)]
  0x00007fa88fa66200 JavaThread "Worker-JM"                         [_thread_blocked, id=83459, stack(0x000070000de99000,0x000070000df99000) (1024K)]
  0x00007fa88faed200 JavaThread "Worker-3"                          [_thread_blocked, id=47107, stack(0x000070000e2a5000,0x000070000e3a5000) (1024K)]
  0x00007fa88f1cba00 JavaThread "Java indexing"              daemon [_thread_blocked, id=82179, stack(0x000070000e3a8000,0x000070000e4a8000) (1024K)]
  0x00007fa88d916200 JavaThread "Worker-4"                          [_thread_blocked, id=22535, stack(0x000070000e4ab000,0x000070000e5ab000) (1024K)]
  0x00007fa88ebef800 JavaThread "pool-2-thread-1"                   [_thread_blocked, id=47875, stack(0x000070000e6b1000,0x000070000e7b1000) (1024K)]
  0x00007fa88f177600 JavaThread "WorkspaceEventsHandler"            [_thread_blocked, id=80899, stack(0x000070000e7b4000,0x000070000e8b4000) (1024K)]
  0x00007fa88f85be00 JavaThread "pool-1-thread-1"                   [_thread_in_native, id=48131, stack(0x000070000e8b7000,0x000070000e9b7000) (1024K)]
  0x00007fa88f40aa00 JavaThread "Compiler Source File Reader" daemon [_thread_blocked, id=79619, stack(0x000070000ecc3000,0x000070000edc3000) (1024K)]
  0x00007fa88fcc0600 JavaThread "Compiler Source File Reader" daemon [_thread_blocked, id=79363, stack(0x000070000edc6000,0x000070000eec6000) (1024K)]
  0x00007fa88ffe6000 JavaThread "Attach Listener"            daemon [_thread_blocked, id=50179, stack(0x000070000f1d2000,0x000070000f2d2000) (1024K)]
  0x00007fa893bdbc00 JavaThread "ForkJoinPool.commonPool-worker-1" daemon [_thread_blocked, id=50435, stack(0x000070000f2d5000,0x000070000f3d5000) (1024K)]
  0x00007fa88ec1c600 JavaThread "ForkJoinPool.commonPool-worker-3" daemon [_thread_blocked, id=77315, stack(0x000070000f4db000,0x000070000f5db000) (1024K)]
  0x00007fa88eaeea00 JavaThread "Cleaner-0"                  daemon [_thread_blocked, id=83975, stack(0x000070000f5de000,0x000070000f6de000) (1024K)]
  0x00007fa892e17200 JavaThread "ForkJoinPool.commonPool-worker-4" daemon [_thread_blocked, id=82447, stack(0x000070000dd96000,0x000070000de96000) (1024K)]
  0x00007fa89446e600 JavaThread "Worker-6"                          [_thread_blocked, id=83727, stack(0x000070000e09f000,0x000070000e19f000) (1024K)]
  0x00007fa892f8ee00 JavaThread "Worker-7"                          [_thread_blocked, id=82707, stack(0x000070000e1a2000,0x000070000e2a2000) (1024K)]
  0x00007fa88dcab400 JavaThread "Worker-8"                          [_thread_blocked, id=78611, stack(0x000070000df9c000,0x000070000e09c000) (1024K)]
Total: 33

Other Threads:
  0x00007fa88d70cf00 VMThread "VM Thread"                           [id=19203, stack(0x000070000c8d4000,0x000070000c9d4000) (1024K)]
  0x00007fa88e114ff0 WatcherThread "VM Periodic Task Thread"        [id=19971, stack(0x000070000c7d1000,0x000070000c8d1000) (1024K)]
  0x00007fa88d708a40 WorkerThread "GC Thread#0"                     [id=12291, stack(0x000070000c6ce000,0x000070000c7ce000) (1024K)]
  0x00007fa88d762850 WorkerThread "GC Thread#1"                     [id=25603, stack(0x000070000d3f8000,0x000070000d4f8000) (1024K)]
  0x00007fa88d765650 WorkerThread "GC Thread#2"                     [id=40195, stack(0x000070000d4fb000,0x000070000d5fb000) (1024K)]
  0x00007fa88e264b70 WorkerThread "GC Thread#3"                     [id=26115, stack(0x000070000d5fe000,0x000070000d6fe000) (1024K)]
Total: 6

Threads with active compile tasks:
C2 CompilerThread0  454976 21430       4       org.jetbrains.java.decompiler.modules.decompiler.sforms.SSAConstructorSparseEx::processExprent (809 bytes)
Total: 1

VM state: not at safepoint (normal execution)

VM Mutex/Monitor currently owned by a thread: None

Heap address: 0x00000007c0000000, size: 1024 MB, Compressed Oops mode: Zero based, Oop shift amount: 3

CDS archive(s) mapped at: [0x0000000123000000-0x0000000123bab000-0x0000000123bab000), size 12234752, SharedBaseAddress: 0x0000000123000000, ArchiveRelocationMode: 1.
Compressed class space mapped at: 0x0000000124000000-0x0000000164000000, reserved size: 1073741824
Narrow klass base: 0x0000000123000000, Narrow klass shift: 0, Narrow klass range: 0x100000000

GC Precious Log:
 CardTable entry size: 512
 CPUs: 4 total, 4 available
 Memory: 8192M
 Large Page Support: Disabled
 NUMA Support: Disabled
 Compressed Oops: Enabled (Zero based)
 Alignments: Space 512K, Generation 512K, Heap 2M
 Heap Min Capacity: 100M
 Heap Initial Capacity: 100M
 Heap Max Capacity: 1G
 Pre-touch: Disabled
 Parallel Workers: 4

Heap:
 PSYoungGen      total 12288K, used 10656K [0x00000007eab00000, 0x00000007eb880000, 0x0000000800000000)
  eden space 10752K, 88% used [0x00000007eab00000,0x00000007eb43e9e0,0x00000007eb580000)
  from space 1536K, 77% used [0x00000007eb580000,0x00000007eb6a96c0,0x00000007eb700000)
  to   space 1536K, 0% used [0x00000007eb700000,0x00000007eb700000,0x00000007eb880000)
 ParOldGen       total 295424K, used 184870K [0x00000007c0000000, 0x00000007d2080000, 0x00000007eab00000)
  object space 295424K, 62% used [0x00000007c0000000,0x00000007cb489950,0x00000007d2080000)
 Metaspace       used 86154K, committed 87680K, reserved 1179648K
  class space    used 8597K, committed 9280K, reserved 1048576K

Card table byte_map: [0x0000000109385000,0x0000000109586000] _byte_map_base: 0x0000000105585000

Marking Bits: (ParMarkBitMap*) 0x000000010d92b7b0
 Begin Bits: [0x000000010ddd8000, 0x000000010edd8000)
 End Bits:   [0x000000010edd8000, 0x000000010fdd8000)

Polling page: 0x00000001090ab000

Metaspace:

Usage:
  Non-class:     75.74 MB used.
      Class:      8.40 MB used.
       Both:     84.14 MB used.

Virtual space:
  Non-class space:      128.00 MB reserved,      76.56 MB ( 60%) committed,  2 nodes.
      Class space:        1.00 GB reserved,       9.06 MB ( <1%) committed,  1 nodes.
             Both:        1.12 GB reserved,      85.62 MB (  7%) committed. 

Chunk freelists:
   Non-Class:  2.84 MB
       Class:  6.75 MB
        Both:  9.59 MB

MaxMetaspaceSize: unlimited
CompressedClassSpaceSize: 1.00 GB
Initial GC threshold: 21.00 MB
Current GC threshold: 132.31 MB
CDS: on
 - commit_granule_bytes: 65536.
 - commit_granule_words: 8192.
 - virtual_space_node_default_size: 8388608.
 - enlarge_chunks_in_place: 1.
 - use_allocation_guard: 0.


Internal statistics:

num_allocs_failed_limit: 9.
num_arena_births: 1478.
num_arena_deaths: 24.
num_vsnodes_births: 3.
num_vsnodes_deaths: 0.
num_space_committed: 1370.
num_space_uncommitted: 0.
num_chunks_returned_to_freelist: 38.
num_chunks_taken_from_freelist: 5436.
num_chunk_merges: 17.
num_chunk_splits: 3303.
num_chunks_enlarged: 1843.
num_inconsistent_stats: 0.

CodeHeap 'non-profiled nmethods': size=120032Kb used=15487Kb max_used=15487Kb free=104545Kb
 bounds [0x000000011b17c000, 0x000000011c09c000, 0x00000001226b4000]
CodeHeap 'profiled nmethods': size=120028Kb used=50867Kb max_used=50867Kb free=69160Kb
 bounds [0x00000001136b4000, 0x0000000116864000, 0x000000011abeb000]
CodeHeap 'non-nmethods': size=5700Kb used=1507Kb max_used=1581Kb free=4192Kb
 bounds [0x000000011abeb000, 0x000000011ae5b000, 0x000000011b17c000]
 total_blobs=20336 nmethods=19502 adapters=737
 compilation: enabled
              stopped_count=0, restarted_count=0
 full_count=0

Compilation events (20 events):
Event: 454.680 Thread 0x00007fa88f00d000 nmethod 21802 0x000000011c091e90 code [0x000000011c092100, 0x000000011c092920]
Event: 454.680 Thread 0x00007fa88f00d000 21803       4       org.eclipse.jdt.internal.compiler.lookup.LookupEnvironment::getTypeFromConstantPoolName (111 bytes)
Event: 454.689 Thread 0x00007fa88f00d000 nmethod 21803 0x000000011c093110 code [0x000000011c0933a0, 0x000000011c093c18]
Event: 454.689 Thread 0x00007fa88f00d000 21804       4       org.eclipse.jdt.internal.compiler.lookup.LookupEnvironment::getTypeFromConstantPoolName (15 bytes)
Event: 454.701 Thread 0x00007fa88f00d000 nmethod 21804 0x000000011c094510 code [0x000000011c0947a0, 0x000000011c094fd8]
Event: 454.701 Thread 0x00007fa88f00d000 21300       4       org.jetbrains.java.decompiler.util.SFormsFastMapDirect::<init> (110 bytes)
Event: 454.714 Thread 0x00007fa88f00d000 nmethod 21300 0x000000011c095890 code [0x000000011c095aa0, 0x000000011c096b38]
Event: 454.714 Thread 0x00007fa88f00d000 21352       4       org.jetbrains.java.decompiler.util.SFormsFastMapDirect::removeAllFields (58 bytes)
Event: 454.718 Thread 0x00007fa88f00d000 nmethod 21352 0x000000011c097090 code [0x000000011c097220, 0x000000011c0974b0]
Event: 454.718 Thread 0x00007fa88f00d000 21439       4       org.jetbrains.java.decompiler.util.FastSparseSetFactory$FastSparseSet::getCardinality (65 bytes)
Event: 454.720 Thread 0x00007fa88f00d000 nmethod 21439 0x000000011c097610 code [0x000000011c0977a0, 0x000000011c097980]
Event: 454.720 Thread 0x00007fa88f00d000 21305       4       org.jetbrains.java.decompiler.util.SFormsFastMapDirect::entryList (112 bytes)
Event: 454.728 Thread 0x00007fa88f00d000 nmethod 21305 0x000000011c097a90 code [0x000000011c097c80, 0x000000011c098408]
Event: 454.728 Thread 0x00007fa88f00d000 21267       4       org.jetbrains.java.decompiler.modules.decompiler.stats.Statement::containsStatementStrict (55 bytes)
Event: 454.748 Thread 0x00007fa88f00d000 nmethod 21267 0x000000011c098910 code [0x000000011c098b00, 0x000000011c099538]
Event: 454.748 Thread 0x00007fa88f00d000 21459       4       org.jetbrains.java.decompiler.modules.decompiler.vars.VarVersionNode::getPredecessorNodes (62 bytes)
Event: 454.771 Thread 0x00007fa88f00d000 nmethod 21459 0x000000011c099e10 code [0x000000011c09a080, 0x000000011c09ae90]
Event: 454.771 Thread 0x00007fa88f00d000 21372       4       org.jetbrains.java.decompiler.util.FastFixedSetFactory$FastFixedSetIterator::getNextIndex (95 bytes)
Event: 454.773 Thread 0x00007fa88f00d000 nmethod 21372 0x000000011c09b790 code [0x000000011c09b920, 0x000000011c09bb28]
Event: 454.773 Thread 0x00007fa88f00d000 21430       4       org.jetbrains.java.decompiler.modules.decompiler.sforms.SSAConstructorSparseEx::processExprent (809 bytes)

GC Heap History (20 events):
Event: 448.614 GC heap before
{Heap before GC invocations=598 (full 4):
 PSYoungGen      total 11776K, used 11648K [0x00000007eab00000, 0x00000007eb880000, 0x0000000800000000)
  eden space 11264K, 100% used [0x00000007eab00000,0x00000007eb600000,0x00000007eb600000)
  from space 512K, 75% used [0x00000007eb780000,0x00000007eb7e0000,0x00000007eb800000)
  to   space 512K, 0% used [0x00000007eb800000,0x00000007eb800000,0x00000007eb880000)
 ParOldGen       total 295424K, used 180732K [0x00000007c0000000, 0x00000007d2080000, 0x00000007eab00000)
  object space 295424K, 61% used [0x00000007c0000000,0x00000007cb07f150,0x00000007d2080000)
 Metaspace       used 84437K, committed 85952K, reserved 1179648K
  class space    used 8395K, committed 9088K, reserved 1048576K
}
Event: 448.632 GC heap after
{Heap after GC invocations=598 (full 4):
 PSYoungGen      total 11776K, used 512K [0x00000007eab00000, 0x00000007eb880000, 0x0000000800000000)
  eden space 11264K, 0% used [0x00000007eab00000,0x00000007eab00000,0x00000007eb600000)
  from space 512K, 100% used [0x00000007eb800000,0x00000007eb880000,0x00000007eb880000)
  to   space 1024K, 0% used [0x00000007eb680000,0x00000007eb680000,0x00000007eb780000)
 ParOldGen       total 295424K, used 180948K [0x00000007c0000000, 0x00000007d2080000, 0x00000007eab00000)
  object space 295424K, 61% used [0x00000007c0000000,0x00000007cb0b5150,0x00000007d2080000)
 Metaspace       used 84437K, committed 85952K, reserved 1179648K
  class space    used 8395K, committed 9088K, reserved 1048576K
}
Event: 448.674 GC heap before
{Heap before GC invocations=599 (full 4):
 PSYoungGen      total 11776K, used 11776K [0x00000007eab00000, 0x00000007eb880000, 0x0000000800000000)
  eden space 11264K, 100% used [0x00000007eab00000,0x00000007eb600000,0x00000007eb600000)
  from space 512K, 100% used [0x00000007eb800000,0x00000007eb880000,0x00000007eb880000)
  to   space 1024K, 0% used [0x00000007eb680000,0x00000007eb680000,0x00000007eb780000)
 ParOldGen       total 295424K, used 180948K [0x00000007c0000000, 0x00000007d2080000, 0x00000007eab00000)
  object space 295424K, 61% used [0x00000007c0000000,0x00000007cb0b5150,0x00000007d2080000)
 Metaspace       used 84440K, committed 85952K, reserved 1179648K
  class space    used 8395K, committed 9088K, reserved 1048576K
}
Event: 448.687 GC heap after
{Heap after GC invocations=599 (full 4):
 PSYoungGen      total 12288K, used 256K [0x00000007eab00000, 0x00000007eb880000, 0x0000000800000000)
  eden space 11264K, 0% used [0x00000007eab00000,0x00000007eab00000,0x00000007eb600000)
  from space 1024K, 25% used [0x00000007eb680000,0x00000007eb6c0000,0x00000007eb780000)
  to   space 512K, 0% used [0x00000007eb800000,0x00000007eb800000,0x00000007eb880000)
 ParOldGen       total 295424K, used 181268K [0x00000007c0000000, 0x00000007d2080000, 0x00000007eab00000)
  object space 295424K, 61% used [0x00000007c0000000,0x00000007cb105150,0x00000007d2080000)
 Metaspace       used 84440K, committed 85952K, reserved 1179648K
  class space    used 8395K, committed 9088K, reserved 1048576K
}
Event: 448.760 GC heap before
{Heap before GC invocations=600 (full 4):
 PSYoungGen      total 12288K, used 11520K [0x00000007eab00000, 0x00000007eb880000, 0x0000000800000000)
  eden space 11264K, 100% used [0x00000007eab00000,0x00000007eb600000,0x00000007eb600000)
  from space 1024K, 25% used [0x00000007eb680000,0x00000007eb6c0000,0x00000007eb780000)
  to   space 512K, 0% used [0x00000007eb800000,0x00000007eb800000,0x00000007eb880000)
 ParOldGen       total 295424K, used 181268K [0x00000007c0000000, 0x00000007d2080000, 0x00000007eab00000)
  object space 295424K, 61% used [0x00000007c0000000,0x00000007cb105150,0x00000007d2080000)
 Metaspace       used 84449K, committed 85952K, reserved 1179648K
  class space    used 8395K, committed 9088K, reserved 1048576K
}
Event: 448.764 GC heap after
{Heap after GC invocations=600 (full 4):
 PSYoungGen      total 11776K, used 288K [0x00000007eab00000, 0x00000007eb880000, 0x0000000800000000)
  eden space 11264K, 0% used [0x00000007eab00000,0x00000007eab00000,0x00000007eb600000)
  from space 512K, 56% used [0x00000007eb800000,0x00000007eb848000,0x00000007eb880000)
  to   space 512K, 0% used [0x00000007eb780000,0x00000007eb780000,0x00000007eb800000)
 ParOldGen       total 295424K, used 181428K [0x00000007c0000000, 0x00000007d2080000, 0x00000007eab00000)
  object space 295424K, 61% used [0x00000007c0000000,0x00000007cb12d150,0x00000007d2080000)
 Metaspace       used 84449K, committed 85952K, reserved 1179648K
  class space    used 8395K, committed 9088K, reserved 1048576K
}
Event: 448.825 GC heap before
{Heap before GC invocations=601 (full 4):
 PSYoungGen      total 11776K, used 11552K [0x00000007eab00000, 0x00000007eb880000, 0x0000000800000000)
  eden space 11264K, 100% used [0x00000007eab00000,0x00000007eb600000,0x00000007eb600000)
  from space 512K, 56% used [0x00000007eb800000,0x00000007eb848000,0x00000007eb880000)
  to   space 512K, 0% used [0x00000007eb780000,0x00000007eb780000,0x00000007eb800000)
 ParOldGen       total 295424K, used 181428K [0x00000007c0000000, 0x00000007d2080000, 0x00000007eab00000)
  object space 295424K, 61% used [0x00000007c0000000,0x00000007cb12d150,0x00000007d2080000)
 Metaspace       used 84451K, committed 85952K, reserved 1179648K
  class space    used 8395K, committed 9088K, reserved 1048576K
}
Event: 448.835 GC heap after
{Heap after GC invocations=601 (full 4):
 PSYoungGen      total 11776K, used 512K [0x00000007eab00000, 0x00000007eb900000, 0x0000000800000000)
  eden space 11264K, 0% used [0x00000007eab00000,0x00000007eab00000,0x00000007eb600000)
  from space 512K, 100% used [0x00000007eb780000,0x00000007eb800000,0x00000007eb800000)
  to   space 1024K, 0% used [0x00000007eb800000,0x00000007eb800000,0x00000007eb900000)
 ParOldGen       total 295424K, used 181892K [0x00000007c0000000, 0x00000007d2080000, 0x00000007eab00000)
  object space 295424K, 61% used [0x00000007c0000000,0x00000007cb1a1150,0x00000007d2080000)
 Metaspace       used 84451K, committed 85952K, reserved 1179648K
  class space    used 8395K, committed 9088K, reserved 1048576K
}
Event: 448.893 GC heap before
{Heap before GC invocations=602 (full 4):
 PSYoungGen      total 11776K, used 11776K [0x00000007eab00000, 0x00000007eb900000, 0x0000000800000000)
  eden space 11264K, 100% used [0x00000007eab00000,0x00000007eb600000,0x00000007eb600000)
  from space 512K, 100% used [0x00000007eb780000,0x00000007eb800000,0x00000007eb800000)
  to   space 1024K, 0% used [0x00000007eb800000,0x00000007eb800000,0x00000007eb900000)
 ParOldGen       total 295424K, used 181892K [0x00000007c0000000, 0x00000007d2080000, 0x00000007eab00000)
  object space 295424K, 61% used [0x00000007c0000000,0x00000007cb1a1150,0x00000007d2080000)
 Metaspace       used 84451K, committed 85952K, reserved 1179648K
  class space    used 8395K, committed 9088K, reserved 1048576K
}
Event: 448.905 GC heap after
{Heap after GC invocations=602 (full 4):
 PSYoungGen      total 11776K, used 224K [0x00000007eab00000, 0x00000007eb880000, 0x0000000800000000)
  eden space 11264K, 0% used [0x00000007eab00000,0x00000007eab00000,0x00000007eb600000)
  from space 512K, 43% used [0x00000007eb800000,0x00000007eb838000,0x00000007eb880000)
  to   space 512K, 0% used [0x00000007eb780000,0x00000007eb780000,0x00000007eb800000)
 ParOldGen       total 295424K, used 182028K [0x00000007c0000000, 0x00000007d2080000, 0x00000007eab00000)
  object space 295424K, 61% used [0x00000007c0000000,0x00000007cb1c3150,0x00000007d2080000)
 Metaspace       used 84451K, committed 85952K, reserved 1179648K
  class space    used 8395K, committed 9088K, reserved 1048576K
}
Event: 449.041 GC heap before
{Heap before GC invocations=603 (full 4):
 PSYoungGen      total 11776K, used 11488K [0x00000007eab00000, 0x00000007eb880000, 0x0000000800000000)
  eden space 11264K, 100% used [0x00000007eab00000,0x00000007eb600000,0x00000007eb600000)
  from space 512K, 43% used [0x00000007eb800000,0x00000007eb838000,0x00000007eb880000)
  to   space 512K, 0% used [0x00000007eb780000,0x00000007eb780000,0x00000007eb800000)
 ParOldGen       total 295424K, used 182028K [0x00000007c0000000, 0x00000007d2080000, 0x00000007eab00000)
  object space 295424K, 61% used [0x00000007c0000000,0x00000007cb1c3150,0x00000007d2080000)
 Metaspace       used 85028K, committed 86592K, reserved 1179648K
  class space    used 8450K, committed 9152K, reserved 1048576K
}
Event: 449.054 GC heap after
{Heap after GC invocations=603 (full 4):
 PSYoungGen      total 11776K, used 480K [0x00000007eab00000, 0x00000007eb880000, 0x0000000800000000)
  eden space 11264K, 0% used [0x00000007eab00000,0x00000007eab00000,0x00000007eb600000)
  from space 512K, 93% used [0x00000007eb780000,0x00000007eb7f8018,0x00000007eb800000)
  to   space 512K, 0% used [0x00000007eb800000,0x00000007eb800000,0x00000007eb880000)
 ParOldGen       total 295424K, used 182188K [0x00000007c0000000, 0x00000007d2080000, 0x00000007eab00000)
  object space 295424K, 61% used [0x00000007c0000000,0x00000007cb1eb150,0x00000007d2080000)
 Metaspace       used 85028K, committed 86592K, reserved 1179648K
  class space    used 8450K, committed 9152K, reserved 1048576K
}
Event: 449.170 GC heap before
{Heap before GC invocations=604 (full 4):
 PSYoungGen      total 11776K, used 11744K [0x00000007eab00000, 0x00000007eb880000, 0x0000000800000000)
  eden space 11264K, 100% used [0x00000007eab00000,0x00000007eb600000,0x00000007eb600000)
  from space 512K, 93% used [0x00000007eb780000,0x00000007eb7f8018,0x00000007eb800000)
  to   space 512K, 0% used [0x00000007eb800000,0x00000007eb800000,0x00000007eb880000)
 ParOldGen       total 295424K, used 182188K [0x00000007c0000000, 0x00000007d2080000, 0x00000007eab00000)
  object space 295424K, 61% used [0x00000007c0000000,0x00000007cb1eb150,0x00000007d2080000)
 Metaspace       used 85809K, committed 87296K, reserved 1179648K
  class space    used 8547K, committed 9216K, reserved 1048576K
}
Event: 449.178 GC heap after
{Heap after GC invocations=604 (full 4):
 PSYoungGen      total 11776K, used 416K [0x00000007eab00000, 0x00000007eb880000, 0x0000000800000000)
  eden space 11264K, 0% used [0x00000007eab00000,0x00000007eab00000,0x00000007eb600000)
  from space 512K, 81% used [0x00000007eb800000,0x00000007eb868018,0x00000007eb880000)
  to   space 512K, 0% used [0x00000007eb780000,0x00000007eb780000,0x00000007eb800000)
 ParOldGen       total 295424K, used 182540K [0x00000007c0000000, 0x00000007d2080000, 0x00000007eab00000)
  object space 295424K, 61% used [0x00000007c0000000,0x00000007cb243150,0x00000007d2080000)
 Metaspace       used 85809K, committed 87296K, reserved 1179648K
  class space    used 8547K, committed 9216K, reserved 1048576K
}
Event: 449.269 GC heap before
{Heap before GC invocations=605 (full 4):
 PSYoungGen      total 11776K, used 11680K [0x00000007eab00000, 0x00000007eb880000, 0x0000000800000000)
  eden space 11264K, 100% used [0x00000007eab00000,0x00000007eb600000,0x00000007eb600000)
  from space 512K, 81% used [0x00000007eb800000,0x00000007eb868018,0x00000007eb880000)
  to   space 512K, 0% used [0x00000007eb780000,0x00000007eb780000,0x00000007eb800000)
 ParOldGen       total 295424K, used 182540K [0x00000007c0000000, 0x00000007d2080000, 0x00000007eab00000)
  object space 295424K, 61% used [0x00000007c0000000,0x00000007cb243150,0x00000007d2080000)
 Metaspace       used 85967K, committed 87424K, reserved 1179648K
  class space    used 8569K, committed 9280K, reserved 1048576K
}
Event: 449.282 GC heap after
{Heap after GC invocations=605 (full 4):
 PSYoungGen      total 11776K, used 496K [0x00000007eab00000, 0x00000007eb880000, 0x0000000800000000)
  eden space 11264K, 0% used [0x00000007eab00000,0x00000007eab00000,0x00000007eb600000)
  from space 512K, 96% used [0x00000007eb780000,0x00000007eb7fc010,0x00000007eb800000)
  to   space 512K, 0% used [0x00000007eb800000,0x00000007eb800000,0x00000007eb880000)
 ParOldGen       total 295424K, used 182940K [0x00000007c0000000, 0x00000007d2080000, 0x00000007eab00000)
  object space 295424K, 61% used [0x00000007c0000000,0x00000007cb2a7170,0x00000007d2080000)
 Metaspace       used 85967K, committed 87424K, reserved 1179648K
  class space    used 8569K, committed 9280K, reserved 1048576K
}
Event: 449.345 GC heap before
{Heap before GC invocations=606 (full 4):
 PSYoungGen      total 11776K, used 11760K [0x00000007eab00000, 0x00000007eb880000, 0x0000000800000000)
  eden space 11264K, 100% used [0x00000007eab00000,0x00000007eb600000,0x00000007eb600000)
  from space 512K, 96% used [0x00000007eb780000,0x00000007eb7fc010,0x00000007eb800000)
  to   space 512K, 0% used [0x00000007eb800000,0x00000007eb800000,0x00000007eb880000)
 ParOldGen       total 295424K, used 182940K [0x00000007c0000000, 0x00000007d2080000, 0x00000007eab00000)
  object space 295424K, 61% used [0x00000007c0000000,0x00000007cb2a7170,0x00000007d2080000)
 Metaspace       used 86064K, committed 87616K, reserved 1179648K
  class space    used 8589K, committed 9280K, reserved 1048576K
}
Event: 449.359 GC heap after
{Heap after GC invocations=606 (full 4):
 PSYoungGen      total 11264K, used 507K [0x00000007eab00000, 0x00000007ebb00000, 0x0000000800000000)
  eden space 10752K, 0% used [0x00000007eab00000,0x00000007eab00000,0x00000007eb580000)
  from space 512K, 99% used [0x00000007eb800000,0x00000007eb87ed98,0x00000007eb880000)
  to   space 2560K, 0% used [0x00000007eb580000,0x00000007eb580000,0x00000007eb800000)
 ParOldGen       total 295424K, used 184338K [0x00000007c0000000, 0x00000007d2080000, 0x00000007eab00000)
  object space 295424K, 62% used [0x00000007c0000000,0x00000007cb404bb8,0x00000007d2080000)
 Metaspace       used 86064K, committed 87616K, reserved 1179648K
  class space    used 8589K, committed 9280K, reserved 1048576K
}
Event: 449.682 GC heap before
{Heap before GC invocations=607 (full 4):
 PSYoungGen      total 11264K, used 11259K [0x00000007eab00000, 0x00000007ebb00000, 0x0000000800000000)
  eden space 10752K, 100% used [0x00000007eab00000,0x00000007eb580000,0x00000007eb580000)
  from space 512K, 99% used [0x00000007eb800000,0x00000007eb87ed98,0x00000007eb880000)
  to   space 2560K, 0% used [0x00000007eb580000,0x00000007eb580000,0x00000007eb800000)
 ParOldGen       total 295424K, used 184338K [0x00000007c0000000, 0x00000007d2080000, 0x00000007eab00000)
  object space 295424K, 62% used [0x00000007c0000000,0x00000007cb404bb8,0x00000007d2080000)
 Metaspace       used 86139K, committed 87680K, reserved 1179648K
  class space    used 8597K, committed 9280K, reserved 1048576K
}
Event: 449.697 GC heap after
{Heap after GC invocations=607 (full 4):
 PSYoungGen      total 12288K, used 1189K [0x00000007eab00000, 0x00000007eb880000, 0x0000000800000000)
  eden space 10752K, 0% used [0x00000007eab00000,0x00000007eab00000,0x00000007eb580000)
  from space 1536K, 77% used [0x00000007eb580000,0x00000007eb6a96c0,0x00000007eb700000)
  to   space 1536K, 0% used [0x00000007eb700000,0x00000007eb700000,0x00000007eb880000)
 ParOldGen       total 295424K, used 184870K [0x00000007c0000000, 0x00000007d2080000, 0x00000007eab00000)
  object space 295424K, 62% used [0x00000007c0000000,0x00000007cb489950,0x00000007d2080000)
 Metaspace       used 86139K, committed 87680K, reserved 1179648K
  class space    used 8597K, committed 9280K, reserved 1048576K
}

Dll operation events (20 events):
Event: 0.361 Loaded shared library /Users/DORCH/.vscode/extensions/redhat.java-1.41.1-darwin-x64/jre/21.0.6-macosx-x86_64/lib/libzip.dylib
Event: 0.560 Loaded shared library /Users/DORCH/.vscode/extensions/redhat.java-1.41.1-darwin-x64/jre/21.0.6-macosx-x86_64/lib/libjimage.dylib
Event: 0.785 Loaded shared library /Users/DORCH/.vscode/extensions/redhat.java-1.41.1-darwin-x64/jre/21.0.6-macosx-x86_64/lib/libverify.dylib
Event: 3.131 Loaded shared library /Users/DORCH/.vscode/extensions/redhat.java-1.41.1-darwin-x64/jre/21.0.6-macosx-x86_64/lib/libnet.dylib
Event: 4.853 Loaded shared library /Users/DORCH/Library/Application Support/Code/User/globalStorage/redhat.java/1.41.1/config_mac/org.eclipse.equinox.launcher/org.eclipse.equinox.launcher.cocoa.macosx.x86_64_1.2.1300.v20250331-1702/eclipse_11911.so
Event: 8.354 Loading shared library /Users/DORCH/.vscode/extensions/redhat.java-1.41.1-darwin-x64/jre/21.0.6-macosx-x86_64/lib/libunixfile_1_0_0.dylib failed, dlopen(/Users/DORCH/.vscode/extensions/redhat.java-1.41.1-darwin-x64/jre/21.0.6-macosx-x86_64/lib/libunixfile
Event: 8.355 Loading shared library /Users/DORCH/.vscode/extensions/redhat.java-1.41.1-darwin-x64/jre/21.0.6-macosx-x86_64/lib/libunixfile_1_0_0.jnilib failed, dlopen(/Users/DORCH/.vscode/extensions/redhat.java-1.41.1-darwin-x64/jre/21.0.6-macosx-x86_64/lib/libunixfil
Event: 8.355 Loading shared library /Users/DORCH/Library/Java/Extensions/libunixfile_1_0_0.dylib failed, dlopen(/Users/DORCH/Library/Java/Extensions/libunixfile_1_0_0.dylib, 0x0001): tried: '/Users/DORCH/Library/Java/Extensions/libunixfile_1_0_0.dylib' (no such file)
Event: 8.355 Loading shared library /Users/DORCH/Library/Java/Extensions/libunixfile_1_0_0.jnilib failed, dlopen(/Users/DORCH/Library/Java/Extensions/libunixfile_1_0_0.jnilib, 0x0001): tried: '/Users/DORCH/Library/Java/Extensions/libunixfile_1_0_0.jnilib' (no such fil
Event: 8.356 Loading shared library /Library/Java/Extensions/libunixfile_1_0_0.dylib failed, dlopen(/Library/Java/Extensions/libunixfile_1_0_0.dylib, 0x0001): tried: '/Library/Java/Extensions/libunixfile_1_0_0.dylib' (no such file)
Event: 8.356 Loading shared library /Library/Java/Extensions/libunixfile_1_0_0.jnilib failed, dlopen(/Library/Java/Extensions/libunixfile_1_0_0.jnilib, 0x0001): tried: '/Library/Java/Extensions/libunixfile_1_0_0.jnilib' (no such file)
Event: 8.356 Loading shared library /Network/Library/Java/Extensions/libunixfile_1_0_0.dylib failed, dlopen(/Network/Library/Java/Extensions/libunixfile_1_0_0.dylib, 0x0001): tried: '/Network/Library/Java/Extensions/libunixfile_1_0_0.dylib' (no such file)
Event: 8.356 Loading shared library /Network/Library/Java/Extensions/libunixfile_1_0_0.jnilib failed, dlopen(/Network/Library/Java/Extensions/libunixfile_1_0_0.jnilib, 0x0001): tried: '/Network/Library/Java/Extensions/libunixfile_1_0_0.jnilib' (no such file)
Event: 8.357 Loading shared library /System/Library/Java/Extensions/libunixfile_1_0_0.dylib failed, dlopen(/System/Library/Java/Extensions/libunixfile_1_0_0.dylib, 0x0001): tried: '/System/Library/Java/Extensions/libunixfile_1_0_0.dylib' (no such file)
Event: 8.362 Loading shared library /System/Library/Java/Extensions/libunixfile_1_0_0.jnilib failed, dlopen(/System/Library/Java/Extensions/libunixfile_1_0_0.jnilib, 0x0001): tried: '/System/Library/Java/Extensions/libunixfile_1_0_0.jnilib' (no such file)
Event: 8.362 Loading shared library /usr/lib/java/libunixfile_1_0_0.dylib failed, dlopen(/usr/lib/java/libunixfile_1_0_0.dylib, 0x0001): tried: '/usr/lib/java/libunixfile_1_0_0.dylib' (no such file)
Event: 8.363 Loading shared library /usr/lib/java/libunixfile_1_0_0.jnilib failed, dlopen(/usr/lib/java/libunixfile_1_0_0.jnilib, 0x0001): tried: '/usr/lib/java/libunixfile_1_0_0.jnilib' (no such file)
Event: 8.363 Loading shared library /Users/DORCH/vscode-workspace/CC12/libunixfile_1_0_0.dylib failed, dlopen(/Users/DORCH/vscode-workspace/CC12/libunixfile_1_0_0.dylib, 0x0001): tried: '/Users/DORCH/vscode-workspace/CC12/libunixfile_1_0_0.dylib' (no such file)
Event: 8.363 Loading shared library /Users/DORCH/vscode-workspace/CC12/libunixfile_1_0_0.jnilib failed, dlopen(/Users/DORCH/vscode-workspace/CC12/libunixfile_1_0_0.jnilib, 0x0001): tried: '/Users/DORCH/vscode-workspace/CC12/libunixfile_1_0_0.jnilib' (no such file)
Event: 153.491 Loaded shared library /Users/DORCH/.vscode/extensions/redhat.java-1.41.1-darwin-x64/jre/21.0.6-macosx-x86_64/lib/libextnet.dylib

Deoptimization events (20 events):
Event: 449.808 Thread 0x00007fa88ec1c600 Uncommon trap: trap_request=0xffffffde fr.pc=0x000000011be2ee2c relative=0x00000000000006ac
Event: 449.808 Thread 0x00007fa88ec1c600 Uncommon trap: reason=class_check action=maybe_recompile pc=0x000000011be2ee2c method=org.eclipse.jdt.internal.compiler.lookup.MethodBinding.genericSignature()[C @ 114 c2
Event: 449.809 Thread 0x00007fa88ec1c600 DEOPT PACKING pc=0x000000011be2ee2c sp=0x000070000f5d9340
Event: 449.809 Thread 0x00007fa88ec1c600 DEOPT UNPACKING pc=0x000000011ac3e399 sp=0x000070000f5d92e8 mode 2
Event: 449.809 Thread 0x00007fa88ec1c600 Uncommon trap: trap_request=0xffffffde fr.pc=0x000000011be2ee2c relative=0x00000000000006ac
Event: 449.809 Thread 0x00007fa88ec1c600 Uncommon trap: reason=class_check action=maybe_recompile pc=0x000000011be2ee2c method=org.eclipse.jdt.internal.compiler.lookup.MethodBinding.genericSignature()[C @ 114 c2
Event: 449.809 Thread 0x00007fa88ec1c600 DEOPT PACKING pc=0x000000011be2ee2c sp=0x000070000f5d9310
Event: 449.809 Thread 0x00007fa88ec1c600 DEOPT UNPACKING pc=0x000000011ac3e399 sp=0x000070000f5d92b8 mode 2
Event: 449.809 Thread 0x00007fa88ec1c600 Uncommon trap: trap_request=0xffffffde fr.pc=0x000000011be2ee2c relative=0x00000000000006ac
Event: 449.809 Thread 0x00007fa88ec1c600 Uncommon trap: reason=class_check action=maybe_recompile pc=0x000000011be2ee2c method=org.eclipse.jdt.internal.compiler.lookup.MethodBinding.genericSignature()[C @ 114 c2
Event: 449.809 Thread 0x00007fa88ec1c600 DEOPT PACKING pc=0x000000011be2ee2c sp=0x000070000f5d9500
Event: 449.809 Thread 0x00007fa88ec1c600 DEOPT UNPACKING pc=0x000000011ac3e399 sp=0x000070000f5d94a8 mode 2
Event: 449.809 Thread 0x00007fa88ec1c600 Uncommon trap: trap_request=0xffffffde fr.pc=0x000000011be2ee2c relative=0x00000000000006ac
Event: 449.809 Thread 0x00007fa88ec1c600 Uncommon trap: reason=class_check action=maybe_recompile pc=0x000000011be2ee2c method=org.eclipse.jdt.internal.compiler.lookup.MethodBinding.genericSignature()[C @ 114 c2
Event: 449.809 Thread 0x00007fa88ec1c600 DEOPT PACKING pc=0x000000011be2ee2c sp=0x000070000f5d9340
Event: 449.809 Thread 0x00007fa88ec1c600 DEOPT UNPACKING pc=0x000000011ac3e399 sp=0x000070000f5d92e8 mode 2
Event: 449.818 Thread 0x00007fa88ec1c600 Uncommon trap: trap_request=0xffffff45 fr.pc=0x000000011bf00ad0 relative=0x0000000000000330
Event: 449.818 Thread 0x00007fa88ec1c600 Uncommon trap: reason=unstable_if action=reinterpret pc=0x000000011bf00ad0 method=org.eclipse.jdt.core.dom.ASTRecoveryPropagator.endVisitNode(Lorg/eclipse/jdt/core/dom/ASTNode;)V @ 26 c2
Event: 449.818 Thread 0x00007fa88ec1c600 DEOPT PACKING pc=0x000000011bf00ad0 sp=0x000070000f5d9720
Event: 449.818 Thread 0x00007fa88ec1c600 DEOPT UNPACKING pc=0x000000011ac3e399 sp=0x000070000f5d96e8 mode 2

Classes loaded (20 events):
Event: 449.329 Loading class sun/awt/AWTAccessor$SystemTrayAccessor
Event: 449.329 Loading class sun/awt/AWTAccessor$SystemTrayAccessor done
Event: 449.329 Loading class sun/awt/AWTAccessor$InputEventAccessor
Event: 449.329 Loading class sun/awt/AWTAccessor$InputEventAccessor done
Event: 449.329 Loading class sun/awt/AWTAccessor$KeyEventAccessor
Event: 449.329 Loading class sun/awt/AWTAccessor$KeyEventAccessor done
Event: 449.329 Loading class sun/awt/AWTAccessor$AccessibleContextAccessor
Event: 449.329 Loading class sun/awt/AWTAccessor$AccessibleContextAccessor done
Event: 449.329 Loading class sun/awt/AWTAccessor$KeyboardFocusManagerAccessor
Event: 449.329 Loading class sun/awt/AWTAccessor$KeyboardFocusManagerAccessor done
Event: 449.329 Loading class sun/awt/AWTAccessor$FrameAccessor
Event: 449.329 Loading class sun/awt/AWTAccessor$FrameAccessor done
Event: 449.329 Loading class sun/awt/AWTAccessor$ICC_ProfileAccessor
Event: 449.329 Loading class sun/awt/AWTAccessor$ICC_ProfileAccessor done
Event: 449.329 Loading class sun/awt/AWTAccessor$ScrollPaneAdjustableAccessor
Event: 449.330 Loading class sun/awt/AWTAccessor$ScrollPaneAdjustableAccessor done
Event: 449.330 Loading class sun/awt/AWTAccessor$ClientPropertyKeyAccessor
Event: 449.330 Loading class sun/awt/AWTAccessor$ClientPropertyKeyAccessor done
Event: 449.330 Loading class sun/awt/AWTAccessor$SystemColorAccessor
Event: 449.330 Loading class sun/awt/AWTAccessor$SystemColorAccessor done

Classes unloaded (12 events):
Event: 10.109 Thread 0x00007fa88d70cf00 Unloading class 0x000000012419ac00 'java/lang/invoke/LambdaForm$MH+0x000000012419ac00'
Event: 10.109 Thread 0x00007fa88d70cf00 Unloading class 0x000000012419a800 'java/lang/invoke/LambdaForm$MH+0x000000012419a800'
Event: 10.109 Thread 0x00007fa88d70cf00 Unloading class 0x000000012419a400 'java/lang/invoke/LambdaForm$MH+0x000000012419a400'
Event: 10.109 Thread 0x00007fa88d70cf00 Unloading class 0x000000012419a000 'java/lang/invoke/LambdaForm$MH+0x000000012419a000'
Event: 10.109 Thread 0x00007fa88d70cf00 Unloading class 0x0000000124199c00 'java/lang/invoke/LambdaForm$BMH+0x0000000124199c00'
Event: 10.109 Thread 0x00007fa88d70cf00 Unloading class 0x0000000124199800 'java/lang/invoke/LambdaForm$DMH+0x0000000124199800'
Event: 10.109 Thread 0x00007fa88d70cf00 Unloading class 0x0000000124198400 'java/lang/invoke/LambdaForm$DMH+0x0000000124198400'
Event: 12.998 Thread 0x00007fa88d70cf00 Unloading class 0x00000001242c6800 'java/lang/invoke/LambdaForm$MH+0x00000001242c6800'
Event: 12.998 Thread 0x00007fa88d70cf00 Unloading class 0x00000001242c6400 'java/lang/invoke/LambdaForm$MH+0x00000001242c6400'
Event: 12.998 Thread 0x00007fa88d70cf00 Unloading class 0x00000001242c5800 'java/lang/invoke/LambdaForm$MH+0x00000001242c5800'
Event: 12.998 Thread 0x00007fa88d70cf00 Unloading class 0x00000001242c5400 'java/lang/invoke/LambdaForm$MH+0x00000001242c5400'
Event: 12.998 Thread 0x00007fa88d70cf00 Unloading class 0x00000001242c4c00 'java/lang/invoke/LambdaForm$DMH+0x00000001242c4c00'

Classes redefined (0 events):
No events

Internal exceptions (20 events):
Event: 303.104 Thread 0x00007fa88f85be00 Exception <a 'java/lang/ArrayIndexOutOfBoundsException'{0x00000007eadd4168}: Index 5652 out of bounds for length 5652> (0x00000007eadd4168) 
thrown [src/hotspot/share/interpreter/interpreterRuntime.cpp, line 439]
Event: 304.621 Thread 0x00007fa88ec1c600 Exception <a 'java/lang/ArrayIndexOutOfBoundsException'{0x00000007eb264cf0}> (0x00000007eb264cf0) 
thrown [src/hotspot/share/runtime/sharedRuntime.cpp, line 625]
Event: 304.809 Thread 0x00007fa892e17200 Implicit null exception at 0x000000011b6fe6c3 to 0x000000011b6fffcc
Event: 309.095 Thread 0x00007fa892e17200 Exception <a 'java/lang/ArrayIndexOutOfBoundsException'{0x00000007eb2ec050}> (0x00000007eb2ec050) 
thrown [src/hotspot/share/runtime/sharedRuntime.cpp, line 625]
Event: 316.802 Thread 0x00007fa88d916200 Exception <a 'java/lang/NoSuchMethodError'{0x00000007eb15c068}: 'java.lang.Object java.lang.invoke.DirectMethodHandle$Holder.newInvokeSpecial(java.lang.Object, java.lang.Object, java.lang.Object, java.lang.Object, java.lang.Object, java.lang.Object, java.lang.Object, java.lang.Object)'> (0x00000007eb15c068) 
thrown [src/hotspot/share/interpreter/linkResolver.cpp, line 773]
Event: 337.282 Thread 0x00007fa892e17200 Exception <a 'java/lang/ArrayIndexOutOfBoundsException'{0x00000007eb373430}> (0x00000007eb373430) 
thrown [src/hotspot/share/runtime/sharedRuntime.cpp, line 625]
Event: 337.632 Thread 0x00007fa892e17200 Exception <a 'java/lang/ArrayIndexOutOfBoundsException'{0x00000007eb4bda60}> (0x00000007eb4bda60) 
thrown [src/hotspot/share/runtime/sharedRuntime.cpp, line 625]
Event: 339.422 Thread 0x00007fa88ec1c600 Exception <a 'java/lang/ArrayIndexOutOfBoundsException'{0x00000007eb4fb430}> (0x00000007eb4fb430) 
thrown [src/hotspot/share/runtime/sharedRuntime.cpp, line 625]
Event: 344.750 Thread 0x00007fa88ec1c600 Exception <a 'java/lang/ArrayIndexOutOfBoundsException'{0x00000007eadbf688}> (0x00000007eadbf688) 
thrown [src/hotspot/share/runtime/sharedRuntime.cpp, line 625]
Event: 350.755 Thread 0x00007fa88ec1c600 Implicit null exception at 0x000000011be546d1 to 0x000000011be54e38
Event: 370.945 Thread 0x00007fa88ec1c600 Implicit null exception at 0x000000011be59908 to 0x000000011be5ba2c
Event: 372.826 Thread 0x00007fa892e17200 Exception <a 'java/lang/ArrayIndexOutOfBoundsException'{0x00000007eb48b448}> (0x00000007eb48b448) 
thrown [src/hotspot/share/runtime/sharedRuntime.cpp, line 625]
Event: 372.918 Thread 0x00007fa892e17200 Exception <a 'java/lang/ArrayIndexOutOfBoundsException'{0x00000007eb21c718}> (0x00000007eb21c718) 
thrown [src/hotspot/share/runtime/sharedRuntime.cpp, line 625]
Event: 382.404 Thread 0x00007fa893bdbc00 Exception <a 'java/lang/ArrayIndexOutOfBoundsException'{0x00000007eb570d38}> (0x00000007eb570d38) 
thrown [src/hotspot/share/runtime/sharedRuntime.cpp, line 625]
Event: 382.448 Thread 0x00007fa893bdbc00 Exception <a 'java/lang/ArrayIndexOutOfBoundsException'{0x00000007eb003b10}> (0x00000007eb003b10) 
thrown [src/hotspot/share/runtime/sharedRuntime.cpp, line 625]
Event: 388.557 Thread 0x00007fa88ec1c600 Exception <a 'java/lang/ArrayIndexOutOfBoundsException'{0x00000007eb246710}> (0x00000007eb246710) 
thrown [src/hotspot/share/runtime/sharedRuntime.cpp, line 625]
Event: 446.095 Thread 0x00007fa88ec1c600 Exception <a 'java/lang/NoSuchMethodError'{0x00000007eb385f70}: 'int java.lang.invoke.DirectMethodHandle$Holder.invokeSpecial(java.lang.Object, java.lang.Object, java.lang.Object, java.lang.Object, java.lang.Object)'> (0x00000007eb385f70) 
thrown [src/hotspot/share/interpreter/linkResolver.cpp, line 773]
Event: 446.101 Thread 0x00007fa88ec1c600 Implicit null exception at 0x000000011b5c7cda to 0x000000011b5c7d2c
Event: 449.382 Thread 0x00007fa88ec1c600 Implicit null exception at 0x000000011bbc3ca3 to 0x000000011bbc4374
Event: 449.775 Thread 0x00007fa88ec1c600 Implicit null exception at 0x000000011bf535ec to 0x000000011bf59b0c

ZGC Phase Switch (0 events):
No events

VM Operations (20 events):
Event: 449.169 Executing VM operation: ParallelGCFailedAllocation (Allocation Failure)
Event: 449.178 Executing VM operation: ParallelGCFailedAllocation (Allocation Failure) done
Event: 449.269 Executing VM operation: ParallelGCFailedAllocation (Allocation Failure)
Event: 449.282 Executing VM operation: ParallelGCFailedAllocation (Allocation Failure) done
Event: 449.345 Executing VM operation: ParallelGCFailedAllocation (Allocation Failure)
Event: 449.359 Executing VM operation: ParallelGCFailedAllocation (Allocation Failure) done
Event: 449.373 Executing VM operation: HandshakeAllThreads (Deoptimize)
Event: 449.373 Executing VM operation: HandshakeAllThreads (Deoptimize) done
Event: 449.388 Executing VM operation: HandshakeAllThreads (Deoptimize)
Event: 449.388 Executing VM operation: HandshakeAllThreads (Deoptimize) done
Event: 449.420 Executing VM operation: HandshakeAllThreads (Deoptimize)
Event: 449.421 Executing VM operation: HandshakeAllThreads (Deoptimize) done
Event: 449.495 Executing VM operation: HandshakeAllThreads (Deoptimize)
Event: 449.495 Executing VM operation: HandshakeAllThreads (Deoptimize) done
Event: 449.558 Executing VM operation: ICBufferFull
Event: 449.563 Executing VM operation: ICBufferFull done
Event: 449.681 Executing VM operation: ParallelGCFailedAllocation (Allocation Failure)
Event: 449.697 Executing VM operation: ParallelGCFailedAllocation (Allocation Failure) done
Event: 450.698 Executing VM operation: Cleanup
Event: 450.698 Executing VM operation: Cleanup done

Memory protections (20 events):
Event: 308.442 Protecting memory [0x000070000e1a2000,0x000070000e1a6000] with protection modes 0
Event: 309.829 Protecting memory [0x000070000df9c000,0x000070000dfa0000] with protection modes 3
Event: 315.622 Protecting memory [0x000070000e5ae000,0x000070000e5b2000] with protection modes 3
Event: 316.783 Protecting memory [0x000070000df9c000,0x000070000dfa0000] with protection modes 0
Event: 316.789 Protecting memory [0x000070000df9c000,0x000070000dfa0000] with protection modes 3
Event: 320.852 Protecting memory [0x000070000f0cf000,0x000070000f0d3000] with protection modes 3
Event: 320.869 Protecting memory [0x000070000efcc000,0x000070000efd0000] with protection modes 3
Event: 327.967 Protecting memory [0x000070000df9c000,0x000070000dfa0000] with protection modes 0
Event: 327.967 Protecting memory [0x000070000df9c000,0x000070000dfa0000] with protection modes 3
Event: 328.063 Protecting memory [0x000070000df9c000,0x000070000dfa0000] with protection modes 0
Event: 338.070 Protecting memory [0x000070000df9c000,0x000070000dfa0000] with protection modes 3
Event: 397.098 Protecting memory [0x000070000df9c000,0x000070000dfa0000] with protection modes 0
Event: 397.169 Protecting memory [0x000070000e5ae000,0x000070000e5b2000] with protection modes 0
Event: 397.169 Protecting memory [0x000070000e5ae000,0x000070000e5b2000] with protection modes 3
Event: 397.246 Protecting memory [0x000070000e5ae000,0x000070000e5b2000] with protection modes 0
Event: 397.246 Protecting memory [0x000070000e5ae000,0x000070000e5b2000] with protection modes 3
Event: 397.285 Protecting memory [0x000070000e5ae000,0x000070000e5b2000] with protection modes 0
Event: 397.289 Protecting memory [0x000070000df9c000,0x000070000dfa0000] with protection modes 3
Event: 405.281 Protecting memory [0x000070000df9c000,0x000070000dfa0000] with protection modes 0
Event: 412.303 Protecting memory [0x000070000e5ae000,0x000070000e5b2000] with protection modes 3

Nmethod flushes (20 events):
Event: 277.493 Thread 0x00007fa88d70cf00 flushing  nmethod 0x00000001147d9d10
Event: 277.493 Thread 0x00007fa88d70cf00 flushing  nmethod 0x00000001147daf10
Event: 277.493 Thread 0x00007fa88d70cf00 flushing  nmethod 0x00000001147db510
Event: 277.493 Thread 0x00007fa88d70cf00 flushing  nmethod 0x00000001147dbb90
Event: 277.493 Thread 0x00007fa88d70cf00 flushing  nmethod 0x00000001147eb710
Event: 277.493 Thread 0x00007fa88d70cf00 flushing  nmethod 0x00000001147ebc10
Event: 277.493 Thread 0x00007fa88d70cf00 flushing  nmethod 0x00000001147ec110
Event: 277.493 Thread 0x00007fa88d70cf00 flushing  nmethod 0x00000001147ecc90
Event: 277.493 Thread 0x00007fa88d70cf00 flushing  nmethod 0x00000001147edc90
Event: 277.493 Thread 0x00007fa88d70cf00 flushing  nmethod 0x00000001147efd10
Event: 277.493 Thread 0x00007fa88d70cf00 flushing  nmethod 0x00000001147f6790
Event: 277.493 Thread 0x00007fa88d70cf00 flushing osr nmethod 0x00000001147fe190
Event: 277.493 Thread 0x00007fa88d70cf00 flushing  nmethod 0x0000000114817390
Event: 277.493 Thread 0x00007fa88d70cf00 flushing osr nmethod 0x000000011483c890
Event: 277.493 Thread 0x00007fa88d70cf00 flushing  nmethod 0x0000000114846390
Event: 277.493 Thread 0x00007fa88d70cf00 flushing  nmethod 0x0000000114846710
Event: 277.493 Thread 0x00007fa88d70cf00 flushing osr nmethod 0x000000011484c110
Event: 277.493 Thread 0x00007fa88d70cf00 flushing  nmethod 0x000000011484d590
Event: 277.493 Thread 0x00007fa88d70cf00 flushing  nmethod 0x000000011484d910
Event: 277.493 Thread 0x00007fa88d70cf00 flushing  nmethod 0x0000000114863410

Events (20 events):
Event: 308.442 Thread 0x00007fa89446e600 Thread added: 0x00007fa892f8ee00
Event: 309.829 Thread 0x00007fa8944ab200 Thread exited: 0x00007fa8944ab200
Event: 315.622 Thread 0x00007fa89412e800 Thread exited: 0x00007fa89412e800
Event: 316.783 Thread 0x00007fa88d916200 Thread added: 0x00007fa8949fb600
Event: 316.789 Thread 0x00007fa8949fb600 Thread exited: 0x00007fa8949fb600
Event: 320.852 Thread 0x00007fa88ea6a800 Thread exited: 0x00007fa88ea6a800
Event: 320.869 Thread 0x00007fa88fcdaa00 Thread exited: 0x00007fa88fcdaa00
Event: 327.967 Thread 0x00007fa892e17200 Thread added: 0x00007fa894135400
Event: 327.967 Thread 0x00007fa894135400 Thread exited: 0x00007fa894135400
Event: 328.063 Thread 0x00007fa892e17200 Thread added: 0x00007fa8949e6800
Event: 338.070 Thread 0x00007fa8949e6800 Thread exited: 0x00007fa8949e6800
Event: 397.098 Thread 0x00007fa88ec1c600 Thread added: 0x00007fa8941f5200
Event: 397.169 Thread 0x00007fa8941f5200 Thread added: 0x00007fa88dcab400
Event: 397.169 Thread 0x00007fa88dcab400 Thread exited: 0x00007fa88dcab400
Event: 397.243 Thread 0x00007fa88ec1c600 Thread added: 0x00007fa8947f2a00
Event: 397.246 Thread 0x00007fa8947f2a00 Thread exited: 0x00007fa8947f2a00
Event: 397.285 Thread 0x00007fa8941f5200 Thread added: 0x00007fa892c9b600
Event: 397.289 Thread 0x00007fa8941f5200 Thread exited: 0x00007fa8941f5200
Event: 405.281 Thread 0x00007fa89446e600 Thread added: 0x00007fa88dcab400
Event: 412.303 Thread 0x00007fa892c9b600 Thread exited: 0x00007fa892c9b600


Dynamic libraries:
0x00000001090ba000 	/Users/DORCH/.vscode/extensions/redhat.java-1.41.1-darwin-x64/jre/21.0.6-macosx-x86_64/lib/libjli.dylib
0x00007ff82ee9d000 	/System/Library/Frameworks/Cocoa.framework/Versions/A/Cocoa
0x00007ff81aadb000 	/System/Library/Frameworks/AppKit.framework/Versions/C/AppKit
0x00007ff81dff1000 	/System/Library/Frameworks/CoreData.framework/Versions/A/CoreData
0x00007ff818eda000 	/System/Library/Frameworks/Foundation.framework/Versions/C/Foundation
0x00007ff822e14000 	/usr/lib/libSystem.B.dylib
0x00007ff81b96b000 	/System/Library/PrivateFrameworks/UIFoundation.framework/Versions/A/UIFoundation
0x00007ff828d8b000 	/System/Library/PrivateFrameworks/RemoteViewServices.framework/Versions/A/RemoteViewServices
0x00007ff821067000 	/System/Library/PrivateFrameworks/XCTTargetBootstrap.framework/Versions/A/XCTTargetBootstrap
0x00007ff824c21000 	/System/Library/PrivateFrameworks/InternationalSupport.framework/Versions/A/InternationalSupport
0x00007ff824cab000 	/System/Library/PrivateFrameworks/UserActivity.framework/Versions/A/UserActivity
0x00007ff823ffc000 	/usr/lib/libspindump.dylib
0x00007ff81bbfa000 	/System/Library/Frameworks/UniformTypeIdentifiers.framework/Versions/A/UniformTypeIdentifiers
0x00007ff81f78c000 	/usr/lib/libapp_launch_measurement.dylib
0x00007ff81e9c3000 	/System/Library/PrivateFrameworks/CoreAnalytics.framework/Versions/A/CoreAnalytics
0x00007ff81f78f000 	/System/Library/PrivateFrameworks/CoreAutoLayout.framework/Versions/A/CoreAutoLayout
0x00007ff8209bf000 	/System/Library/Frameworks/Metal.framework/Versions/A/Metal
0x00007ff8216ee000 	/usr/lib/liblangid.dylib
0x00007ff82106c000 	/System/Library/PrivateFrameworks/CoreSVG.framework/Versions/A/CoreSVG
0x00007ff81cfe5000 	/System/Library/PrivateFrameworks/SkyLight.framework/Versions/A/SkyLight
0x00007ff81d384000 	/System/Library/Frameworks/CoreGraphics.framework/Versions/A/CoreGraphics
0x00007ff82944b000 	/System/Library/Frameworks/Accelerate.framework/Versions/A/Accelerate
0x00007ff823a7b000 	/System/Library/PrivateFrameworks/IconServices.framework/Versions/A/IconServices
0x00007ff8209a4000 	/System/Library/Frameworks/IOSurface.framework/Versions/A/IOSurface
0x00007ff81e9f1000 	/usr/lib/libDiagnosticMessagesClient.dylib
0x00007ff822d34000 	/usr/lib/libz.1.dylib
0x00007ff82cb41000 	/System/Library/Frameworks/ApplicationServices.framework/Versions/A/ApplicationServices
0x00007ff821053000 	/System/Library/PrivateFrameworks/DFRFoundation.framework/Versions/A/DFRFoundation
0x00007ff81a3bf000 	/usr/lib/libicucore.A.dylib
0x00007ff825a17000 	/System/Library/Frameworks/AudioToolbox.framework/Versions/A/AudioToolbox
0x00007ff824c2d000 	/System/Library/PrivateFrameworks/DataDetectorsCore.framework/Versions/A/DataDetectorsCore
0x00007ff92112f000 	/System/Library/PrivateFrameworks/TextInput.framework/Versions/A/TextInput
0x00007ff81cf68000 	/usr/lib/libMobileGestalt.dylib
0x00007ff820d5f000 	/System/Library/Frameworks/Carbon.framework/Versions/A/Frameworks/HIToolbox.framework/Versions/A/HIToolbox
0x00007ff81f18e000 	/System/Library/Frameworks/QuartzCore.framework/Versions/A/QuartzCore
0x00007ff81a064000 	/System/Library/Frameworks/Security.framework/Versions/A/Security
0x00007ff828dc3000 	/System/Library/Frameworks/Carbon.framework/Versions/A/Frameworks/SpeechRecognition.framework/Versions/A/SpeechRecognition
0x00007ff81f4ec000 	/System/Library/PrivateFrameworks/CoreUI.framework/Versions/A/CoreUI
0x00007ff81992e000 	/System/Library/Frameworks/CoreAudio.framework/Versions/A/CoreAudio
0x00007ff81eae0000 	/System/Library/Frameworks/DiskArbitration.framework/Versions/A/DiskArbitration
0x00007ff8243ed000 	/System/Library/PrivateFrameworks/MultitouchSupport.framework/Versions/A/MultitouchSupport
0x00007ff81cf67000 	/usr/lib/libenergytrace.dylib
0x00007ff81a9c3000 	/System/Library/Frameworks/IOKit.framework/Versions/A/IOKit
0x00007ff8291b3000 	/System/Library/Frameworks/CoreServices.framework/Versions/A/CoreServices
0x00007ff81f726000 	/System/Library/PrivateFrameworks/PerformanceAnalysis.framework/Versions/A/PerformanceAnalysis
0x00007ffa30e00000 	/System/Library/Frameworks/OpenGL.framework/Versions/A/OpenGL
0x00007ff822350000 	/System/Library/PrivateFrameworks/MobileKeyBag.framework/Versions/A/MobileKeyBag
0x00007ff817ea2000 	/usr/lib/libobjc.A.dylib
0x00007ff81da50000 	/System/Library/Frameworks/ColorSync.framework/Versions/A/ColorSync
0x00007ff81805d000 	/System/Library/Frameworks/CoreFoundation.framework/Versions/A/CoreFoundation
0x00007ff8212e4000 	/System/Library/Frameworks/CoreImage.framework/Versions/A/CoreImage
0x00007ff819742000 	/System/Library/Frameworks/CoreText.framework/Versions/A/CoreText
0x00007ff82109c000 	/System/Library/Frameworks/ImageIO.framework/Versions/A/ImageIO
0x00007ff822e1a000 	/System/Library/PrivateFrameworks/SoftLinking.framework/Versions/A/SoftLinking
0x00007ff81f7d7000 	/usr/lib/libxml2.2.dylib
0x00007ff817f69000 	/usr/lib/libc++.1.dylib
0x00007ff82309e000 	/usr/lib/libcompression.dylib
0x00007ff824b54000 	/System/Library/PrivateFrameworks/TextureIO.framework/Versions/A/TextureIO
0x00007ff82378c000 	/usr/lib/libate.dylib
0x00007ff822e0f000 	/usr/lib/system/libcache.dylib
0x00007ff822dcb000 	/usr/lib/system/libcommonCrypto.dylib
0x00007ff822df4000 	/usr/lib/system/libcompiler_rt.dylib
0x00007ff822dea000 	/usr/lib/system/libcopyfile.dylib
0x00007ff817d9d000 	/usr/lib/system/libcorecrypto.dylib
0x00007ff817e5b000 	/usr/lib/system/libdispatch.dylib
0x00007ff81801c000 	/usr/lib/system/libdyld.dylib
0x00007ff822e06000 	/usr/lib/system/libkeymgr.dylib
0x00007ff822da9000 	/usr/lib/system/libmacho.dylib
0x00007ff82242a000 	/usr/lib/system/libquarantine.dylib
0x00007ff822e04000 	/usr/lib/system/libremovefile.dylib
0x00007ff81cfb5000 	/usr/lib/system/libsystem_asl.dylib
0x00007ff817d46000 	/usr/lib/system/libsystem_blocks.dylib
0x00007ff817ee0000 	/usr/lib/system/libsystem_c.dylib
0x00007ff822dfc000 	/usr/lib/system/libsystem_collections.dylib
0x00007ff8216de000 	/usr/lib/system/libsystem_configuration.dylib
0x00007ff820987000 	/usr/lib/system/libsystem_containermanager.dylib
0x00007ff822ae1000 	/usr/lib/system/libsystem_coreservices.dylib
0x00007ff81a653000 	/usr/lib/system/libsystem_darwin.dylib
0x00007ff822e07000 	/usr/lib/system/libsystem_dnssd.dylib
0x00007ff817edd000 	/usr/lib/system/libsystem_featureflags.dylib
0x00007ff818032000 	/usr/lib/system/libsystem_info.dylib
0x00007ff822d47000 	/usr/lib/system/libsystem_m.dylib
0x00007ff817e2f000 	/usr/lib/system/libsystem_malloc.dylib
0x00007ff81cf50000 	/usr/lib/system/libsystem_networkextension.dylib
0x00007ff81aa7d000 	/usr/lib/system/libsystem_notify.dylib
0x00007ff829088000 	/usr/lib/system/libsystem_product_info_filter.dylib
0x00007ff8216e2000 	/usr/lib/system/libsystem_sandbox.dylib
0x00007ff822e01000 	/usr/lib/system/libsystem_secinit.dylib
0x00007ff817fd8000 	/usr/lib/system/libsystem_kernel.dylib
0x00007ff818028000 	/usr/lib/system/libsystem_platform.dylib
0x00007ff818010000 	/usr/lib/system/libsystem_pthread.dylib
0x00007ff81e803000 	/usr/lib/system/libsystem_symptoms.dylib
0x00007ff817d84000 	/usr/lib/system/libsystem_trace.dylib
0x00007ff822dd7000 	/usr/lib/system/libunwind.dylib
0x00007ff817d48000 	/usr/lib/system/libxpc.dylib
0x00007ff817fc2000 	/usr/lib/libc++abi.dylib
0x00007ff822de2000 	/usr/lib/liboah.dylib
0x00007ff823568000 	/usr/lib/liblzma.5.dylib
0x00007ff818bec000 	/System/Library/Frameworks/SystemConfiguration.framework/Versions/A/SystemConfiguration
0x00007ff822e16000 	/usr/lib/libfakelink.dylib
0x00007ff81cac1000 	/System/Library/Frameworks/CFNetwork.framework/Versions/A/CFNetwork
0x00007ff822f57000 	/usr/lib/libarchive.2.dylib
0x00007ff8216ea000 	/System/Library/PrivateFrameworks/AppleSystemInfo.framework/Versions/A/AppleSystemInfo
0x00007ff822451000 	/usr/lib/libbsm.0.dylib
0x00007ff81c0d0000 	/usr/lib/libnetwork.dylib
0x00007ff822daf000 	/usr/lib/system/libkxld.dylib
0x00007ff822084000 	/System/Library/PrivateFrameworks/IOMobileFramebuffer.framework/Versions/A/IOMobileFramebuffer
0x00007ffb307b8000 	/usr/lib/libCoreEntitlements.dylib
0x00007ff822ac3000 	/System/Library/PrivateFrameworks/AppleFSCompression.framework/Versions/A/AppleFSCompression
0x00007ff822439000 	/usr/lib/libcoretls.dylib
0x00007ff823582000 	/usr/lib/libcoretls_cfhelpers.dylib
0x00007ff823098000 	/usr/lib/libpam.2.dylib
0x00007ff81e422000 	/usr/lib/libsqlite3.dylib
0x00007ff8235f1000 	/usr/lib/libxar.1.dylib
0x00007ff822ad3000 	/usr/lib/libbz2.1.0.dylib
0x00007ff822e1b000 	/usr/lib/libpcap.A.dylib
0x00007ff81e7fb000 	/usr/lib/libdns_services.dylib
0x00007ff823068000 	/usr/lib/libapple_nghttp2.dylib
0x00007ff822e55000 	/usr/lib/libiconv.2.dylib
0x00007ff822da8000 	/usr/lib/libcharset.1.dylib
0x00007ff81f75a000 	/System/Library/Frameworks/CoreServices.framework/Versions/A/Frameworks/FSEvents.framework/Versions/A/FSEvents
0x00007ff81a65d000 	/System/Library/Frameworks/CoreServices.framework/Versions/A/Frameworks/CarbonCore.framework/Versions/A/CarbonCore
0x00007ff81ea44000 	/System/Library/Frameworks/CoreServices.framework/Versions/A/Frameworks/Metadata.framework/Versions/A/Metadata
0x00007ff822ae6000 	/System/Library/Frameworks/CoreServices.framework/Versions/A/Frameworks/OSServices.framework/Versions/A/OSServices
0x00007ff822fdd000 	/System/Library/Frameworks/CoreServices.framework/Versions/A/Frameworks/SearchKit.framework/Versions/A/SearchKit
0x00007ff81e78d000 	/System/Library/Frameworks/CoreServices.framework/Versions/A/Frameworks/AE.framework/Versions/A/AE
0x00007ff818560000 	/System/Library/Frameworks/CoreServices.framework/Versions/A/Frameworks/LaunchServices.framework/Versions/A/LaunchServices
0x00007ff823519000 	/System/Library/Frameworks/CoreServices.framework/Versions/A/Frameworks/DictionaryServices.framework/Versions/A/DictionaryServices
0x00007ff81f767000 	/System/Library/Frameworks/CoreServices.framework/Versions/A/Frameworks/SharedFileList.framework/Versions/A/SharedFileList
0x00007ff82242d000 	/usr/lib/libCheckFix.dylib
0x00007ff81cfcc000 	/System/Library/PrivateFrameworks/TCC.framework/Versions/A/TCC
0x00007ff8216f0000 	/System/Library/PrivateFrameworks/CoreNLP.framework/Versions/A/CoreNLP
0x00007ff81e9f4000 	/System/Library/PrivateFrameworks/MetadataUtilities.framework/Versions/A/MetadataUtilities
0x00007ff818c9d000 	/usr/lib/libmecabra.dylib
0x00007ff822461000 	/usr/lib/libmecab.dylib
0x00007ff818c68000 	/usr/lib/libCRFSuite.dylib
0x00007ff8224bb000 	/usr/lib/libgermantok.dylib
0x00007ff823043000 	/usr/lib/libThaiTokenizer.dylib
0x00007ff81eae7000 	/System/Library/Frameworks/Accelerate.framework/Versions/A/Frameworks/vImage.framework/Versions/A/vImage
0x00007ff82918a000 	/System/Library/Frameworks/Accelerate.framework/Versions/A/Frameworks/vecLib.framework/Versions/A/vecLib
0x00007ff823632000 	/System/Library/Frameworks/Accelerate.framework/Versions/A/Frameworks/vecLib.framework/Versions/A/libvMisc.dylib
0x00007ff821eaf000 	/System/Library/Frameworks/Accelerate.framework/Versions/A/Frameworks/vecLib.framework/Versions/A/libvDSP.dylib
0x00007ff8188dc000 	/System/Library/Frameworks/Accelerate.framework/Versions/A/Frameworks/vecLib.framework/Versions/A/libBLAS.dylib
0x00007ff82317b000 	/System/Library/Frameworks/Accelerate.framework/Versions/A/Frameworks/vecLib.framework/Versions/A/libLAPACK.dylib
0x00007ff8224be000 	/System/Library/Frameworks/Accelerate.framework/Versions/A/Frameworks/vecLib.framework/Versions/A/libLinearAlgebra.dylib
0x00007ff823080000 	/System/Library/Frameworks/Accelerate.framework/Versions/A/Frameworks/vecLib.framework/Versions/A/libSparseBLAS.dylib
0x00007ff823175000 	/System/Library/Frameworks/Accelerate.framework/Versions/A/Frameworks/vecLib.framework/Versions/A/libQuadrature.dylib
0x00007ff8217db000 	/System/Library/Frameworks/Accelerate.framework/Versions/A/Frameworks/vecLib.framework/Versions/A/libBNNS.dylib
0x00007ff818b76000 	/System/Library/Frameworks/Accelerate.framework/Versions/A/Frameworks/vecLib.framework/Versions/A/libSparse.dylib
0x00007ff8217d4000 	/System/Library/PrivateFrameworks/LinguisticData.framework/Versions/A/LinguisticData
0x00007ff818b2c000 	/System/Library/PrivateFrameworks/Lexicon.framework/Versions/A/Lexicon
0x00007ff82362b000 	/usr/lib/libChineseTokenizer.dylib
0x00007ff819297000 	/System/Library/PrivateFrameworks/LanguageModeling.framework/Versions/A/LanguageModeling
0x00007ff823045000 	/System/Library/PrivateFrameworks/AppleSauce.framework/Versions/A/AppleSauce
0x00007ff822072000 	/System/Library/PrivateFrameworks/CoreEmoji.framework/Versions/A/CoreEmoji
0x00007ff822f46000 	/usr/lib/libcmph.dylib
0x00007ff81f73e000 	/System/Library/Frameworks/OpenDirectory.framework/Versions/A/Frameworks/CFOpenDirectory.framework/Versions/A/CFOpenDirectory
0x00007ff81f732000 	/System/Library/Frameworks/OpenDirectory.framework/Versions/A/OpenDirectory
0x00007ff823584000 	/System/Library/PrivateFrameworks/APFS.framework/Versions/A/APFS
0x00007ff822388000 	/System/Library/Frameworks/SecurityFoundation.framework/Versions/A/SecurityFoundation
0x00007ff8235ff000 	/usr/lib/libutil.dylib
0x00007ff81a987000 	/System/Library/PrivateFrameworks/CoreServicesStore.framework/Versions/A/CoreServicesStore
0x00007ff823603000 	/usr/lib/libxslt.1.dylib
0x00007ff822415000 	/System/Library/PrivateFrameworks/BackgroundTaskManagement.framework/Versions/A/BackgroundTaskManagement
0x00007ff824a74000 	/System/Library/Frameworks/ImageIO.framework/Versions/A/Resources/libRadiance.dylib
0x00007ff824a7d000 	/System/Library/Frameworks/ImageIO.framework/Versions/A/Resources/libJPEG.dylib
0x00007ff8249cc000 	/System/Library/Frameworks/ImageIO.framework/Versions/A/Resources/libPng.dylib
0x00007ff8249ed000 	/System/Library/Frameworks/ImageIO.framework/Versions/A/Resources/libTIFF.dylib
0x00007ff824add000 	/System/Library/Frameworks/ImageIO.framework/Versions/A/Resources/libGIF.dylib
0x00007ff824306000 	/System/Library/Frameworks/ImageIO.framework/Versions/A/Resources/libJP2.dylib
0x00007ff823a41000 	/usr/lib/libexpat.1.dylib
0x00007ff8242bb000 	/System/Library/PrivateFrameworks/AppleJPEG.framework/Versions/A/AppleJPEG
0x00007ff820c24000 	/System/Library/PrivateFrameworks/FontServices.framework/libFontParser.dylib
0x00007ff81e737000 	/System/Library/PrivateFrameworks/RunningBoardServices.framework/Versions/A/RunningBoardServices
0x00007ff82f458000 	/System/Library/PrivateFrameworks/IOSurfaceAccelerator.framework/Versions/A/IOSurfaceAccelerator
0x00007ff8243e9000 	/System/Library/PrivateFrameworks/WatchdogClient.framework/Versions/A/WatchdogClient
0x00007ff819385000 	/System/Library/Frameworks/CoreDisplay.framework/Versions/A/CoreDisplay
0x00007ff820b22000 	/System/Library/Frameworks/CoreMedia.framework/Versions/A/CoreMedia
0x00007ff8209b6000 	/System/Library/PrivateFrameworks/IOAccelerator.framework/Versions/A/IOAccelerator
0x00007ff81f8bb000 	/System/Library/Frameworks/CoreVideo.framework/Versions/A/CoreVideo
0x00007ff823096000 	/System/Library/Frameworks/MetalPerformanceShaders.framework/Versions/A/MetalPerformanceShaders
0x00007ff824426000 	/System/Library/Frameworks/VideoToolbox.framework/Versions/A/VideoToolbox
0x00007ff81e681000 	/System/Library/PrivateFrameworks/BaseBoard.framework/Versions/A/BaseBoard
0x00007ff81e408000 	/System/Library/PrivateFrameworks/ProtocolBuffer.framework/Versions/A/ProtocolBuffer
0x00007ff824a6d000 	/System/Library/PrivateFrameworks/GPUWrangler.framework/Versions/A/GPUWrangler
0x00007ff824a51000 	/System/Library/PrivateFrameworks/IOPresentment.framework/Versions/A/IOPresentment
0x00007ff824a77000 	/System/Library/PrivateFrameworks/DSExternalDisplay.framework/Versions/A/DSExternalDisplay
0x00007ffa30df4000 	/System/Library/Frameworks/OpenGL.framework/Versions/A/Libraries/libCoreFSCache.dylib
0x00007ffb1decb000 	/System/Library/PrivateFrameworks/GPUCompiler.framework/Versions/31001/Libraries/libGPUCompilerUtils.dylib
0x00007ff824ae2000 	/System/Library/PrivateFrameworks/CMCaptureCore.framework/Versions/A/CMCaptureCore
0x00007ff823fea000 	/System/Library/PrivateFrameworks/AppServerSupport.framework/Versions/A/AppServerSupport
0x00007ff8262b0000 	/System/Library/PrivateFrameworks/perfdata.framework/Versions/A/perfdata
0x00007ff8194b1000 	/System/Library/PrivateFrameworks/AudioToolboxCore.framework/Versions/A/AudioToolboxCore
0x00007ff820b00000 	/System/Library/PrivateFrameworks/caulk.framework/Versions/A/caulk
0x00007ff825bc2000 	/usr/lib/libAudioStatistics.dylib
0x00007ff91d8b5000 	/System/Library/PrivateFrameworks/SystemPolicy.framework/Versions/A/SystemPolicy
0x00007ff825e1d000 	/usr/lib/libSMC.dylib
0x00007ff82ed50000 	/System/Library/Frameworks/CoreMIDI.framework/Versions/A/CoreMIDI
0x00007ff82499b000 	/usr/lib/libAudioToolboxUtility.dylib
0x00007ff919ad9000 	/System/Library/PrivateFrameworks/OSAServicesClient.framework/Versions/A/OSAServicesClient
0x00007ff8262bd000 	/usr/lib/libperfcheck.dylib
0x00007ff91e366000 	/usr/lib/libmis.dylib
0x00007ffa30e4f000 	/System/Library/Frameworks/OpenGL.framework/Versions/A/Libraries/libGLU.dylib
0x00007ffa30e13000 	/System/Library/Frameworks/OpenGL.framework/Versions/A/Libraries/libGFXShared.dylib
0x00007ffa3101c000 	/System/Library/Frameworks/OpenGL.framework/Versions/A/Libraries/libGL.dylib
0x00007ffa30e1c000 	/System/Library/Frameworks/OpenGL.framework/Versions/A/Libraries/libGLImage.dylib
0x00007ffa30e10000 	/System/Library/Frameworks/OpenGL.framework/Versions/A/Libraries/libCVMSPluginSupport.dylib
0x00007ffa30dfb000 	/System/Library/Frameworks/OpenGL.framework/Versions/A/Libraries/libCoreVMClient.dylib
0x00007ff82166c000 	/System/Library/Frameworks/MetalPerformanceShaders.framework/Versions/A/Frameworks/MPSCore.framework/Versions/A/MPSCore
0x00007ff822a2e000 	/System/Library/Frameworks/MetalPerformanceShaders.framework/Versions/A/Frameworks/MPSImage.framework/Versions/A/MPSImage
0x00007ff8224d4000 	/System/Library/Frameworks/MetalPerformanceShaders.framework/Versions/A/Frameworks/MPSNeuralNetwork.framework/Versions/A/MPSNeuralNetwork
0x00007ff822948000 	/System/Library/Frameworks/MetalPerformanceShaders.framework/Versions/A/Frameworks/MPSMatrix.framework/Versions/A/MPSMatrix
0x00007ff822703000 	/System/Library/Frameworks/MetalPerformanceShaders.framework/Versions/A/Frameworks/MPSRayIntersector.framework/Versions/A/MPSRayIntersector
0x00007ff822980000 	/System/Library/Frameworks/MetalPerformanceShaders.framework/Versions/A/Frameworks/MPSNDArray.framework/Versions/A/MPSNDArray
0x00007ffa368d4000 	/System/Library/Frameworks/MetalPerformanceShaders.framework/Versions/A/Frameworks/MPSFunctions.framework/Versions/A/MPSFunctions
0x00007ff8187b8000 	/System/Library/PrivateFrameworks/MetalTools.framework/Versions/A/MetalTools
0x00007ff8216e8000 	/System/Library/PrivateFrameworks/AggregateDictionary.framework/Versions/A/AggregateDictionary
0x00007ff823823000 	/usr/lib/libIOReport.dylib
0x00007ffa3242b000 	/System/Library/Frameworks/OpenCL.framework/Versions/A/OpenCL
0x00007ff823b88000 	/System/Library/PrivateFrameworks/FaceCore.framework/Versions/A/FaceCore
0x00007ff823b79000 	/System/Library/PrivateFrameworks/GraphVisualizer.framework/Versions/A/GraphVisualizer
0x00007ffb1ddd6000 	/System/Library/PrivateFrameworks/FontServices.framework/Versions/A/FontServices
0x00007ff823fa2000 	/System/Library/PrivateFrameworks/OTSVG.framework/Versions/A/OTSVG
0x00007ff81f4a1000 	/System/Library/Frameworks/ApplicationServices.framework/Versions/A/Frameworks/ATS.framework/Versions/A/Resources/libFontRegistry.dylib
0x00007ff823ff2000 	/System/Library/PrivateFrameworks/FontServices.framework/libhvf.dylib
0x00007ffb1ddd7000 	/System/Library/PrivateFrameworks/FontServices.framework/libXTFontStaticRegistryData.dylib
0x00007ff8239f1000 	/System/Library/PrivateFrameworks/AppleVA.framework/Versions/A/AppleVA
0x00007ff825be2000 	/System/Library/Frameworks/ApplicationServices.framework/Versions/A/Frameworks/ATS.framework/Versions/A/ATS
0x00007ff81db4e000 	/System/Library/Frameworks/ApplicationServices.framework/Versions/A/Frameworks/HIServices.framework/Versions/A/HIServices
0x00007ff824aec000 	/System/Library/Frameworks/ApplicationServices.framework/Versions/A/Frameworks/PrintCore.framework/Versions/A/PrintCore
0x00007ff825f70000 	/System/Library/Frameworks/ApplicationServices.framework/Versions/A/Frameworks/QD.framework/Versions/A/QD
0x00007ff825f68000 	/System/Library/Frameworks/ApplicationServices.framework/Versions/A/Frameworks/ColorSyncLegacy.framework/Versions/A/ColorSyncLegacy
0x00007ff825bd2000 	/System/Library/Frameworks/ApplicationServices.framework/Versions/A/Frameworks/SpeechSynthesis.framework/Versions/A/SpeechSynthesis
0x00007ff824aad000 	/System/Library/Frameworks/ApplicationServices.framework/Versions/A/Frameworks/ATSUI.framework/Versions/A/ATSUI
0x00007ff825efd000 	/usr/lib/libcups.2.dylib
0x00007ff8262cc000 	/System/Library/Frameworks/Kerberos.framework/Versions/A/Kerberos
0x00007ff8262db000 	/System/Library/Frameworks/GSS.framework/Versions/A/GSS
0x00007ff825c4e000 	/usr/lib/libresolv.9.dylib
0x00007ff824001000 	/System/Library/PrivateFrameworks/Heimdal.framework/Versions/A/Heimdal
0x00007ff82ced3000 	/System/Library/Frameworks/Kerberos.framework/Versions/A/Libraries/libHeimdalProxy.dylib
0x00007ff81e80b000 	/System/Library/Frameworks/Network.framework/Versions/A/Network
0x00007ff823a5c000 	/usr/lib/libheimdal-asn1.dylib
0x00007ff826326000 	/System/Library/PrivateFrameworks/CommonAuth.framework/Versions/A/CommonAuth
0x00007ff825b54000 	/System/Library/PrivateFrameworks/AudioSession.framework/Versions/A/AudioSession
0x00007ff823aec000 	/System/Library/PrivateFrameworks/MediaExperience.framework/Versions/A/MediaExperience
0x00007ff8259e6000 	/System/Library/PrivateFrameworks/AudioSession.framework/libSessionUtility.dylib
0x00007ff825f7c000 	/System/Library/PrivateFrameworks/AudioResourceArbitration.framework/Versions/A/AudioResourceArbitration
0x00007ff829ffd000 	/System/Library/PrivateFrameworks/PowerLog.framework/Versions/A/PowerLog
0x00007ff823a65000 	/System/Library/PrivateFrameworks/IconFoundation.framework/Versions/A/IconFoundation
0x00007ff828db3000 	/System/Library/PrivateFrameworks/SpeechRecognitionCore.framework/Versions/A/SpeechRecognitionCore
0x000000010cabc000 	/Users/DORCH/.vscode/extensions/redhat.java-1.41.1-darwin-x64/jre/21.0.6-macosx-x86_64/lib/server/libjvm.dylib
0x00000001090e2000 	/Users/DORCH/.vscode/extensions/redhat.java-1.41.1-darwin-x64/jre/21.0.6-macosx-x86_64/lib/libjimage.dylib
0x0000000109105000 	/Users/DORCH/.vscode/extensions/redhat.java-1.41.1-darwin-x64/jre/21.0.6-macosx-x86_64/lib/libinstrument.dylib
0x0000000109143000 	/Users/DORCH/.vscode/extensions/redhat.java-1.41.1-darwin-x64/jre/21.0.6-macosx-x86_64/lib/libjava.dylib
0x0000000109704000 	/Users/DORCH/.vscode/extensions/redhat.java-1.41.1-darwin-x64/jre/21.0.6-macosx-x86_64/lib/libzip.dylib
0x000000010972c000 	/Users/DORCH/.vscode/extensions/redhat.java-1.41.1-darwin-x64/jre/21.0.6-macosx-x86_64/lib/libnio.dylib
0x00000001096f0000 	/Users/DORCH/.vscode/extensions/redhat.java-1.41.1-darwin-x64/jre/21.0.6-macosx-x86_64/lib/libnet.dylib
0x000000010975f000 	/Users/DORCH/.vscode/extensions/redhat.java-1.41.1-darwin-x64/jre/21.0.6-macosx-x86_64/lib/libverify.dylib
0x0000000109794000 	/Users/DORCH/Library/Application Support/Code/User/globalStorage/redhat.java/1.41.1/config_mac/org.eclipse.equinox.launcher/org.eclipse.equinox.launcher.cocoa.macosx.x86_64_1.2.1300.v20250331-1702/eclipse_11911.so
0x00007ff81a949000 	/System/Library/PrivateFrameworks/CoreServicesInternal.framework/Versions/A/CoreServicesInternal
0x00007ff82a5ee000 	/System/Library/Frameworks/FileProvider.framework/Versions/A/FileProvider
0x00007ff81e5ee000 	/System/Library/Frameworks/Accounts.framework/Versions/A/Accounts
0x00007ff82a767000 	/System/Library/PrivateFrameworks/GenerationalStorage.framework/Versions/A/GenerationalStorage
0x00007ff82b278000 	/System/Library/PrivateFrameworks/CoreSymbolication.framework/Versions/A/CoreSymbolication
0x00007ff829ff2000 	/System/Library/PrivateFrameworks/SymptomDiagnosticReporter.framework/Versions/A/SymptomDiagnosticReporter
0x00007ff81bc0e000 	/System/Library/PrivateFrameworks/DesktopServicesPriv.framework/Versions/A/DesktopServicesPriv
0x00007ff81aa8c000 	/usr/lib/libsandbox.1.dylib
0x00007ff81f93a000 	/System/Library/PrivateFrameworks/UserManagement.framework/Versions/A/UserManagement
0x00007ff82b23d000 	/System/Library/PrivateFrameworks/DebugSymbols.framework/Versions/A/DebugSymbols
0x00007ff825f5d000 	/System/Library/PrivateFrameworks/NetAuth.framework/Versions/A/NetAuth
0x00007ff826e6c000 	/System/Library/PrivateFrameworks/Sharing.framework/Versions/A/Sharing
0x00007ff81f90d000 	/System/Library/PrivateFrameworks/login.framework/Versions/A/Frameworks/loginsupport.framework/Versions/A/loginsupport
0x00007ff82c3db000 	/System/Library/PrivateFrameworks/Apple80211.framework/Versions/A/Apple80211
0x00007ff822b13000 	/System/Library/PrivateFrameworks/AuthKit.framework/Versions/A/AuthKit
0x00007ff822168000 	/System/Library/PrivateFrameworks/CoreUtils.framework/Versions/A/CoreUtils
0x00007ff82208f000 	/System/Library/Frameworks/CoreWLAN.framework/Versions/A/CoreWLAN
0x00007ff826fcb000 	/System/Library/Frameworks/IOBluetooth.framework/Versions/A/IOBluetooth
0x00007ff82c443000 	/System/Library/PrivateFrameworks/CoreWiFi.framework/Versions/A/CoreWiFi
0x00007ff82ae11000 	/System/Library/PrivateFrameworks/FrontBoardServices.framework/Versions/A/FrontBoardServices
0x00007ff82aea2000 	/System/Library/PrivateFrameworks/BoardServices.framework/Versions/A/BoardServices
0x00007ff822377000 	/System/Library/PrivateFrameworks/AssertionServices.framework/Versions/A/AssertionServices
0x00007ff82c5c6000 	/System/Library/PrivateFrameworks/BackBoardServices.framework/Versions/A/BackBoardServices
0x00007ff8263b7000 	/System/Library/PrivateFrameworks/CorePhoneNumbers.framework/Versions/A/CorePhoneNumbers
0x00007ff825c7b000 	/System/Library/PrivateFrameworks/MultiverseSupport.framework/Versions/A/MultiverseSupport
0x00007ff82c83a000 	/System/Library/PrivateFrameworks/RemoteServiceDiscovery.framework/Versions/A/RemoteServiceDiscovery
0x00007ff82a10f000 	/System/Library/PrivateFrameworks/DiskManagement.framework/Versions/A/DiskManagement
0x00007ff82a023000 	/System/Library/PrivateFrameworks/AppleIDAuthSupport.framework/Versions/A/AppleIDAuthSupport
0x00007ffb18752000 	/System/Library/PrivateFrameworks/AAAFoundation.framework/Versions/A/AAAFoundation
0x00007ff826398000 	/System/Library/PrivateFrameworks/KeychainCircle.framework/Versions/A/KeychainCircle
0x00007ff82c84a000 	/System/Library/PrivateFrameworks/RemoteXPC.framework/Versions/A/RemoteXPC
0x00007ff82a0db000 	/System/Library/PrivateFrameworks/MediaKit.framework/Versions/A/MediaKit
0x00007ff82a02f000 	/System/Library/Frameworks/DiscRecording.framework/Versions/A/DiscRecording
0x00007ff823969000 	/usr/lib/libCoreStorage.dylib
0x00007ff82c8b5000 	/usr/lib/libcsfde.dylib
0x00007ff827098000 	/System/Library/PrivateFrameworks/ProtectedCloudStorage.framework/Versions/A/ProtectedCloudStorage
0x00007ff82c8b1000 	/System/Library/PrivateFrameworks/EFILogin.framework/Versions/A/EFILogin
0x00007ff82a78d000 	/System/Library/PrivateFrameworks/OctagonTrust.framework/Versions/A/OctagonTrust
0x00007ffb1d03a000 	/System/Library/PrivateFrameworks/CoreUtilsExtras.framework/Versions/A/CoreUtilsExtras
0x00007ff829f56000 	/System/Library/Frameworks/CoreBluetooth.framework/Versions/A/CoreBluetooth
0x00007ff82cf58000 	/System/Library/Frameworks/AudioUnit.framework/Versions/A/AudioUnit
0x00007ff823961000 	/usr/lib/libMatch.1.dylib
0x00007ff81f632000 	/System/Library/PrivateFrameworks/ViewBridge.framework/Versions/A/ViewBridge
0x000000010c7c1000 	/Users/DORCH/.vscode/extensions/redhat.java-1.41.1-darwin-x64/jre/21.0.6-macosx-x86_64/lib/libextnet.dylib


VM Arguments:
jvm_args: --add-modules=ALL-SYSTEM --add-opens=java.base/java.util=ALL-UNNAMED --add-opens=java.base/java.lang=ALL-UNNAMED --add-opens=java.base/sun.nio.fs=ALL-UNNAMED -Declipse.application=org.eclipse.jdt.ls.core.id1 -Dosgi.bundles.defaultStartLevel=4 -Declipse.product=org.eclipse.jdt.ls.core.product -Djava.import.generatesMetadataFilesAtProjectRoot=false -DDetectVMInstallationsJob.disabled=true -Dfile.encoding=utf8 -XX:+UseParallelGC -XX:GCTimeRatio=4 -XX:AdaptiveSizePolicyWeight=90 -Dsun.zip.disableMemoryMapping=true -Xmx1G -Xms100m -Xlog:disable -javaagent:/Users/DORCH/.vscode/extensions/redhat.java-1.41.1-darwin-x64/lombok/lombok-1.18.36.jar -XX:+HeapDumpOnOutOfMemoryError -XX:HeapDumpPath=/Users/DORCH/Library/Application Support/Code/User/workspaceStorage/d66d673c26d7ecf6c09be78263b33477/redhat.java -Daether.dependencyCollector.impl=bf 
java_command: /Users/DORCH/.vscode/extensions/redhat.java-1.41.1-darwin-x64/server/plugins/org.eclipse.equinox.launcher_1.7.0.v20250331-1702.jar -configuration /Users/DORCH/Library/Application Support/Code/User/globalStorage/redhat.java/1.41.1/config_mac -data /Users/DORCH/Library/Application Support/Code/User/workspaceStorage/d66d673c26d7ecf6c09be78263b33477/redhat.java/jdt_ws --pipe=/private/var/folders/75/6dsz66sx1mvcjz4f5gkkvz9r0000gn/T/lsp-a5e26bd204e6d8bf97b1fdf0d91f635e.sock
java_class_path (initial): /Users/DORCH/.vscode/extensions/redhat.java-1.41.1-darwin-x64/server/plugins/org.eclipse.equinox.launcher_1.7.0.v20250331-1702.jar
Launcher Type: SUN_STANDARD

[Global flags]
    uintx AdaptiveSizePolicyWeight                 = 90                                        {product} {command line}
     intx CICompilerCount                          = 3                                         {product} {ergonomic}
    uintx GCTimeRatio                              = 4                                         {product} {command line}
     bool HeapDumpOnOutOfMemoryError               = true                                   {manageable} {command line}
    ccstr HeapDumpPath                             = /Users/DORCH/Library/Application Support/Code/User/workspaceStorage/d66d673c26d7ecf6c09be78263b33477/redhat.java         {manageable} {command line}
   size_t InitialHeapSize                          = 104857600                                 {product} {command line}
   size_t MaxHeapSize                              = 1073741824                                {product} {command line}
   size_t MaxNewSize                               = 357564416                                 {product} {ergonomic}
   size_t MinHeapDeltaBytes                        = 524288                                    {product} {ergonomic}
   size_t MinHeapSize                              = 104857600                                 {product} {command line}
   size_t NewSize                                  = 34603008                                  {product} {ergonomic}
    uintx NonNMethodCodeHeapSize                   = 5832780                                {pd product} {ergonomic}
    uintx NonProfiledCodeHeapSize                  = 122912730                              {pd product} {ergonomic}
   size_t OldSize                                  = 70254592                                  {product} {ergonomic}
    uintx ProfiledCodeHeapSize                     = 122912730                              {pd product} {ergonomic}
    uintx ReservedCodeCacheSize                    = 251658240                              {pd product} {ergonomic}
     bool SegmentedCodeCache                       = true                                      {product} {ergonomic}
   size_t SoftMaxHeapSize                          = 1073741824                             {manageable} {ergonomic}
     bool UseCompressedOops                        = true                           {product lp64_product} {ergonomic}
     bool UseNUMA                                  = false                                     {product} {ergonomic}
     bool UseNUMAInterleaving                      = false                                     {product} {ergonomic}
     bool UseParallelGC                            = true                                      {product} {command line}

Logging:
Log output configuration:
 #0: stdout all=off uptime,level,tags foldmultilines=false
 #1: stderr all=off uptime,level,tags foldmultilines=false

Environment Variables:
PATH=/Library/Frameworks/Python.framework/Versions/3.8/bin:/usr/local/bin:/usr/bin:/bin:/usr/sbin:/sbin:/opt/X11/bin
SHELL=/bin/bash
TMPDIR=/var/folders/75/6dsz66sx1mvcjz4f5gkkvz9r0000gn/T/

Active Locale:
LC_ALL=C
LC_COLLATE=C
LC_CTYPE=C
LC_MESSAGES=C
LC_MONETARY=C
LC_NUMERIC=C
LC_TIME=C

Signal Handlers:
   SIGSEGV: crash_handler in libjvm.dylib, mask=11100110000111110111111111111111, flags=SA_ONSTACK|SA_RESTART|SA_SIGINFO, unblocked
    SIGBUS: crash_handler in libjvm.dylib, mask=11100110000111110111111111111111, flags=SA_RESTART|SA_SIGINFO, unblocked
    SIGFPE: crash_handler in libjvm.dylib, mask=11100110000111110111111111111111, flags=SA_RESTART|SA_SIGINFO, unblocked
   SIGPIPE: javaSignalHandler in libjvm.dylib, mask=11100110000111110111111111111111, flags=SA_RESTART|SA_SIGINFO, blocked
   SIGXFSZ: javaSignalHandler in libjvm.dylib, mask=11100110000111110111111111111111, flags=SA_RESTART|SA_SIGINFO, blocked
    SIGILL: crash_handler in libjvm.dylib, mask=11100110000111110111111111111111, flags=SA_RESTART|SA_SIGINFO, unblocked
   SIGUSR2: SR_handler in libjvm.dylib, mask=00000000000000000000000000000000, flags=SA_RESTART|SA_SIGINFO, blocked
    SIGHUP: UserHandler in libjvm.dylib, mask=11100110000111110111111111111111, flags=SA_RESTART|SA_SIGINFO, blocked
    SIGINT: UserHandler in libjvm.dylib, mask=11100110000111110111111111111111, flags=SA_RESTART|SA_SIGINFO, blocked
   SIGTERM: UserHandler in libjvm.dylib, mask=11100110000111110111111111111111, flags=SA_RESTART|SA_SIGINFO, blocked
   SIGQUIT: UserHandler in libjvm.dylib, mask=11100110000111110111111111111111, flags=SA_RESTART|SA_SIGINFO, blocked
   SIGTRAP: crash_handler in libjvm.dylib, mask=11100110000111110111111111111111, flags=SA_RESTART|SA_SIGINFO, unblocked


Periodic native trim disabled

---------------  S Y S T E M  ---------------

OS:
uname: Darwin 21.6.0 Darwin Kernel Version 21.6.0: Sun Dec 17 22:55:27 PST 2023; root:xnu-8020.240.18.706.2~1/RELEASE_X86_64 x86_64
OS uptime: 0 days 0:13 hours
rlimit (soft/hard): STACK 8192k/65532k , CORE 0k/infinity , NPROC 1392/2088 , NOFILE 1048576/infinity , AS infinity/infinity , CPU infinity/infinity , DATA infinity/infinity , FSIZE infinity/infinity , MEMLOCK infinity/infinity , RSS infinity/infinity
load average: 8.36 11.19 8.69

CPU: total 4 (initial active 4) (2 cores per cpu, 2 threads per core) family 6 model 61 stepping 4 microcode 0x2f, cx8, cmov, fxsr, ht, mmx, 3dnowpref, sse, sse2, sse3, ssse3, sse4.1, sse4.2, popcnt, lzcnt, tsc, tscinvbit, avx, avx2, aes, erms, clmul, bmi1, bmi2, adx, fma, vzeroupper, clflush, rdtscp, f16c
machdep.cpu.brand_string:Intel(R) Core(TM) i5-5257U CPU @ 2.70GHz
hw.cpufrequency:2700000000
hw.cpufrequency_min:2700000000
hw.cpufrequency_max:2700000000
hw.cachelinesize:64
hw.l1icachesize:32768
hw.l1dcachesize:32768
hw.l2cachesize:262144
hw.l3cachesize:3145728

Memory: 4k page, physical 8388608k(37408k free), swap 0k(0k free)

vm_info: OpenJDK 64-Bit Server VM (21.0.6+7-LTS) for bsd-amd64 JRE (21.0.6+7-LTS), built on 2025-01-21T00:00:00Z by "admin" with clang Apple LLVM 15.0.0 (clang-1500.1.0.2.5)

END.
