#
# A fatal error has been detected by the Java Runtime Environment:
#
#  SIGSEGV (0xb) at pc=0x00000001120ae7fa, pid=617, tid=41219
#
# JRE version: OpenJDK Runtime Environment Temurin-21.0.6+7 (21.0.6+7) (build 21.0.6+7-LTS)
# Java VM: OpenJDK 64-Bit Server VM Temurin-21.0.6+7 (21.0.6+7-LTS, mixed mode, sharing, tiered, compressed oops, compressed class ptrs, parallel gc, bsd-amd64)
# Problematic frame:
# V  [libjvm.dylib+0x7e77fa]  PhaseIdealLoop::dom_lca_for_get_late_ctrl_internal(Node*, Node*, Node*)+0x9da
#
# No core dump will be written. Core dumps have been disabled. To enable core dumping, try "ulimit -c unlimited" before starting Java again
#
# If you would like to submit a bug report, please visit:
#   https://github.com/adoptium/adoptium-support/issues
#

---------------  S U M M A R Y ------------

Command Line: --add-modules=ALL-SYSTEM --add-opens=java.base/java.util=ALL-UNNAMED --add-opens=java.base/java.lang=ALL-UNNAMED --add-opens=java.base/sun.nio.fs=ALL-UNNAMED -Declipse.application=org.eclipse.jdt.ls.core.id1 -Dosgi.bundles.defaultStartLevel=4 -Declipse.product=org.eclipse.jdt.ls.core.product -Djava.import.generatesMetadataFilesAtProjectRoot=false -DDetectVMInstallationsJob.disabled=true -Dfile.encoding=utf8 -XX:+UseParallelGC -XX:GCTimeRatio=4 -XX:AdaptiveSizePolicyWeight=90 -Dsun.zip.disableMemoryMapping=true -Xmx1G -Xms100m -Xlog:disable -javaagent:/Users/DORCH/.vscode/extensions/redhat.java-1.41.1-darwin-x64/lombok/lombok-1.18.36.jar -XX:+HeapDumpOnOutOfMemoryError -XX:HeapDumpPath=/Users/DORCH/Library/Application Support/Code/User/workspaceStorage/d66d673c26d7ecf6c09be78263b33477/redhat.java -Daether.dependencyCollector.impl=bf /Users/DORCH/.vscode/extensions/redhat.java-1.41.1-darwin-x64/server/plugins/org.eclipse.equinox.launcher_1.7.0.v20250331-1702.jar -configuration /Users/DORCH/Library/Application Support/Code/User/globalStorage/redhat.java/1.41.1/config_mac -data /Users/DORCH/Library/Application Support/Code/User/workspaceStorage/d66d673c26d7ecf6c09be78263b33477/redhat.java/jdt_ws --pipe=/private/var/folders/75/6dsz66sx1mvcjz4f5gkkvz9r0000gn/T/lsp-c568e707024dd352c5a8eb61b184ca51.sock

Host: "MacBookPro12,1" x86_64 2700 MHz, 4 cores, 8G, Darwin 21.6.0, macOS 12.7.3 (21H1015)
Time: Sun May 11 12:13:50 2025 PST elapsed time: 4.426172 seconds (0d 0h 0m 4s)

---------------  T H R E A D  ---------------

Current thread (0x00007f786200d800):  JavaThread "C2 CompilerThread0" daemon [_thread_in_native, id=41219, stack(0x0000700005b36000,0x0000700005c36000) (1024K)]


Current CompileTask:
C2:4426 2031       4       org.eclipse.osgi.util.ManifestElement::readLine (122 bytes)

Stack: [0x0000700005b36000,0x0000700005c36000],  sp=0x0000700005c32740,  free space=1009k
Native frames: (J=compiled Java code, j=interpreted, Vv=VM code, C=native code)
V  [libjvm.dylib+0x7e77fa]  PhaseIdealLoop::dom_lca_for_get_late_ctrl_internal(Node*, Node*, Node*)+0x9da
V  [libjvm.dylib+0x7e6566]  PhaseIdealLoop::compute_lca_of_uses(Node*, Node*, bool)+0x186
V  [libjvm.dylib+0x7e7aef]  PhaseIdealLoop::build_loop_late_post_work(Node*, bool)+0x1ff
V  [libjvm.dylib+0x7e5051]  PhaseIdealLoop::build_loop_late(VectorSet&, Node_List&, Node_Stack&)+0x221
V  [libjvm.dylib+0x7e383f]  PhaseIdealLoop::build_and_optimize()+0x7bf
V  [libjvm.dylib+0x35a5c6]  PhaseIdealLoop::optimize(PhaseIterGVN&, LoopOptsMode)+0x56
V  [libjvm.dylib+0x356682]  Compile::Optimize()+0x762
V  [libjvm.dylib+0x354ff5]  Compile::Compile(ciEnv*, ciMethod*, int, Options, DirectiveSet*)+0x1175
V  [libjvm.dylib+0x2a8b40]  C2Compiler::compile_method(ciEnv*, ciMethod*, int, bool, DirectiveSet*)+0x120
V  [libjvm.dylib+0x36676d]  CompileBroker::invoke_compiler_on_method(CompileTask*)+0x57d
V  [libjvm.dylib+0x365f67]  CompileBroker::compiler_thread_loop()+0x3f7
V  [libjvm.dylib+0x58ea89]  JavaThread::thread_main_inner()+0x99
V  [libjvm.dylib+0xb01698]  Thread::call_run()+0xa8
V  [libjvm.dylib+0x8f052e]  thread_native_entry(Thread*)+0x10e
C  [libsystem_pthread.dylib+0x64e1]  _pthread_start+0x7d
C  [libsystem_pthread.dylib+0x1f6b]  thread_start+0xf

siginfo: si_signo: 11 (SIGSEGV), si_code: 1 (SEGV_MAPERR), si_addr: 0x0000000000000008

Registers:
RAX=0x0000000000000000, RBX=0x0000700005c32ba8, RCX=0x00007f7861159c10, RDX=0x00007f786202fcc0
RSP=0x0000700005c32740, RBP=0x0000700005c327a0, RSI=0x0000000000000156, RDI=0x0000700005c32c50
R8 =0x00000000000002bc, R9 =0x00007f7860a43010, R10=0x0000000000000000, R11=0x00007f78621e4e20
R12=0x0000000000000000, R13=0x0000700005c32c58, R14=0x0000000000000000, R15=0x00007f78620a5c90
RIP=0x00000001120ae7fa, EFLAGS=0x0000000000010202, ERR=0x0000000000000004
  TRAPNO=0x000000000000000e


Register to memory mapping:

RAX=0x0 is null
RBX=0x0000700005c32ba8 is pointing into the stack for thread: 0x00007f786200d800
RCX=0x00007f7861159c10 points into unknown readable memory: 0x0000000000000000 | 00 00 00 00 00 00 00 00
RDX=0x00007f786202fcc0 points into unknown readable memory: 0x00007f785ff1b1a0 | a0 b1 f1 5f 78 7f 00 00
RSP=0x0000700005c32740 is pointing into the stack for thread: 0x00007f786200d800
RBP=0x0000700005c327a0 is pointing into the stack for thread: 0x00007f786200d800
RSI=0x0000000000000156 is an unknown value
RDI=0x0000700005c32c50 is pointing into the stack for thread: 0x00007f786200d800
R8 =0x00000000000002bc is an unknown value
R9 =0x00007f7860a43010 points into unknown readable memory: 0x00007f78621ff708 | 08 f7 1f 62 78 7f 00 00
R10=0x0 is null
R11=0x00007f78621e4e20 points into unknown readable memory: 0x0000000800000882 | 82 08 00 00 08 00 00 00
R12=0x0 is null
R13=0x0000700005c32c58 is pointing into the stack for thread: 0x00007f786200d800
R14=0x0 is null
R15=0x00007f78620a5c90 points into unknown readable memory: 0x00000001126a28d0 | d0 28 6a 12 01 00 00 00

Top of Stack: (sp=0x0000700005c32740)
0x0000700005c32740:   0000700005c32ba8 00007f78600b9958
0x0000700005c32750:   00007f78621e4e20 00000000000002bc
0x0000700005c32760:   0000700005c32c50 00007f7800000000
0x0000700005c32770:   0000000163154010 00007f78620a5af8
0x0000700005c32780:   00007f78620a6fe8 00007f78620a6f80
0x0000700005c32790:   00007f78620a5af8 0000700005c32ba8
0x0000700005c327a0:   0000700005c327f0 00000001120ad566
0x0000700005c327b0:   00007f7862204f58 00007f78600bfac8
0x0000700005c327c0:   00007f78620a6ff8 00007f78620a5af8
0x0000700005c327d0:   00000000000002bc 0000000000000003
0x0000700005c327e0:   0000700005c32ba8 00007f78600bfac8
0x0000700005c327f0:   0000700005c32830 00000001120aeaef
0x0000700005c32800:   0000000000000003 00007f78620a5c20
0x0000700005c32810:   0000700005c32ba8 0000000000000003
0x0000700005c32820:   000000000000002a 0000700005c32ad0
0x0000700005c32830:   0000700005c328a0 00000001120ac051
0x0000700005c32840:   0000700005c32880 0000700005c32c10
0x0000700005c32850:   0000700005c32ad0 0000700005c32b30
0x0000700005c32860:   00007f78620a5af8 0000700005c32af0
0x0000700005c32870:   0000000305c32c50 0000700005c32ba8
0x0000700005c32880:   0000000000000002 0000700005c32bb8
0x0000700005c32890:   0000000000000001 00007f785ff1b220
0x0000700005c328a0:   0000700005c32b90 00000001120aa83f
0x0000700005c328b0:   000000003730cde9 00007f7860b11b70
0x0000700005c328c0:   0000700000000004 00007f78620e25e8
0x0000700005c328d0:   0000700000000000 00000001121f1afc
0x0000700005c328e0:   00007f78600911f0 00007f78600911f8
0x0000700005c328f0:   00007f786080f5c8 00000001121eee61
0x0000700005c32900:   00007f786201ccc8 0000000000000004
0x0000700005c32910:   0000700005c32a00 00000001123e313b
0x0000700005c32920:   0000700005c32a10 00000001121f1afc
0x0000700005c32930:   00007f7860055828 00007f7860055830 

Instructions: (pc=0x00000001120ae7fa)
0x00000001120ae6fa:   c5 89 0f 89 c8 49 8b 4d 00 4e 39 04 f1 0f 84 7c
0x00000001120ae70a:   01 00 00 4d 63 74 24 28 44 39 f0 0f 8f cb 00 00
0x00000001120ae71a:   00 44 39 b3 ac 00 00 00 7f 36 41 8d 76 01 0f bd
0x00000001120ae72a:   ce 83 f1 1f f6 d9 b8 01 00 00 00 d3 e0 44 85 f6
0x00000001120ae73a:   0f 45 f0 45 85 f6 0f 48 f0 44 89 55 c8 e8 f4 eb
0x00000001120ae74a:   d1 ff 44 8b 55 c8 48 8b 7d c0 4c 8b 45 b8 8b 07
0x00000001120ae75a:   44 39 f0 7d 7d 48 63 c8 44 89 f2 29 c2 48 89 c8
0x00000001120ae76a:   48 f7 d0 4c 01 f0 48 83 e2 03 74 1e 66 2e 0f 1f
0x00000001120ae77a:   84 00 00 00 00 00 49 8b 75 00 48 c7 04 ce 00 00
0x00000001120ae78a:   00 00 48 ff c1 48 ff ca 75 ec 48 83 f8 03 72 42
0x00000001120ae79a:   66 0f 1f 44 00 00 49 8b 45 00 48 c7 04 c8 00 00
0x00000001120ae7aa:   00 00 49 8b 45 00 48 c7 44 c8 08 00 00 00 00 49
0x00000001120ae7ba:   8b 45 00 48 c7 44 c8 10 00 00 00 00 49 8b 45 00
0x00000001120ae7ca:   48 c7 44 c8 18 00 00 00 00 48 83 c1 04 49 39 ce
0x00000001120ae7da:   75 c4 41 8d 46 01 89 07 49 8b 4d 00 4e 89 04 f1
0x00000001120ae7ea:   41 8b 44 24 28 48 8b 8b c8 00 00 00 4c 8b 24 c1
0x00000001120ae7fa:   49 8b 54 24 08 48 83 3a 00 75 4b 8b 53 20 eb 1d
0x00000001120ae80a:   66 0f 1f 44 00 00 4c 8b 4b 28 4d 8b 24 f1 49 83
0x00000001120ae81a:   e4 fe 49 8b 74 24 08 48 83 3e 00 75 29 41 8b 74
0x00000001120ae82a:   24 28 39 f2 77 e0 45 31 e4 49 83 e4 fe 49 8b 74
0x00000001120ae83a:   24 08 48 83 3e 00 74 e5 66 66 66 66 66 2e 0f 1f
0x00000001120ae84a:   84 00 00 00 00 00 4c 89 24 c1 41 8b 44 24 28 3b
0x00000001120ae85a:   83 c4 00 00 00 73 2d 48 8b 8b d0 00 00 00 8b 04
0x00000001120ae86a:   81 89 45 d4 e9 4d f6 ff ff 4c 8b 65 a8 4c 89 e0
0x00000001120ae87a:   48 83 c4 38 5b 41 5c 41 5d 41 5e 41 5f 5d c3 4d
0x00000001120ae88a:   89 fc eb e9 48 8d 3d 0c 47 48 00 48 8d 15 fd 6b
0x00000001120ae89a:   4c 00 48 8d 0d 05 84 4a 00 be 93 04 00 00 31 c0
0x00000001120ae8aa:   e8 81 6e bb ff 48 8d 3d eb 46 48 00 48 8d 15 a8
0x00000001120ae8ba:   6b 4c 00 48 8d 0d c0 6b 4c 00 be 92 04 00 00 31
0x00000001120ae8ca:   c0 e8 60 6e bb ff 55 48 89 e5 ba 01 00 00 00 5d
0x00000001120ae8da:   e9 11 00 00 00 90 55 48 89 e5 5d c3 66 2e 0f 1f
0x00000001120ae8ea:   84 00 00 00 00 00 55 48 89 e5 41 57 41 56 41 55 


Stack slot to memory mapping:

stack at sp + 0 slots: 0x0000700005c32ba8 is pointing into the stack for thread: 0x00007f786200d800
stack at sp + 1 slots: 0x00007f78600b9958 points into unknown readable memory: 0x00000001126a29a8 | a8 29 6a 12 01 00 00 00
stack at sp + 2 slots: 0x00007f78621e4e20 points into unknown readable memory: 0x0000000800000882 | 82 08 00 00 08 00 00 00
stack at sp + 3 slots: 0x00000000000002bc is an unknown value
stack at sp + 4 slots: 0x0000700005c32c50 is pointing into the stack for thread: 0x00007f786200d800
stack at sp + 5 slots: 0x00007f7800000000 is an unknown value
stack at sp + 6 slots: 0x0000000163154010 is an unknown value
stack at sp + 7 slots: 0x00007f78620a5af8 points into unknown readable memory: 0x00000001126a12a8 | a8 12 6a 12 01 00 00 00


---------------  P R O C E S S  ---------------

Threads class SMR info:
_java_thread_list=0x00007f786360f8b0, length=16, elements={
0x00007f7860008c00, 0x00007f786200d000, 0x00007f786100e200, 0x00007f7861010c00,
0x00007f786001fc00, 0x00007f786001b400, 0x00007f786200d800, 0x00007f786182e600,
0x00007f786001bc00, 0x00007f7861010400, 0x00007f78610d8400, 0x00007f786186f000,
0x00007f78610cea00, 0x00007f78611e5600, 0x00007f786222c800, 0x00007f78602e6c00
}

Java Threads: ( => current thread )
  0x00007f7860008c00 JavaThread "main"                              [_thread_blocked, id=6403, stack(0x0000700005115000,0x0000700005215000) (1024K)]
  0x00007f786200d000 JavaThread "Reference Handler"          daemon [_thread_blocked, id=42499, stack(0x0000700005627000,0x0000700005727000) (1024K)]
  0x00007f786100e200 JavaThread "Finalizer"                  daemon [_thread_blocked, id=42243, stack(0x000070000572a000,0x000070000582a000) (1024K)]
  0x00007f7861010c00 JavaThread "Signal Dispatcher"          daemon [_thread_blocked, id=23555, stack(0x000070000582d000,0x000070000592d000) (1024K)]
  0x00007f786001fc00 JavaThread "Service Thread"             daemon [_thread_blocked, id=23811, stack(0x0000700005930000,0x0000700005a30000) (1024K)]
  0x00007f786001b400 JavaThread "Monitor Deflation Thread"   daemon [_thread_blocked, id=41475, stack(0x0000700005a33000,0x0000700005b33000) (1024K)]
=>0x00007f786200d800 JavaThread "C2 CompilerThread0"         daemon [_thread_in_native, id=41219, stack(0x0000700005b36000,0x0000700005c36000) (1024K)]
  0x00007f786182e600 JavaThread "C1 CompilerThread0"         daemon [_thread_blocked, id=24323, stack(0x0000700005c39000,0x0000700005d39000) (1024K)]
  0x00007f786001bc00 JavaThread "Common-Cleaner"             daemon [_thread_blocked, id=24579, stack(0x0000700005d3c000,0x0000700005e3c000) (1024K)]
  0x00007f7861010400 JavaThread "Notification Thread"        daemon [_thread_blocked, id=25091, stack(0x0000700005f42000,0x0000700006042000) (1024K)]
  0x00007f78610d8400 JavaThread "C2 CompilerThread1"         daemon [_thread_in_native, id=40199, stack(0x0000700005e3f000,0x0000700005f3f000) (1024K)]
  0x00007f786186f000 JavaThread "Active Thread: Equinox Container: ce623b26-2006-4b08-bb80-4bef3492fae1"        [_thread_blocked, id=39427, stack(0x000070000634e000,0x000070000644e000) (1024K)]
  0x00007f78610cea00 JavaThread "Refresh Thread: Equinox Container: ce623b26-2006-4b08-bb80-4bef3492fae1" daemon [_thread_blocked, id=26883, stack(0x0000700006451000,0x0000700006551000) (1024K)]
  0x00007f78611e5600 JavaThread "Framework Event Dispatcher: Equinox Container: ce623b26-2006-4b08-bb80-4bef3492fae1" daemon [_thread_blocked, id=28675, stack(0x0000700006554000,0x0000700006654000) (1024K)]
  0x00007f786222c800 JavaThread "Start Level: Equinox Container: ce623b26-2006-4b08-bb80-4bef3492fae1" daemon [_thread_in_Java, id=29451, stack(0x0000700006657000,0x0000700006757000) (1024K)]
  0x00007f78602e6c00 JavaThread "Bundle File Closer"         daemon [_thread_blocked, id=83979, stack(0x000070000675a000,0x000070000685a000) (1024K)]
Total: 16

Other Threads:
  0x00007f785ff128a0 VMThread "VM Thread"                           [id=17923, stack(0x000070000541e000,0x000070000551e000) (1024K)]
  0x00007f7860b09140 WatcherThread "VM Periodic Task Thread"        [id=19203, stack(0x000070000531b000,0x000070000541b000) (1024K)]
  0x00007f78609136a0 WorkerThread "GC Thread#0"                     [id=19971, stack(0x0000700005218000,0x0000700005318000) (1024K)]
  0x00007f785ff6b680 WorkerThread "GC Thread#1"                     [id=25603, stack(0x0000700006045000,0x0000700006145000) (1024K)]
  0x00007f785ff6d290 WorkerThread "GC Thread#2"                     [id=39939, stack(0x0000700006148000,0x0000700006248000) (1024K)]
  0x00007f7860953dd0 WorkerThread "GC Thread#3"                     [id=26371, stack(0x000070000624b000,0x000070000634b000) (1024K)]
Total: 6

Threads with active compile tasks:
C2 CompilerThread0  4460 2031       4       org.eclipse.osgi.util.ManifestElement::readLine (122 bytes)
C2 CompilerThread1  4460 2068   !   4       java.io.BufferedInputStream::mark (62 bytes)
Total: 2

VM state: not at safepoint (normal execution)

VM Mutex/Monitor currently owned by a thread: None

Heap address: 0x00000007c0000000, size: 1024 MB, Compressed Oops mode: Zero based, Oop shift amount: 3

CDS archive(s) mapped at: [0x0000000127000000-0x0000000127bab000-0x0000000127bab000), size 12234752, SharedBaseAddress: 0x0000000127000000, ArchiveRelocationMode: 1.
Compressed class space mapped at: 0x0000000128000000-0x0000000168000000, reserved size: 1073741824
Narrow klass base: 0x0000000127000000, Narrow klass shift: 0, Narrow klass range: 0x100000000

GC Precious Log:
 CardTable entry size: 512
 CPUs: 4 total, 4 available
 Memory: 8192M
 Large Page Support: Disabled
 NUMA Support: Disabled
 Compressed Oops: Enabled (Zero based)
 Alignments: Space 512K, Generation 512K, Heap 2M
 Heap Min Capacity: 100M
 Heap Initial Capacity: 100M
 Heap Max Capacity: 1G
 Pre-touch: Disabled
 Parallel Workers: 4

Heap:
 PSYoungGen      total 29696K, used 25899K [0x00000007eab00000, 0x00000007ecc00000, 0x0000000800000000)
  eden space 25600K, 85% used [0x00000007eab00000,0x00000007ec04dab0,0x00000007ec400000)
  from space 4096K, 99% used [0x00000007ec800000,0x00000007ecbfd168,0x00000007ecc00000)
  to   space 4096K, 0% used [0x00000007ec400000,0x00000007ec400000,0x00000007ec800000)
 ParOldGen       total 68608K, used 2259K [0x00000007c0000000, 0x00000007c4300000, 0x00000007eab00000)
  object space 68608K, 3% used [0x00000007c0000000,0x00000007c0234cd0,0x00000007c4300000)
 Metaspace       used 9040K, committed 9408K, reserved 1114112K
  class space    used 923K, committed 1088K, reserved 1048576K

Card table byte_map: [0x000000010f8eb000,0x000000010faec000] _byte_map_base: 0x000000010baeb000

Marking Bits: (ParMarkBitMap*) 0x00000001127367b0
 Begin Bits: [0x0000000124d72000, 0x0000000125d72000)
 End Bits:   [0x0000000125d72000, 0x0000000126d72000)

Polling page: 0x000000010d58a000

Metaspace:

Usage:
  Non-class:      7.93 MB used.
      Class:    923.41 KB used.
       Both:      8.83 MB used.

Virtual space:
  Non-class space:       64.00 MB reserved,       8.12 MB ( 13%) committed,  1 nodes.
      Class space:        1.00 GB reserved,       1.06 MB ( <1%) committed,  1 nodes.
             Both:        1.06 GB reserved,       9.19 MB ( <1%) committed. 

Chunk freelists:
   Non-Class:  6.98 MB
       Class:  14.85 MB
        Both:  21.83 MB

MaxMetaspaceSize: unlimited
CompressedClassSpaceSize: 1.00 GB
Initial GC threshold: 21.00 MB
Current GC threshold: 21.00 MB
CDS: on
 - commit_granule_bytes: 65536.
 - commit_granule_words: 8192.
 - virtual_space_node_default_size: 8388608.
 - enlarge_chunks_in_place: 1.
 - use_allocation_guard: 0.


Internal statistics:

num_allocs_failed_limit: 0.
num_arena_births: 250.
num_arena_deaths: 0.
num_vsnodes_births: 2.
num_vsnodes_deaths: 0.
num_space_committed: 147.
num_space_uncommitted: 0.
num_chunks_returned_to_freelist: 0.
num_chunks_taken_from_freelist: 475.
num_chunk_merges: 0.
num_chunk_splits: 316.
num_chunks_enlarged: 210.
num_inconsistent_stats: 0.

CodeHeap 'non-profiled nmethods': size=120032Kb used=914Kb max_used=914Kb free=119117Kb
 bounds [0x000000011d83a000, 0x000000011daaa000, 0x0000000124d72000]
CodeHeap 'profiled nmethods': size=120028Kb used=3655Kb max_used=3655Kb free=116372Kb
 bounds [0x0000000115d72000, 0x0000000116112000, 0x000000011d2a9000]
CodeHeap 'non-nmethods': size=5700Kb used=1220Kb max_used=1253Kb free=4480Kb
 bounds [0x000000011d2a9000, 0x000000011d519000, 0x000000011d83a000]
 total_blobs=2580 nmethods=2088 adapters=399
 compilation: enabled
              stopped_count=0, restarted_count=0
 full_count=0

Compilation events (20 events):
Event: 4.407 Thread 0x00007f786182e600 2058       1       aQute.bnd.stream.EntryPipeline::entries (5 bytes)
Event: 4.407 Thread 0x00007f786182e600 nmethod 2058 0x000000011d91a510 code [0x000000011d91a6a0, 0x000000011d91a768]
Event: 4.411 Thread 0x00007f786182e600 2059       1       java.util.Collections$EmptyList::size (2 bytes)
Event: 4.411 Thread 0x00007f786182e600 nmethod 2059 0x000000011d91a810 code [0x000000011d91a9a0, 0x000000011d91aa60]
Event: 4.412 Thread 0x00007f786182e600 2060       3       java.util.zip.ZipFile$Source::initCEN (612 bytes)
Event: 4.416 Thread 0x00007f786182e600 nmethod 2060 0x00000001160e8590 code [0x00000001160e8ae0, 0x00000001160eba18]
Event: 4.416 Thread 0x00007f786182e600 2061       3       java.util.stream.StreamSpliterators$WrappingSpliterator$$Lambda/0x00000001280c9978::getAsBoolean (8 bytes)
Event: 4.416 Thread 0x00007f786182e600 nmethod 2061 0x00000001160ecd90 code [0x00000001160ecf40, 0x00000001160ed188]
Event: 4.416 Thread 0x00007f786182e600 2062       3       java.util.stream.StreamSpliterators$WrappingSpliterator::lambda$initPartialTraversalState$0 (14 bytes)
Event: 4.416 Thread 0x00007f786182e600 nmethod 2062 0x00000001160ed290 code [0x00000001160ed440, 0x00000001160ed620]
Event: 4.416 Thread 0x00007f786182e600 2063       3       java.util.AbstractCollection::isEmpty (13 bytes)
Event: 4.416 Thread 0x00007f786182e600 nmethod 2063 0x00000001160ed710 code [0x00000001160ed8c0, 0x00000001160edad0]
Event: 4.418 Thread 0x00007f786182e600 2064       3       java.util.ResourceBundle::getObject (82 bytes)
Event: 4.419 Thread 0x00007f786182e600 nmethod 2064 0x00000001160edb90 code [0x00000001160ede40, 0x00000001160ee948]
Event: 4.420 Thread 0x00007f786182e600 2065   !   3       org.eclipse.osgi.storage.bundlefile.CloseableBundleFile$BundleEntryInputStream::read (17 bytes)
Event: 4.420 Thread 0x00007f786182e600 nmethod 2065 0x00000001160eed90 code [0x00000001160eef60, 0x00000001160ef200]
Event: 4.420 Thread 0x00007f786182e600 2067       3       java.nio.Buffer::hasRemaining (17 bytes)
Event: 4.421 Thread 0x00007f786182e600 nmethod 2067 0x00000001160ef390 code [0x00000001160ef520, 0x00000001160ef680]
Event: 4.421 Thread 0x00007f786182e600 2066       3       java.nio.ByteBuffer::position (6 bytes)
Event: 4.421 Thread 0x00007f786182e600 nmethod 2066 0x00000001160ef710 code [0x00000001160ef8c0, 0x00000001160efa80]

GC Heap History (4 events):
Event: 2.032 GC heap before
{Heap before GC invocations=1 (full 0):
 PSYoungGen      total 29696K, used 25600K [0x00000007eab00000, 0x00000007ecc00000, 0x0000000800000000)
  eden space 25600K, 100% used [0x00000007eab00000,0x00000007ec400000,0x00000007ec400000)
  from space 4096K, 0% used [0x00000007ec800000,0x00000007ec800000,0x00000007ecc00000)
  to   space 4096K, 0% used [0x00000007ec400000,0x00000007ec400000,0x00000007ec800000)
 ParOldGen       total 68608K, used 1047K [0x00000007c0000000, 0x00000007c4300000, 0x00000007eab00000)
  object space 68608K, 1% used [0x00000007c0000000,0x00000007c0105d48,0x00000007c4300000)
 Metaspace       used 4413K, committed 4672K, reserved 1114112K
  class space    used 456K, committed 576K, reserved 1048576K
}
Event: 2.043 GC heap after
{Heap after GC invocations=1 (full 0):
 PSYoungGen      total 29696K, used 2853K [0x00000007eab00000, 0x00000007ecc00000, 0x0000000800000000)
  eden space 25600K, 0% used [0x00000007eab00000,0x00000007eab00000,0x00000007ec400000)
  from space 4096K, 69% used [0x00000007ec400000,0x00000007ec6c97f0,0x00000007ec800000)
  to   space 4096K, 0% used [0x00000007ec800000,0x00000007ec800000,0x00000007ecc00000)
 ParOldGen       total 68608K, used 1055K [0x00000007c0000000, 0x00000007c4300000, 0x00000007eab00000)
  object space 68608K, 1% used [0x00000007c0000000,0x00000007c0107d48,0x00000007c4300000)
 Metaspace       used 4413K, committed 4672K, reserved 1114112K
  class space    used 456K, committed 576K, reserved 1048576K
}
Event: 3.719 GC heap before
{Heap before GC invocations=2 (full 0):
 PSYoungGen      total 29696K, used 28453K [0x00000007eab00000, 0x00000007ecc00000, 0x0000000800000000)
  eden space 25600K, 100% used [0x00000007eab00000,0x00000007ec400000,0x00000007ec400000)
  from space 4096K, 69% used [0x00000007ec400000,0x00000007ec6c97f0,0x00000007ec800000)
  to   space 4096K, 0% used [0x00000007ec800000,0x00000007ec800000,0x00000007ecc00000)
 ParOldGen       total 68608K, used 1055K [0x00000007c0000000, 0x00000007c4300000, 0x00000007eab00000)
  object space 68608K, 1% used [0x00000007c0000000,0x00000007c0107d48,0x00000007c4300000)
 Metaspace       used 8016K, committed 8320K, reserved 1114112K
  class space    used 806K, committed 960K, reserved 1048576K
}
Event: 3.742 GC heap after
{Heap after GC invocations=2 (full 0):
 PSYoungGen      total 29696K, used 4084K [0x00000007eab00000, 0x00000007ecc00000, 0x0000000800000000)
  eden space 25600K, 0% used [0x00000007eab00000,0x00000007eab00000,0x00000007ec400000)
  from space 4096K, 99% used [0x00000007ec800000,0x00000007ecbfd168,0x00000007ecc00000)
  to   space 4096K, 0% used [0x00000007ec400000,0x00000007ec400000,0x00000007ec800000)
 ParOldGen       total 68608K, used 2259K [0x00000007c0000000, 0x00000007c4300000, 0x00000007eab00000)
  object space 68608K, 3% used [0x00000007c0000000,0x00000007c0234cd0,0x00000007c4300000)
 Metaspace       used 8016K, committed 8320K, reserved 1114112K
  class space    used 806K, committed 960K, reserved 1048576K
}

Dll operation events (9 events):
Event: 0.009 Loaded shared library /Users/DORCH/.vscode/extensions/redhat.java-1.41.1-darwin-x64/jre/21.0.6-macosx-x86_64/lib/libjava.dylib
Event: 0.093 Loaded shared library /Users/DORCH/.vscode/extensions/redhat.java-1.41.1-darwin-x64/jre/21.0.6-macosx-x86_64/lib/libzip.dylib
Event: 0.132 Loaded shared library /Users/DORCH/.vscode/extensions/redhat.java-1.41.1-darwin-x64/jre/21.0.6-macosx-x86_64/lib/libinstrument.dylib
Event: 0.139 Loaded shared library /Users/DORCH/.vscode/extensions/redhat.java-1.41.1-darwin-x64/jre/21.0.6-macosx-x86_64/lib/libnio.dylib
Event: 0.145 Loaded shared library /Users/DORCH/.vscode/extensions/redhat.java-1.41.1-darwin-x64/jre/21.0.6-macosx-x86_64/lib/libzip.dylib
Event: 0.174 Loaded shared library /Users/DORCH/.vscode/extensions/redhat.java-1.41.1-darwin-x64/jre/21.0.6-macosx-x86_64/lib/libjimage.dylib
Event: 0.288 Loaded shared library /Users/DORCH/.vscode/extensions/redhat.java-1.41.1-darwin-x64/jre/21.0.6-macosx-x86_64/lib/libverify.dylib
Event: 2.224 Loaded shared library /Users/DORCH/.vscode/extensions/redhat.java-1.41.1-darwin-x64/jre/21.0.6-macosx-x86_64/lib/libnet.dylib
Event: 3.702 Loaded shared library /Users/DORCH/Library/Application Support/Code/User/globalStorage/redhat.java/1.41.1/config_mac/org.eclipse.equinox.launcher/org.eclipse.equinox.launcher.cocoa.macosx.x86_64_1.2.1300.v20250331-1702/eclipse_11911.so

Deoptimization events (20 events):
Event: 4.399 Thread 0x00007f786222c800 Uncommon trap: trap_request=0xffffff45 fr.pc=0x000000011d8a018c relative=0x00000000000014cc
Event: 4.399 Thread 0x00007f786222c800 Uncommon trap: reason=unstable_if action=reinterpret pc=0x000000011d8a018c method=java.util.jar.Manifest$FastInputStream.readLine([BII)I @ 106 c2
Event: 4.399 Thread 0x00007f786222c800 DEOPT PACKING pc=0x000000011d8a018c sp=0x0000700006754cc0
Event: 4.399 Thread 0x00007f786222c800 DEOPT UNPACKING pc=0x000000011d2fc399 sp=0x0000700006754b90 mode 2
Event: 4.399 Thread 0x00007f786222c800 Uncommon trap: trap_request=0xffffff45 fr.pc=0x000000011d8983c8 relative=0x0000000000000468
Event: 4.399 Thread 0x00007f786222c800 Uncommon trap: reason=unstable_if action=reinterpret pc=0x000000011d8983c8 method=java.util.jar.Manifest$FastInputStream.readLine([BII)I @ 106 c2
Event: 4.399 Thread 0x00007f786222c800 DEOPT PACKING pc=0x000000011d8983c8 sp=0x0000700006754c50
Event: 4.399 Thread 0x00007f786222c800 DEOPT UNPACKING pc=0x000000011d2fc399 sp=0x0000700006754b88 mode 2
Event: 4.399 Thread 0x00007f786222c800 Uncommon trap: trap_request=0xffffff45 fr.pc=0x000000011d889740 relative=0x0000000000000460
Event: 4.399 Thread 0x00007f786222c800 Uncommon trap: reason=unstable_if action=reinterpret pc=0x000000011d889740 method=java.util.jar.Manifest$FastInputStream.readLine([BII)I @ 106 c2
Event: 4.399 Thread 0x00007f786222c800 DEOPT PACKING pc=0x000000011d889740 sp=0x0000700006754be0
Event: 4.399 Thread 0x00007f786222c800 DEOPT UNPACKING pc=0x000000011d2fc399 sp=0x0000700006754b90 mode 2
Event: 4.399 Thread 0x00007f786222c800 Uncommon trap: trap_request=0xffffff45 fr.pc=0x000000011d89945c relative=0x00000000000000bc
Event: 4.399 Thread 0x00007f786222c800 Uncommon trap: reason=unstable_if action=reinterpret pc=0x000000011d89945c method=java.util.jar.Manifest$FastInputStream.peek()B @ 23 c2
Event: 4.399 Thread 0x00007f786222c800 DEOPT PACKING pc=0x000000011d89945c sp=0x0000700006754c90
Event: 4.399 Thread 0x00007f786222c800 DEOPT UNPACKING pc=0x000000011d2fc399 sp=0x0000700006754c48 mode 2
Event: 4.408 Thread 0x00007f786222c800 DEOPT PACKING pc=0x00000001160a6f53 sp=0x0000700006755540
Event: 4.408 Thread 0x00007f786222c800 DEOPT UNPACKING pc=0x000000011d2fcb2f sp=0x0000700006754a40 mode 0
Event: 4.419 Thread 0x00007f786222c800 DEOPT PACKING pc=0x00000001160a6f53 sp=0x0000700006755540
Event: 4.419 Thread 0x00007f786222c800 DEOPT UNPACKING pc=0x000000011d2fcb2f sp=0x0000700006754a40 mode 0

Classes loaded (20 events):
Event: 3.952 Loading class sun/util/logging/resources/logging_en_PH
Event: 3.952 Loading class sun/util/logging/resources/logging_en_PH done
Event: 3.957 Loading class java/util/Formatter$DateTime
Event: 3.957 Loading class java/util/Formatter$DateTime done
Event: 3.957 Loading class java/util/Formatter$FixedString
Event: 3.957 Loading class java/util/Formatter$FixedString done
Event: 3.958 Loading class java/time/ZonedDateTime$1
Event: 3.958 Loading class java/time/ZonedDateTime$1 done
Event: 3.971 Loading class jdk/internal/module/ModulePatcher$PatchedModuleReader
Event: 3.971 Loading class jdk/internal/module/ModulePatcher$PatchedModuleReader done
Event: 3.985 Loading class sun/util/resources/LocaleData$CommonResourceBundleProvider
Event: 3.986 Loading class sun/util/resources/LocaleData$LocaleDataResourceBundleProvider
Event: 3.986 Loading class java/util/spi/ResourceBundleProvider
Event: 3.986 Loading class java/util/spi/ResourceBundleProvider done
Event: 3.986 Loading class sun/util/resources/LocaleData$LocaleDataResourceBundleProvider done
Event: 3.986 Loading class sun/util/resources/LocaleData$CommonResourceBundleProvider done
Event: 3.987 Loading class sun/text/resources/cldr/FormatData_en
Event: 3.988 Loading class sun/text/resources/cldr/FormatData_en done
Event: 3.988 Loading class sun/util/resources/Bundles$2
Event: 3.988 Loading class sun/util/resources/Bundles$2 done

Classes unloaded (0 events):
No events

Classes redefined (0 events):
No events

Internal exceptions (20 events):
Event: 2.007 Thread 0x00007f7860008c00 Exception <a 'java/lang/NoSuchMethodError'{0x00000007ec399230}: 'void java.lang.invoke.DirectMethodHandle$Holder.invokeStatic(java.lang.Object, java.lang.Object, java.lang.Object, java.lang.Object)'> (0x00000007ec399230) 
thrown [src/hotspot/share/interpreter/linkResolver.cpp, line 773]
Event: 2.008 Thread 0x00007f7860008c00 Implicit null exception at 0x000000011d894c9d to 0x000000011d894eb4
Event: 2.009 Thread 0x00007f7860008c00 Implicit null exception at 0x000000011d8878bd to 0x000000011d887941
Event: 2.125 Thread 0x00007f7860008c00 Exception <a 'java/lang/NoSuchMethodError'{0x00000007ead154c8}: 'long java.lang.invoke.DirectMethodHandle$Holder.invokeStatic(java.lang.Object, java.lang.Object, int)'> (0x00000007ead154c8) 
thrown [src/hotspot/share/interpreter/linkResolver.cpp, line 773]
Event: 2.126 Thread 0x00007f7860008c00 Exception <a 'java/lang/NoSuchMethodError'{0x00000007ead1cfd0}: 'java.lang.Object java.lang.invoke.DirectMethodHandle$Holder.invokeSpecial(java.lang.Object, java.lang.Object, java.lang.Object, java.lang.Object, long)'> (0x00000007ead1cfd0) 
thrown [src/hotspot/share/interpreter/linkResolver.cpp, line 773]
Event: 2.129 Thread 0x00007f7860008c00 Exception <a 'java/lang/NoSuchMethodError'{0x00000007ead2aba8}: 'java.lang.Object java.lang.invoke.DirectMethodHandle$Holder.invokeSpecial(java.lang.Object, java.lang.Object, java.lang.Object, int, java.lang.Object)'> (0x00000007ead2aba8) 
thrown [src/hotspot/share/interpreter/linkResolver.cpp, line 773]
Event: 2.149 Thread 0x00007f7860008c00 Exception <a 'java/lang/NoSuchMethodError'{0x00000007ead42168}: 'java.lang.Object java.lang.invoke.Invokers$Holder.invokeExact_MT(java.lang.Object, java.lang.Object, java.lang.Object, java.lang.Object, java.lang.Object, java.lang.Object)'> (0x00000007ead42168) 
thrown [src/hotspot/share/interpreter/linkResolver.cpp, line 773]
Event: 2.153 Thread 0x00007f7860008c00 Exception <a 'java/lang/NoSuchMethodError'{0x00000007ead5b9e8}: 'int java.lang.invoke.DirectMethodHandle$Holder.invokeStaticInit(java.lang.Object, java.lang.Object, java.lang.Object, java.lang.Object)'> (0x00000007ead5b9e8) 
thrown [src/hotspot/share/interpreter/linkResolver.cpp, line 773]
Event: 2.156 Thread 0x00007f7860008c00 Exception <a 'java/lang/NoSuchMethodError'{0x00000007ead641a0}: 'java.lang.Object java.lang.invoke.DirectMethodHandle$Holder.invokeInterface(java.lang.Object, java.lang.Object)'> (0x00000007ead641a0) 
thrown [src/hotspot/share/interpreter/linkResolver.cpp, line 773]
Event: 2.156 Thread 0x00007f7860008c00 Exception <a 'java/lang/IncompatibleClassChangeError'{0x00000007ead676d8}: Found class java.lang.Object, but interface was expected> (0x00000007ead676d8) 
thrown [src/hotspot/share/interpreter/linkResolver.cpp, line 840]
Event: 2.157 Thread 0x00007f7860008c00 Exception <a 'java/lang/NoSuchMethodError'{0x00000007ead6b820}: 'void java.lang.invoke.DirectMethodHandle$Holder.invokeStatic(java.lang.Object, java.lang.Object)'> (0x00000007ead6b820) 
thrown [src/hotspot/share/interpreter/linkResolver.cpp, line 773]
Event: 2.158 Thread 0x00007f7860008c00 Exception <a 'java/lang/NoSuchMethodError'{0x00000007ead6ebc8}: 'void java.lang.invoke.DirectMethodHandle$Holder.invokeStaticInit(java.lang.Object, java.lang.Object)'> (0x00000007ead6ebc8) 
thrown [src/hotspot/share/interpreter/linkResolver.cpp, line 773]
Event: 2.161 Thread 0x00007f7860008c00 Exception <a 'java/lang/NoSuchMethodError'{0x00000007ead75bb8}: 'int java.lang.invoke.DirectMethodHandle$Holder.invokeStaticInit(java.lang.Object, java.lang.Object)'> (0x00000007ead75bb8) 
thrown [src/hotspot/share/interpreter/linkResolver.cpp, line 773]
Event: 2.308 Thread 0x00007f7860008c00 Exception <a 'java/lang/NoSuchMethodError'{0x00000007eaec9f48}: 'void java.lang.invoke.DirectMethodHandle$Holder.invokeSpecial(java.lang.Object, java.lang.Object, java.lang.Object)'> (0x00000007eaec9f48) 
thrown [src/hotspot/share/interpreter/linkResolver.cpp, line 773]
Event: 3.046 Thread 0x00007f7860008c00 Exception <a 'java/lang/NoSuchMethodError'{0x00000007eb8a4ca8}: 'int java.lang.invoke.DirectMethodHandle$Holder.invokeVirtual(java.lang.Object, java.lang.Object)'> (0x00000007eb8a4ca8) 
thrown [src/hotspot/share/interpreter/linkResolver.cpp, line 773]
Event: 3.240 Thread 0x00007f7860008c00 Exception <a 'java/lang/NoSuchMethodError'{0x00000007ebbd65c8}: 'java.lang.Object java.lang.invoke.DirectMethodHandle$Holder.newInvokeSpecial(java.lang.Object, int, java.lang.Object)'> (0x00000007ebbd65c8) 
thrown [src/hotspot/share/interpreter/linkResolver.cpp, line 773]
Event: 3.431 Thread 0x00007f7860008c00 Exception <a 'java/lang/NoSuchMethodError'{0x00000007ebd6d1b8}: 'java.lang.Object java.lang.invoke.DirectMethodHandle$Holder.newInvokeSpecial(java.lang.Object, java.lang.Object, java.lang.Object, java.lang.Object, int, java.lang.Object)'> (0x00000007ebd6d1b8) 
thrown [src/hotspot/share/interpreter/linkResolver.cpp, line 773]
Event: 3.662 Thread 0x00007f7860008c00 Exception <a 'java/lang/UnsatisfiedLinkError'{0x00000007ec1a3e78}: 'void org.eclipse.equinox.launcher.JNIBridge._update_splash()'> (0x00000007ec1a3e78) 
thrown [src/hotspot/share/prims/nativeLookup.cpp, line 415]
Event: 3.883 Thread 0x00007f786222c800 Exception <a 'java/lang/NoSuchMethodError'{0x00000007eaf589b0}: 'java.lang.Object java.lang.invoke.DirectMethodHandle$Holder.newInvokeSpecial(java.lang.Object, java.lang.Object, int, java.lang.Object)'> (0x00000007eaf589b0) 
thrown [src/hotspot/share/interpreter/linkResolver.cpp, line 773]
Event: 3.949 Thread 0x00007f786222c800 Exception <a 'java/lang/ClassNotFoundException'{0x00000007eb157b98}: sun/util/logging/resources/spi/loggingProvider> (0x00000007eb157b98) 
thrown [src/hotspot/share/classfile/systemDictionary.cpp, line 312]

ZGC Phase Switch (0 events):
No events

VM Operations (20 events):
Event: 3.046 Executing VM operation: Cleanup
Event: 3.050 Executing VM operation: Cleanup done
Event: 3.187 Executing VM operation: HandshakeAllThreads (Deoptimize)
Event: 3.187 Executing VM operation: HandshakeAllThreads (Deoptimize) done
Event: 3.199 Executing VM operation: HandshakeAllThreads (Deoptimize)
Event: 3.199 Executing VM operation: HandshakeAllThreads (Deoptimize) done
Event: 3.412 Executing VM operation: HandshakeAllThreads (Deoptimize)
Event: 3.412 Executing VM operation: HandshakeAllThreads (Deoptimize) done
Event: 3.719 Executing VM operation: ParallelGCFailedAllocation (Allocation Failure)
Event: 3.742 Executing VM operation: ParallelGCFailedAllocation (Allocation Failure) done
Event: 3.843 Executing VM operation: HandshakeAllThreads (Deoptimize)
Event: 3.843 Executing VM operation: HandshakeAllThreads (Deoptimize) done
Event: 3.932 Executing VM operation: HandshakeAllThreads (Deoptimize)
Event: 3.932 Executing VM operation: HandshakeAllThreads (Deoptimize) done
Event: 3.972 Executing VM operation: HandshakeAllThreads (Deoptimize)
Event: 3.972 Executing VM operation: HandshakeAllThreads (Deoptimize) done
Event: 3.994 Executing VM operation: HandshakeAllThreads (Deoptimize)
Event: 3.995 Executing VM operation: HandshakeAllThreads (Deoptimize) done
Event: 4.031 Executing VM operation: HandshakeAllThreads (Deoptimize)
Event: 4.031 Executing VM operation: HandshakeAllThreads (Deoptimize) done

Memory protections (17 events):
Event: 0.009 Protecting memory [0x0000700005115000,0x0000700005119000] with protection modes 0
Event: 0.040 Protecting memory [0x0000700005627000,0x000070000562b000] with protection modes 0
Event: 0.040 Protecting memory [0x000070000572a000,0x000070000572e000] with protection modes 0
Event: 0.041 Protecting memory [0x000070000582d000,0x0000700005831000] with protection modes 0
Event: 0.041 Protecting memory [0x0000700005930000,0x0000700005934000] with protection modes 0
Event: 0.041 Protecting memory [0x0000700005a33000,0x0000700005a37000] with protection modes 0
Event: 0.041 Protecting memory [0x0000700005b36000,0x0000700005b3a000] with protection modes 0
Event: 0.041 Protecting memory [0x0000700005c39000,0x0000700005c3d000] with protection modes 0
Event: 0.075 Protecting memory [0x0000700005d3c000,0x0000700005d40000] with protection modes 0
Event: 0.245 Protecting memory [0x0000700005e3f000,0x0000700005e43000] with protection modes 0
Event: 0.440 Protecting memory [0x0000700005f42000,0x0000700005f46000] with protection modes 0
Event: 2.126 Protecting memory [0x0000700005e3f000,0x0000700005e43000] with protection modes 3
Event: 2.476 Protecting memory [0x0000700005e3f000,0x0000700005e43000] with protection modes 0
Event: 3.144 Protecting memory [0x000070000634e000,0x0000700006352000] with protection modes 0
Event: 3.659 Protecting memory [0x0000700006451000,0x0000700006455000] with protection modes 0
Event: 3.708 Protecting memory [0x0000700006554000,0x0000700006558000] with protection modes 0
Event: 3.719 Protecting memory [0x0000700006657000,0x000070000665b000] with protection modes 0

Nmethod flushes (0 events):
No events

Events (18 events):
Event: 0.023 Thread 0x00007f7860008c00 Thread added: 0x00007f7860008c00
Event: 0.040 Thread 0x00007f7860008c00 Thread added: 0x00007f786200d000
Event: 0.040 Thread 0x00007f7860008c00 Thread added: 0x00007f786100e200
Event: 0.041 Thread 0x00007f7860008c00 Thread added: 0x00007f7861010c00
Event: 0.041 Thread 0x00007f7860008c00 Thread added: 0x00007f786001fc00
Event: 0.041 Thread 0x00007f7860008c00 Thread added: 0x00007f786001b400
Event: 0.041 Thread 0x00007f7860008c00 Thread added: 0x00007f786200d800
Event: 0.041 Thread 0x00007f7860008c00 Thread added: 0x00007f786182e600
Event: 0.075 Thread 0x00007f7860008c00 Thread added: 0x00007f786001bc00
Event: 0.245 Thread 0x00007f786182e600 Thread added: 0x00007f7862011000
Event: 0.440 Thread 0x00007f7860008c00 Thread added: 0x00007f7861010400
Event: 2.126 Thread 0x00007f7862011000 Thread exited: 0x00007f7862011000
Event: 2.476 Thread 0x00007f786182e600 Thread added: 0x00007f78610d8400
Event: 3.144 Thread 0x00007f7860008c00 Thread added: 0x00007f786186f000
Event: 3.659 Thread 0x00007f7860008c00 Thread added: 0x00007f78610cea00
Event: 3.708 Thread 0x00007f78610cea00 Thread added: 0x00007f78611e5600
Event: 3.719 Thread 0x00007f7860008c00 Thread added: 0x00007f786222c800
Event: 4.422 Thread 0x00007f786222c800 Thread added: 0x00007f78602e6c00


Dynamic libraries:
0x000000010d599000 	/Users/DORCH/.vscode/extensions/redhat.java-1.41.1-darwin-x64/jre/21.0.6-macosx-x86_64/lib/libjli.dylib
0x00007ff823484000 	/System/Library/Frameworks/Cocoa.framework/Versions/A/Cocoa
0x00007ff80f0c2000 	/System/Library/Frameworks/AppKit.framework/Versions/C/AppKit
0x00007ff8125d8000 	/System/Library/Frameworks/CoreData.framework/Versions/A/CoreData
0x00007ff80d4c1000 	/System/Library/Frameworks/Foundation.framework/Versions/C/Foundation
0x00007ff8173fb000 	/usr/lib/libSystem.B.dylib
0x00007ff80ff52000 	/System/Library/PrivateFrameworks/UIFoundation.framework/Versions/A/UIFoundation
0x00007ff81d372000 	/System/Library/PrivateFrameworks/RemoteViewServices.framework/Versions/A/RemoteViewServices
0x00007ff81564e000 	/System/Library/PrivateFrameworks/XCTTargetBootstrap.framework/Versions/A/XCTTargetBootstrap
0x00007ff819208000 	/System/Library/PrivateFrameworks/InternationalSupport.framework/Versions/A/InternationalSupport
0x00007ff819292000 	/System/Library/PrivateFrameworks/UserActivity.framework/Versions/A/UserActivity
0x00007ff8185e3000 	/usr/lib/libspindump.dylib
0x00007ff8101e1000 	/System/Library/Frameworks/UniformTypeIdentifiers.framework/Versions/A/UniformTypeIdentifiers
0x00007ff813d73000 	/usr/lib/libapp_launch_measurement.dylib
0x00007ff812faa000 	/System/Library/PrivateFrameworks/CoreAnalytics.framework/Versions/A/CoreAnalytics
0x00007ff813d76000 	/System/Library/PrivateFrameworks/CoreAutoLayout.framework/Versions/A/CoreAutoLayout
0x00007ff814fa6000 	/System/Library/Frameworks/Metal.framework/Versions/A/Metal
0x00007ff815cd5000 	/usr/lib/liblangid.dylib
0x00007ff815653000 	/System/Library/PrivateFrameworks/CoreSVG.framework/Versions/A/CoreSVG
0x00007ff8115cc000 	/System/Library/PrivateFrameworks/SkyLight.framework/Versions/A/SkyLight
0x00007ff81196b000 	/System/Library/Frameworks/CoreGraphics.framework/Versions/A/CoreGraphics
0x00007ff81da32000 	/System/Library/Frameworks/Accelerate.framework/Versions/A/Accelerate
0x00007ff818062000 	/System/Library/PrivateFrameworks/IconServices.framework/Versions/A/IconServices
0x00007ff814f8b000 	/System/Library/Frameworks/IOSurface.framework/Versions/A/IOSurface
0x00007ff812fd8000 	/usr/lib/libDiagnosticMessagesClient.dylib
0x00007ff81731b000 	/usr/lib/libz.1.dylib
0x00007ff821128000 	/System/Library/Frameworks/ApplicationServices.framework/Versions/A/ApplicationServices
0x00007ff81563a000 	/System/Library/PrivateFrameworks/DFRFoundation.framework/Versions/A/DFRFoundation
0x00007ff80e9a6000 	/usr/lib/libicucore.A.dylib
0x00007ff819ffe000 	/System/Library/Frameworks/AudioToolbox.framework/Versions/A/AudioToolbox
0x00007ff819214000 	/System/Library/PrivateFrameworks/DataDetectorsCore.framework/Versions/A/DataDetectorsCore
0x00007ff915716000 	/System/Library/PrivateFrameworks/TextInput.framework/Versions/A/TextInput
0x00007ff81154f000 	/usr/lib/libMobileGestalt.dylib
0x00007ff815346000 	/System/Library/Frameworks/Carbon.framework/Versions/A/Frameworks/HIToolbox.framework/Versions/A/HIToolbox
0x00007ff813775000 	/System/Library/Frameworks/QuartzCore.framework/Versions/A/QuartzCore
0x00007ff80e64b000 	/System/Library/Frameworks/Security.framework/Versions/A/Security
0x00007ff81d3aa000 	/System/Library/Frameworks/Carbon.framework/Versions/A/Frameworks/SpeechRecognition.framework/Versions/A/SpeechRecognition
0x00007ff813ad3000 	/System/Library/PrivateFrameworks/CoreUI.framework/Versions/A/CoreUI
0x00007ff80df15000 	/System/Library/Frameworks/CoreAudio.framework/Versions/A/CoreAudio
0x00007ff8130c7000 	/System/Library/Frameworks/DiskArbitration.framework/Versions/A/DiskArbitration
0x00007ff8189d4000 	/System/Library/PrivateFrameworks/MultitouchSupport.framework/Versions/A/MultitouchSupport
0x00007ff81154e000 	/usr/lib/libenergytrace.dylib
0x00007ff80efaa000 	/System/Library/Frameworks/IOKit.framework/Versions/A/IOKit
0x00007ff81d79a000 	/System/Library/Frameworks/CoreServices.framework/Versions/A/CoreServices
0x00007ff813d0d000 	/System/Library/PrivateFrameworks/PerformanceAnalysis.framework/Versions/A/PerformanceAnalysis
0x00007ffa253e7000 	/System/Library/Frameworks/OpenGL.framework/Versions/A/OpenGL
0x00007ff816937000 	/System/Library/PrivateFrameworks/MobileKeyBag.framework/Versions/A/MobileKeyBag
0x00007ff80c489000 	/usr/lib/libobjc.A.dylib
0x00007ff812037000 	/System/Library/Frameworks/ColorSync.framework/Versions/A/ColorSync
0x00007ff80c644000 	/System/Library/Frameworks/CoreFoundation.framework/Versions/A/CoreFoundation
0x00007ff8158cb000 	/System/Library/Frameworks/CoreImage.framework/Versions/A/CoreImage
0x00007ff80dd29000 	/System/Library/Frameworks/CoreText.framework/Versions/A/CoreText
0x00007ff815683000 	/System/Library/Frameworks/ImageIO.framework/Versions/A/ImageIO
0x00007ff817401000 	/System/Library/PrivateFrameworks/SoftLinking.framework/Versions/A/SoftLinking
0x00007ff813dbe000 	/usr/lib/libxml2.2.dylib
0x00007ff80c550000 	/usr/lib/libc++.1.dylib
0x00007ff817685000 	/usr/lib/libcompression.dylib
0x00007ff81913b000 	/System/Library/PrivateFrameworks/TextureIO.framework/Versions/A/TextureIO
0x00007ff817d73000 	/usr/lib/libate.dylib
0x00007ff8173f6000 	/usr/lib/system/libcache.dylib
0x00007ff8173b2000 	/usr/lib/system/libcommonCrypto.dylib
0x00007ff8173db000 	/usr/lib/system/libcompiler_rt.dylib
0x00007ff8173d1000 	/usr/lib/system/libcopyfile.dylib
0x00007ff80c384000 	/usr/lib/system/libcorecrypto.dylib
0x00007ff80c442000 	/usr/lib/system/libdispatch.dylib
0x00007ff80c603000 	/usr/lib/system/libdyld.dylib
0x00007ff8173ed000 	/usr/lib/system/libkeymgr.dylib
0x00007ff817390000 	/usr/lib/system/libmacho.dylib
0x00007ff816a11000 	/usr/lib/system/libquarantine.dylib
0x00007ff8173eb000 	/usr/lib/system/libremovefile.dylib
0x00007ff81159c000 	/usr/lib/system/libsystem_asl.dylib
0x00007ff80c32d000 	/usr/lib/system/libsystem_blocks.dylib
0x00007ff80c4c7000 	/usr/lib/system/libsystem_c.dylib
0x00007ff8173e3000 	/usr/lib/system/libsystem_collections.dylib
0x00007ff815cc5000 	/usr/lib/system/libsystem_configuration.dylib
0x00007ff814f6e000 	/usr/lib/system/libsystem_containermanager.dylib
0x00007ff8170c8000 	/usr/lib/system/libsystem_coreservices.dylib
0x00007ff80ec3a000 	/usr/lib/system/libsystem_darwin.dylib
0x00007ff8173ee000 	/usr/lib/system/libsystem_dnssd.dylib
0x00007ff80c4c4000 	/usr/lib/system/libsystem_featureflags.dylib
0x00007ff80c619000 	/usr/lib/system/libsystem_info.dylib
0x00007ff81732e000 	/usr/lib/system/libsystem_m.dylib
0x00007ff80c416000 	/usr/lib/system/libsystem_malloc.dylib
0x00007ff811537000 	/usr/lib/system/libsystem_networkextension.dylib
0x00007ff80f064000 	/usr/lib/system/libsystem_notify.dylib
0x00007ff81d66f000 	/usr/lib/system/libsystem_product_info_filter.dylib
0x00007ff815cc9000 	/usr/lib/system/libsystem_sandbox.dylib
0x00007ff8173e8000 	/usr/lib/system/libsystem_secinit.dylib
0x00007ff80c5bf000 	/usr/lib/system/libsystem_kernel.dylib
0x00007ff80c60f000 	/usr/lib/system/libsystem_platform.dylib
0x00007ff80c5f7000 	/usr/lib/system/libsystem_pthread.dylib
0x00007ff812dea000 	/usr/lib/system/libsystem_symptoms.dylib
0x00007ff80c36b000 	/usr/lib/system/libsystem_trace.dylib
0x00007ff8173be000 	/usr/lib/system/libunwind.dylib
0x00007ff80c32f000 	/usr/lib/system/libxpc.dylib
0x00007ff80c5a9000 	/usr/lib/libc++abi.dylib
0x00007ff8173c9000 	/usr/lib/liboah.dylib
0x00007ff817b4f000 	/usr/lib/liblzma.5.dylib
0x00007ff80d1d3000 	/System/Library/Frameworks/SystemConfiguration.framework/Versions/A/SystemConfiguration
0x00007ff8173fd000 	/usr/lib/libfakelink.dylib
0x00007ff8110a8000 	/System/Library/Frameworks/CFNetwork.framework/Versions/A/CFNetwork
0x00007ff81753e000 	/usr/lib/libarchive.2.dylib
0x00007ff815cd1000 	/System/Library/PrivateFrameworks/AppleSystemInfo.framework/Versions/A/AppleSystemInfo
0x00007ff816a38000 	/usr/lib/libbsm.0.dylib
0x00007ff8106b7000 	/usr/lib/libnetwork.dylib
0x00007ff817396000 	/usr/lib/system/libkxld.dylib
0x00007ff81666b000 	/System/Library/PrivateFrameworks/IOMobileFramebuffer.framework/Versions/A/IOMobileFramebuffer
0x00007ffb24d9f000 	/usr/lib/libCoreEntitlements.dylib
0x00007ff8170aa000 	/System/Library/PrivateFrameworks/AppleFSCompression.framework/Versions/A/AppleFSCompression
0x00007ff816a20000 	/usr/lib/libcoretls.dylib
0x00007ff817b69000 	/usr/lib/libcoretls_cfhelpers.dylib
0x00007ff81767f000 	/usr/lib/libpam.2.dylib
0x00007ff812a09000 	/usr/lib/libsqlite3.dylib
0x00007ff817bd8000 	/usr/lib/libxar.1.dylib
0x00007ff8170ba000 	/usr/lib/libbz2.1.0.dylib
0x00007ff817402000 	/usr/lib/libpcap.A.dylib
0x00007ff812de2000 	/usr/lib/libdns_services.dylib
0x00007ff81764f000 	/usr/lib/libapple_nghttp2.dylib
0x00007ff81743c000 	/usr/lib/libiconv.2.dylib
0x00007ff81738f000 	/usr/lib/libcharset.1.dylib
0x00007ff813d41000 	/System/Library/Frameworks/CoreServices.framework/Versions/A/Frameworks/FSEvents.framework/Versions/A/FSEvents
0x00007ff80ec44000 	/System/Library/Frameworks/CoreServices.framework/Versions/A/Frameworks/CarbonCore.framework/Versions/A/CarbonCore
0x00007ff81302b000 	/System/Library/Frameworks/CoreServices.framework/Versions/A/Frameworks/Metadata.framework/Versions/A/Metadata
0x00007ff8170cd000 	/System/Library/Frameworks/CoreServices.framework/Versions/A/Frameworks/OSServices.framework/Versions/A/OSServices
0x00007ff8175c4000 	/System/Library/Frameworks/CoreServices.framework/Versions/A/Frameworks/SearchKit.framework/Versions/A/SearchKit
0x00007ff812d74000 	/System/Library/Frameworks/CoreServices.framework/Versions/A/Frameworks/AE.framework/Versions/A/AE
0x00007ff80cb47000 	/System/Library/Frameworks/CoreServices.framework/Versions/A/Frameworks/LaunchServices.framework/Versions/A/LaunchServices
0x00007ff817b00000 	/System/Library/Frameworks/CoreServices.framework/Versions/A/Frameworks/DictionaryServices.framework/Versions/A/DictionaryServices
0x00007ff813d4e000 	/System/Library/Frameworks/CoreServices.framework/Versions/A/Frameworks/SharedFileList.framework/Versions/A/SharedFileList
0x00007ff816a14000 	/usr/lib/libCheckFix.dylib
0x00007ff8115b3000 	/System/Library/PrivateFrameworks/TCC.framework/Versions/A/TCC
0x00007ff815cd7000 	/System/Library/PrivateFrameworks/CoreNLP.framework/Versions/A/CoreNLP
0x00007ff812fdb000 	/System/Library/PrivateFrameworks/MetadataUtilities.framework/Versions/A/MetadataUtilities
0x00007ff80d284000 	/usr/lib/libmecabra.dylib
0x00007ff816a48000 	/usr/lib/libmecab.dylib
0x00007ff80d24f000 	/usr/lib/libCRFSuite.dylib
0x00007ff816aa2000 	/usr/lib/libgermantok.dylib
0x00007ff81762a000 	/usr/lib/libThaiTokenizer.dylib
0x00007ff8130ce000 	/System/Library/Frameworks/Accelerate.framework/Versions/A/Frameworks/vImage.framework/Versions/A/vImage
0x00007ff81d771000 	/System/Library/Frameworks/Accelerate.framework/Versions/A/Frameworks/vecLib.framework/Versions/A/vecLib
0x00007ff817c19000 	/System/Library/Frameworks/Accelerate.framework/Versions/A/Frameworks/vecLib.framework/Versions/A/libvMisc.dylib
0x00007ff816496000 	/System/Library/Frameworks/Accelerate.framework/Versions/A/Frameworks/vecLib.framework/Versions/A/libvDSP.dylib
0x00007ff80cec3000 	/System/Library/Frameworks/Accelerate.framework/Versions/A/Frameworks/vecLib.framework/Versions/A/libBLAS.dylib
0x00007ff817762000 	/System/Library/Frameworks/Accelerate.framework/Versions/A/Frameworks/vecLib.framework/Versions/A/libLAPACK.dylib
0x00007ff816aa5000 	/System/Library/Frameworks/Accelerate.framework/Versions/A/Frameworks/vecLib.framework/Versions/A/libLinearAlgebra.dylib
0x00007ff817667000 	/System/Library/Frameworks/Accelerate.framework/Versions/A/Frameworks/vecLib.framework/Versions/A/libSparseBLAS.dylib
0x00007ff81775c000 	/System/Library/Frameworks/Accelerate.framework/Versions/A/Frameworks/vecLib.framework/Versions/A/libQuadrature.dylib
0x00007ff815dc2000 	/System/Library/Frameworks/Accelerate.framework/Versions/A/Frameworks/vecLib.framework/Versions/A/libBNNS.dylib
0x00007ff80d15d000 	/System/Library/Frameworks/Accelerate.framework/Versions/A/Frameworks/vecLib.framework/Versions/A/libSparse.dylib
0x00007ff815dbb000 	/System/Library/PrivateFrameworks/LinguisticData.framework/Versions/A/LinguisticData
0x00007ff80d113000 	/System/Library/PrivateFrameworks/Lexicon.framework/Versions/A/Lexicon
0x00007ff817c12000 	/usr/lib/libChineseTokenizer.dylib
0x00007ff80d87e000 	/System/Library/PrivateFrameworks/LanguageModeling.framework/Versions/A/LanguageModeling
0x00007ff81762c000 	/System/Library/PrivateFrameworks/AppleSauce.framework/Versions/A/AppleSauce
0x00007ff816659000 	/System/Library/PrivateFrameworks/CoreEmoji.framework/Versions/A/CoreEmoji
0x00007ff81752d000 	/usr/lib/libcmph.dylib
0x00007ff813d25000 	/System/Library/Frameworks/OpenDirectory.framework/Versions/A/Frameworks/CFOpenDirectory.framework/Versions/A/CFOpenDirectory
0x00007ff813d19000 	/System/Library/Frameworks/OpenDirectory.framework/Versions/A/OpenDirectory
0x00007ff817b6b000 	/System/Library/PrivateFrameworks/APFS.framework/Versions/A/APFS
0x00007ff81696f000 	/System/Library/Frameworks/SecurityFoundation.framework/Versions/A/SecurityFoundation
0x00007ff817be6000 	/usr/lib/libutil.dylib
0x00007ff80ef6e000 	/System/Library/PrivateFrameworks/CoreServicesStore.framework/Versions/A/CoreServicesStore
0x00007ff817bea000 	/usr/lib/libxslt.1.dylib
0x00007ff8169fc000 	/System/Library/PrivateFrameworks/BackgroundTaskManagement.framework/Versions/A/BackgroundTaskManagement
0x00007ff81905b000 	/System/Library/Frameworks/ImageIO.framework/Versions/A/Resources/libRadiance.dylib
0x00007ff819064000 	/System/Library/Frameworks/ImageIO.framework/Versions/A/Resources/libJPEG.dylib
0x00007ff818fb3000 	/System/Library/Frameworks/ImageIO.framework/Versions/A/Resources/libPng.dylib
0x00007ff818fd4000 	/System/Library/Frameworks/ImageIO.framework/Versions/A/Resources/libTIFF.dylib
0x00007ff8190c4000 	/System/Library/Frameworks/ImageIO.framework/Versions/A/Resources/libGIF.dylib
0x00007ff8188ed000 	/System/Library/Frameworks/ImageIO.framework/Versions/A/Resources/libJP2.dylib
0x00007ff818028000 	/usr/lib/libexpat.1.dylib
0x00007ff8188a2000 	/System/Library/PrivateFrameworks/AppleJPEG.framework/Versions/A/AppleJPEG
0x00007ff81520b000 	/System/Library/PrivateFrameworks/FontServices.framework/libFontParser.dylib
0x00007ff812d1e000 	/System/Library/PrivateFrameworks/RunningBoardServices.framework/Versions/A/RunningBoardServices
0x00007ff823a3f000 	/System/Library/PrivateFrameworks/IOSurfaceAccelerator.framework/Versions/A/IOSurfaceAccelerator
0x00007ff8189d0000 	/System/Library/PrivateFrameworks/WatchdogClient.framework/Versions/A/WatchdogClient
0x00007ff80d96c000 	/System/Library/Frameworks/CoreDisplay.framework/Versions/A/CoreDisplay
0x00007ff815109000 	/System/Library/Frameworks/CoreMedia.framework/Versions/A/CoreMedia
0x00007ff814f9d000 	/System/Library/PrivateFrameworks/IOAccelerator.framework/Versions/A/IOAccelerator
0x00007ff813ea2000 	/System/Library/Frameworks/CoreVideo.framework/Versions/A/CoreVideo
0x00007ff81767d000 	/System/Library/Frameworks/MetalPerformanceShaders.framework/Versions/A/MetalPerformanceShaders
0x00007ff818a0d000 	/System/Library/Frameworks/VideoToolbox.framework/Versions/A/VideoToolbox
0x00007ff812c68000 	/System/Library/PrivateFrameworks/BaseBoard.framework/Versions/A/BaseBoard
0x00007ff8129ef000 	/System/Library/PrivateFrameworks/ProtocolBuffer.framework/Versions/A/ProtocolBuffer
0x00007ff819054000 	/System/Library/PrivateFrameworks/GPUWrangler.framework/Versions/A/GPUWrangler
0x00007ff819038000 	/System/Library/PrivateFrameworks/IOPresentment.framework/Versions/A/IOPresentment
0x00007ff81905e000 	/System/Library/PrivateFrameworks/DSExternalDisplay.framework/Versions/A/DSExternalDisplay
0x00007ffa253db000 	/System/Library/Frameworks/OpenGL.framework/Versions/A/Libraries/libCoreFSCache.dylib
0x00007ffb124b2000 	/System/Library/PrivateFrameworks/GPUCompiler.framework/Versions/31001/Libraries/libGPUCompilerUtils.dylib
0x00007ff8190c9000 	/System/Library/PrivateFrameworks/CMCaptureCore.framework/Versions/A/CMCaptureCore
0x00007ff8185d1000 	/System/Library/PrivateFrameworks/AppServerSupport.framework/Versions/A/AppServerSupport
0x00007ff81a897000 	/System/Library/PrivateFrameworks/perfdata.framework/Versions/A/perfdata
0x00007ff80da98000 	/System/Library/PrivateFrameworks/AudioToolboxCore.framework/Versions/A/AudioToolboxCore
0x00007ff8150e7000 	/System/Library/PrivateFrameworks/caulk.framework/Versions/A/caulk
0x00007ff81a1a9000 	/usr/lib/libAudioStatistics.dylib
0x00007ff911e9c000 	/System/Library/PrivateFrameworks/SystemPolicy.framework/Versions/A/SystemPolicy
0x00007ff81a404000 	/usr/lib/libSMC.dylib
0x00007ff823337000 	/System/Library/Frameworks/CoreMIDI.framework/Versions/A/CoreMIDI
0x00007ff818f82000 	/usr/lib/libAudioToolboxUtility.dylib
0x00007ff90e0c0000 	/System/Library/PrivateFrameworks/OSAServicesClient.framework/Versions/A/OSAServicesClient
0x00007ff81a8a4000 	/usr/lib/libperfcheck.dylib
0x00007ff91294d000 	/usr/lib/libmis.dylib
0x00007ffa25436000 	/System/Library/Frameworks/OpenGL.framework/Versions/A/Libraries/libGLU.dylib
0x00007ffa253fa000 	/System/Library/Frameworks/OpenGL.framework/Versions/A/Libraries/libGFXShared.dylib
0x00007ffa25603000 	/System/Library/Frameworks/OpenGL.framework/Versions/A/Libraries/libGL.dylib
0x00007ffa25403000 	/System/Library/Frameworks/OpenGL.framework/Versions/A/Libraries/libGLImage.dylib
0x00007ffa253f7000 	/System/Library/Frameworks/OpenGL.framework/Versions/A/Libraries/libCVMSPluginSupport.dylib
0x00007ffa253e2000 	/System/Library/Frameworks/OpenGL.framework/Versions/A/Libraries/libCoreVMClient.dylib
0x00007ff815c53000 	/System/Library/Frameworks/MetalPerformanceShaders.framework/Versions/A/Frameworks/MPSCore.framework/Versions/A/MPSCore
0x00007ff817015000 	/System/Library/Frameworks/MetalPerformanceShaders.framework/Versions/A/Frameworks/MPSImage.framework/Versions/A/MPSImage
0x00007ff816abb000 	/System/Library/Frameworks/MetalPerformanceShaders.framework/Versions/A/Frameworks/MPSNeuralNetwork.framework/Versions/A/MPSNeuralNetwork
0x00007ff816f2f000 	/System/Library/Frameworks/MetalPerformanceShaders.framework/Versions/A/Frameworks/MPSMatrix.framework/Versions/A/MPSMatrix
0x00007ff816cea000 	/System/Library/Frameworks/MetalPerformanceShaders.framework/Versions/A/Frameworks/MPSRayIntersector.framework/Versions/A/MPSRayIntersector
0x00007ff816f67000 	/System/Library/Frameworks/MetalPerformanceShaders.framework/Versions/A/Frameworks/MPSNDArray.framework/Versions/A/MPSNDArray
0x00007ffa2aebb000 	/System/Library/Frameworks/MetalPerformanceShaders.framework/Versions/A/Frameworks/MPSFunctions.framework/Versions/A/MPSFunctions
0x00007ff80cd9f000 	/System/Library/PrivateFrameworks/MetalTools.framework/Versions/A/MetalTools
0x00007ff815ccf000 	/System/Library/PrivateFrameworks/AggregateDictionary.framework/Versions/A/AggregateDictionary
0x00007ff817e0a000 	/usr/lib/libIOReport.dylib
0x00007ffa26a12000 	/System/Library/Frameworks/OpenCL.framework/Versions/A/OpenCL
0x00007ff81816f000 	/System/Library/PrivateFrameworks/FaceCore.framework/Versions/A/FaceCore
0x00007ff818160000 	/System/Library/PrivateFrameworks/GraphVisualizer.framework/Versions/A/GraphVisualizer
0x00007ffb123bd000 	/System/Library/PrivateFrameworks/FontServices.framework/Versions/A/FontServices
0x00007ff818589000 	/System/Library/PrivateFrameworks/OTSVG.framework/Versions/A/OTSVG
0x00007ff813a88000 	/System/Library/Frameworks/ApplicationServices.framework/Versions/A/Frameworks/ATS.framework/Versions/A/Resources/libFontRegistry.dylib
0x00007ff8185d9000 	/System/Library/PrivateFrameworks/FontServices.framework/libhvf.dylib
0x00007ffb123be000 	/System/Library/PrivateFrameworks/FontServices.framework/libXTFontStaticRegistryData.dylib
0x00007ff817fd8000 	/System/Library/PrivateFrameworks/AppleVA.framework/Versions/A/AppleVA
0x00007ff81a1c9000 	/System/Library/Frameworks/ApplicationServices.framework/Versions/A/Frameworks/ATS.framework/Versions/A/ATS
0x00007ff812135000 	/System/Library/Frameworks/ApplicationServices.framework/Versions/A/Frameworks/HIServices.framework/Versions/A/HIServices
0x00007ff8190d3000 	/System/Library/Frameworks/ApplicationServices.framework/Versions/A/Frameworks/PrintCore.framework/Versions/A/PrintCore
0x00007ff81a557000 	/System/Library/Frameworks/ApplicationServices.framework/Versions/A/Frameworks/QD.framework/Versions/A/QD
0x00007ff81a54f000 	/System/Library/Frameworks/ApplicationServices.framework/Versions/A/Frameworks/ColorSyncLegacy.framework/Versions/A/ColorSyncLegacy
0x00007ff81a1b9000 	/System/Library/Frameworks/ApplicationServices.framework/Versions/A/Frameworks/SpeechSynthesis.framework/Versions/A/SpeechSynthesis
0x00007ff819094000 	/System/Library/Frameworks/ApplicationServices.framework/Versions/A/Frameworks/ATSUI.framework/Versions/A/ATSUI
0x00007ff81a4e4000 	/usr/lib/libcups.2.dylib
0x00007ff81a8b3000 	/System/Library/Frameworks/Kerberos.framework/Versions/A/Kerberos
0x00007ff81a8c2000 	/System/Library/Frameworks/GSS.framework/Versions/A/GSS
0x00007ff81a235000 	/usr/lib/libresolv.9.dylib
0x00007ff8185e8000 	/System/Library/PrivateFrameworks/Heimdal.framework/Versions/A/Heimdal
0x00007ff8214ba000 	/System/Library/Frameworks/Kerberos.framework/Versions/A/Libraries/libHeimdalProxy.dylib
0x00007ff812df2000 	/System/Library/Frameworks/Network.framework/Versions/A/Network
0x00007ff818043000 	/usr/lib/libheimdal-asn1.dylib
0x00007ff81a90d000 	/System/Library/PrivateFrameworks/CommonAuth.framework/Versions/A/CommonAuth
0x00007ff81a13b000 	/System/Library/PrivateFrameworks/AudioSession.framework/Versions/A/AudioSession
0x00007ff8180d3000 	/System/Library/PrivateFrameworks/MediaExperience.framework/Versions/A/MediaExperience
0x00007ff819fcd000 	/System/Library/PrivateFrameworks/AudioSession.framework/libSessionUtility.dylib
0x00007ff81a563000 	/System/Library/PrivateFrameworks/AudioResourceArbitration.framework/Versions/A/AudioResourceArbitration
0x00007ff81e5e4000 	/System/Library/PrivateFrameworks/PowerLog.framework/Versions/A/PowerLog
0x00007ff81804c000 	/System/Library/PrivateFrameworks/IconFoundation.framework/Versions/A/IconFoundation
0x00007ff81d39a000 	/System/Library/PrivateFrameworks/SpeechRecognitionCore.framework/Versions/A/SpeechRecognitionCore
0x00000001118c7000 	/Users/DORCH/.vscode/extensions/redhat.java-1.41.1-darwin-x64/jre/21.0.6-macosx-x86_64/lib/server/libjvm.dylib
0x000000010d5c1000 	/Users/DORCH/.vscode/extensions/redhat.java-1.41.1-darwin-x64/jre/21.0.6-macosx-x86_64/lib/libjimage.dylib
0x000000010d5e4000 	/Users/DORCH/.vscode/extensions/redhat.java-1.41.1-darwin-x64/jre/21.0.6-macosx-x86_64/lib/libinstrument.dylib
0x000000010d622000 	/Users/DORCH/.vscode/extensions/redhat.java-1.41.1-darwin-x64/jre/21.0.6-macosx-x86_64/lib/libjava.dylib
0x000000010d7a1000 	/Users/DORCH/.vscode/extensions/redhat.java-1.41.1-darwin-x64/jre/21.0.6-macosx-x86_64/lib/libzip.dylib
0x000000010d7c9000 	/Users/DORCH/.vscode/extensions/redhat.java-1.41.1-darwin-x64/jre/21.0.6-macosx-x86_64/lib/libnio.dylib
0x000000010d78d000 	/Users/DORCH/.vscode/extensions/redhat.java-1.41.1-darwin-x64/jre/21.0.6-macosx-x86_64/lib/libnet.dylib
0x000000010fe42000 	/Users/DORCH/.vscode/extensions/redhat.java-1.41.1-darwin-x64/jre/21.0.6-macosx-x86_64/lib/libverify.dylib
0x000000010fe77000 	/Users/DORCH/Library/Application Support/Code/User/globalStorage/redhat.java/1.41.1/config_mac/org.eclipse.equinox.launcher/org.eclipse.equinox.launcher.cocoa.macosx.x86_64_1.2.1300.v20250331-1702/eclipse_11911.so
0x00007ff80ef30000 	/System/Library/PrivateFrameworks/CoreServicesInternal.framework/Versions/A/CoreServicesInternal
0x00007ff81ebd5000 	/System/Library/Frameworks/FileProvider.framework/Versions/A/FileProvider
0x00007ff812bd5000 	/System/Library/Frameworks/Accounts.framework/Versions/A/Accounts
0x00007ff81ed4e000 	/System/Library/PrivateFrameworks/GenerationalStorage.framework/Versions/A/GenerationalStorage
0x00007ff81f85f000 	/System/Library/PrivateFrameworks/CoreSymbolication.framework/Versions/A/CoreSymbolication
0x00007ff81e5d9000 	/System/Library/PrivateFrameworks/SymptomDiagnosticReporter.framework/Versions/A/SymptomDiagnosticReporter
0x00007ff8101f5000 	/System/Library/PrivateFrameworks/DesktopServicesPriv.framework/Versions/A/DesktopServicesPriv
0x00007ff80f073000 	/usr/lib/libsandbox.1.dylib
0x00007ff813f21000 	/System/Library/PrivateFrameworks/UserManagement.framework/Versions/A/UserManagement
0x00007ff81f824000 	/System/Library/PrivateFrameworks/DebugSymbols.framework/Versions/A/DebugSymbols
0x00007ff81a544000 	/System/Library/PrivateFrameworks/NetAuth.framework/Versions/A/NetAuth
0x00007ff81b453000 	/System/Library/PrivateFrameworks/Sharing.framework/Versions/A/Sharing
0x00007ff813ef4000 	/System/Library/PrivateFrameworks/login.framework/Versions/A/Frameworks/loginsupport.framework/Versions/A/loginsupport
0x00007ff8209c2000 	/System/Library/PrivateFrameworks/Apple80211.framework/Versions/A/Apple80211
0x00007ff8170fa000 	/System/Library/PrivateFrameworks/AuthKit.framework/Versions/A/AuthKit
0x00007ff81674f000 	/System/Library/PrivateFrameworks/CoreUtils.framework/Versions/A/CoreUtils
0x00007ff816676000 	/System/Library/Frameworks/CoreWLAN.framework/Versions/A/CoreWLAN
0x00007ff81b5b2000 	/System/Library/Frameworks/IOBluetooth.framework/Versions/A/IOBluetooth
0x00007ff820a2a000 	/System/Library/PrivateFrameworks/CoreWiFi.framework/Versions/A/CoreWiFi
0x00007ff81f3f8000 	/System/Library/PrivateFrameworks/FrontBoardServices.framework/Versions/A/FrontBoardServices
0x00007ff81f489000 	/System/Library/PrivateFrameworks/BoardServices.framework/Versions/A/BoardServices
0x00007ff81695e000 	/System/Library/PrivateFrameworks/AssertionServices.framework/Versions/A/AssertionServices
0x00007ff820bad000 	/System/Library/PrivateFrameworks/BackBoardServices.framework/Versions/A/BackBoardServices
0x00007ff81a99e000 	/System/Library/PrivateFrameworks/CorePhoneNumbers.framework/Versions/A/CorePhoneNumbers
0x00007ff81a262000 	/System/Library/PrivateFrameworks/MultiverseSupport.framework/Versions/A/MultiverseSupport
0x00007ff820e21000 	/System/Library/PrivateFrameworks/RemoteServiceDiscovery.framework/Versions/A/RemoteServiceDiscovery
0x00007ff81e6f6000 	/System/Library/PrivateFrameworks/DiskManagement.framework/Versions/A/DiskManagement
0x00007ff81e60a000 	/System/Library/PrivateFrameworks/AppleIDAuthSupport.framework/Versions/A/AppleIDAuthSupport
0x00007ffb0cd39000 	/System/Library/PrivateFrameworks/AAAFoundation.framework/Versions/A/AAAFoundation
0x00007ff81a97f000 	/System/Library/PrivateFrameworks/KeychainCircle.framework/Versions/A/KeychainCircle
0x00007ff820e31000 	/System/Library/PrivateFrameworks/RemoteXPC.framework/Versions/A/RemoteXPC
0x00007ff81e6c2000 	/System/Library/PrivateFrameworks/MediaKit.framework/Versions/A/MediaKit
0x00007ff81e616000 	/System/Library/Frameworks/DiscRecording.framework/Versions/A/DiscRecording
0x00007ff817f50000 	/usr/lib/libCoreStorage.dylib
0x00007ff820e9c000 	/usr/lib/libcsfde.dylib
0x00007ff81b67f000 	/System/Library/PrivateFrameworks/ProtectedCloudStorage.framework/Versions/A/ProtectedCloudStorage
0x00007ff820e98000 	/System/Library/PrivateFrameworks/EFILogin.framework/Versions/A/EFILogin
0x00007ff81ed74000 	/System/Library/PrivateFrameworks/OctagonTrust.framework/Versions/A/OctagonTrust
0x00007ffb11621000 	/System/Library/PrivateFrameworks/CoreUtilsExtras.framework/Versions/A/CoreUtilsExtras
0x00007ff81e53d000 	/System/Library/Frameworks/CoreBluetooth.framework/Versions/A/CoreBluetooth
0x00007ff82153f000 	/System/Library/Frameworks/AudioUnit.framework/Versions/A/AudioUnit
0x00007ff817f48000 	/usr/lib/libMatch.1.dylib
0x00007ff813c19000 	/System/Library/PrivateFrameworks/ViewBridge.framework/Versions/A/ViewBridge


VM Arguments:
jvm_args: --add-modules=ALL-SYSTEM --add-opens=java.base/java.util=ALL-UNNAMED --add-opens=java.base/java.lang=ALL-UNNAMED --add-opens=java.base/sun.nio.fs=ALL-UNNAMED -Declipse.application=org.eclipse.jdt.ls.core.id1 -Dosgi.bundles.defaultStartLevel=4 -Declipse.product=org.eclipse.jdt.ls.core.product -Djava.import.generatesMetadataFilesAtProjectRoot=false -DDetectVMInstallationsJob.disabled=true -Dfile.encoding=utf8 -XX:+UseParallelGC -XX:GCTimeRatio=4 -XX:AdaptiveSizePolicyWeight=90 -Dsun.zip.disableMemoryMapping=true -Xmx1G -Xms100m -Xlog:disable -javaagent:/Users/DORCH/.vscode/extensions/redhat.java-1.41.1-darwin-x64/lombok/lombok-1.18.36.jar -XX:+HeapDumpOnOutOfMemoryError -XX:HeapDumpPath=/Users/DORCH/Library/Application Support/Code/User/workspaceStorage/d66d673c26d7ecf6c09be78263b33477/redhat.java -Daether.dependencyCollector.impl=bf 
java_command: /Users/DORCH/.vscode/extensions/redhat.java-1.41.1-darwin-x64/server/plugins/org.eclipse.equinox.launcher_1.7.0.v20250331-1702.jar -configuration /Users/DORCH/Library/Application Support/Code/User/globalStorage/redhat.java/1.41.1/config_mac -data /Users/DORCH/Library/Application Support/Code/User/workspaceStorage/d66d673c26d7ecf6c09be78263b33477/redhat.java/jdt_ws --pipe=/private/var/folders/75/6dsz66sx1mvcjz4f5gkkvz9r0000gn/T/lsp-c568e707024dd352c5a8eb61b184ca51.sock
java_class_path (initial): /Users/DORCH/.vscode/extensions/redhat.java-1.41.1-darwin-x64/server/plugins/org.eclipse.equinox.launcher_1.7.0.v20250331-1702.jar
Launcher Type: SUN_STANDARD

[Global flags]
    uintx AdaptiveSizePolicyWeight                 = 90                                        {product} {command line}
     intx CICompilerCount                          = 3                                         {product} {ergonomic}
    uintx GCTimeRatio                              = 4                                         {product} {command line}
     bool HeapDumpOnOutOfMemoryError               = true                                   {manageable} {command line}
    ccstr HeapDumpPath                             = /Users/DORCH/Library/Application Support/Code/User/workspaceStorage/d66d673c26d7ecf6c09be78263b33477/redhat.java         {manageable} {command line}
   size_t InitialHeapSize                          = 104857600                                 {product} {command line}
   size_t MaxHeapSize                              = 1073741824                                {product} {command line}
   size_t MaxNewSize                               = 357564416                                 {product} {ergonomic}
   size_t MinHeapDeltaBytes                        = 524288                                    {product} {ergonomic}
   size_t MinHeapSize                              = 104857600                                 {product} {command line}
   size_t NewSize                                  = 34603008                                  {product} {ergonomic}
    uintx NonNMethodCodeHeapSize                   = 5832780                                {pd product} {ergonomic}
    uintx NonProfiledCodeHeapSize                  = 122912730                              {pd product} {ergonomic}
   size_t OldSize                                  = 70254592                                  {product} {ergonomic}
    uintx ProfiledCodeHeapSize                     = 122912730                              {pd product} {ergonomic}
    uintx ReservedCodeCacheSize                    = 251658240                              {pd product} {ergonomic}
     bool SegmentedCodeCache                       = true                                      {product} {ergonomic}
   size_t SoftMaxHeapSize                          = 1073741824                             {manageable} {ergonomic}
     bool UseCompressedOops                        = true                           {product lp64_product} {ergonomic}
     bool UseNUMA                                  = false                                     {product} {ergonomic}
     bool UseNUMAInterleaving                      = false                                     {product} {ergonomic}
     bool UseParallelGC                            = true                                      {product} {command line}

Logging:
Log output configuration:
 #0: stdout all=off uptime,level,tags foldmultilines=false
 #1: stderr all=off uptime,level,tags foldmultilines=false

Environment Variables:
PATH=/Library/Frameworks/Python.framework/Versions/3.8/bin:/usr/local/bin:/usr/bin:/bin:/usr/sbin:/sbin:/opt/X11/bin
SHELL=/bin/bash
TMPDIR=/var/folders/75/6dsz66sx1mvcjz4f5gkkvz9r0000gn/T/

Active Locale:
LC_ALL=C
LC_COLLATE=C
LC_CTYPE=C
LC_MESSAGES=C
LC_MONETARY=C
LC_NUMERIC=C
LC_TIME=C

Signal Handlers:
   SIGSEGV: crash_handler in libjvm.dylib, mask=11100110000111110111111111111111, flags=SA_ONSTACK|SA_RESTART|SA_SIGINFO, unblocked
    SIGBUS: crash_handler in libjvm.dylib, mask=11100110000111110111111111111111, flags=SA_RESTART|SA_SIGINFO, unblocked
    SIGFPE: crash_handler in libjvm.dylib, mask=11100110000111110111111111111111, flags=SA_RESTART|SA_SIGINFO, unblocked
   SIGPIPE: javaSignalHandler in libjvm.dylib, mask=11100110000111110111111111111111, flags=SA_RESTART|SA_SIGINFO, blocked
   SIGXFSZ: javaSignalHandler in libjvm.dylib, mask=11100110000111110111111111111111, flags=SA_RESTART|SA_SIGINFO, blocked
    SIGILL: crash_handler in libjvm.dylib, mask=11100110000111110111111111111111, flags=SA_RESTART|SA_SIGINFO, unblocked
   SIGUSR2: SR_handler in libjvm.dylib, mask=00000000000000000000000000000000, flags=SA_RESTART|SA_SIGINFO, blocked
    SIGHUP: UserHandler in libjvm.dylib, mask=11100110000111110111111111111111, flags=SA_RESTART|SA_SIGINFO, blocked
    SIGINT: UserHandler in libjvm.dylib, mask=11100110000111110111111111111111, flags=SA_RESTART|SA_SIGINFO, blocked
   SIGTERM: UserHandler in libjvm.dylib, mask=11100110000111110111111111111111, flags=SA_RESTART|SA_SIGINFO, blocked
   SIGQUIT: UserHandler in libjvm.dylib, mask=11100110000111110111111111111111, flags=SA_RESTART|SA_SIGINFO, blocked
   SIGTRAP: crash_handler in libjvm.dylib, mask=11100110000111110111111111111111, flags=SA_RESTART|SA_SIGINFO, unblocked


Periodic native trim disabled

---------------  S Y S T E M  ---------------

OS:
uname: Darwin 21.6.0 Darwin Kernel Version 21.6.0: Sun Dec 17 22:55:27 PST 2023; root:xnu-8020.240.18.706.2~1/RELEASE_X86_64 x86_64
OS uptime: 0 days 0:02 hours
rlimit (soft/hard): STACK 8192k/65532k , CORE 0k/infinity , NPROC 1392/2088 , NOFILE 1048576/infinity , AS infinity/infinity , CPU infinity/infinity , DATA infinity/infinity , FSIZE infinity/infinity , MEMLOCK infinity/infinity , RSS infinity/infinity
load average: 11.56 10.59 4.87

CPU: total 4 (initial active 4) (2 cores per cpu, 2 threads per core) family 6 model 61 stepping 4 microcode 0x2f, cx8, cmov, fxsr, ht, mmx, 3dnowpref, sse, sse2, sse3, ssse3, sse4.1, sse4.2, popcnt, lzcnt, tsc, tscinvbit, avx, avx2, aes, erms, clmul, bmi1, bmi2, adx, fma, vzeroupper, clflush, rdtscp, f16c
machdep.cpu.brand_string:Intel(R) Core(TM) i5-5257U CPU @ 2.70GHz
hw.cpufrequency:2700000000
hw.cpufrequency_min:2700000000
hw.cpufrequency_max:2700000000
hw.cachelinesize:64
hw.l1icachesize:32768
hw.l1dcachesize:32768
hw.l2cachesize:262144
hw.l3cachesize:3145728

Memory: 4k page, physical 8388608k(2475264k free), swap 0k(0k free)

vm_info: OpenJDK 64-Bit Server VM (21.0.6+7-LTS) for bsd-amd64 JRE (21.0.6+7-LTS), built on 2025-01-21T00:00:00Z by "admin" with clang Apple LLVM 15.0.0 (clang-1500.1.0.2.5)

END.
